[INFO 2026-03-02T19:17:20.708897800] (* ^ ω ^) / Main Loader Class \ (^ ω ^ *) File logging initialized
[INFO 2026-03-02T19:17:20.773737900] (* ^ ω ^) / Main Loader Class \ (^ ω ^ *) Root stage reference set
[INFO 2026-03-02T19:17:20.827950600] (* ^ ω ^) / Main Loader Class \ (^ ω ^ *) Main scene created with root node
[INFO 2026-03-02T19:17:20.835876] (* ^ ω ^) / Main Loader Class \ (^ ω ^ *) Stage configured with title: Ebanina (Mizuki): v1.4.7 - Mizuki - [rf.ebanina.ebanina.Music.start(Music.java:311)] :: 2026-03-02T19:17:20.828860200[INFO] (* ^ ω ^) / Main Loader Class \ (^ ω ^ *) Window geometry restored from session
[INFO 2026-03-02T19:17:21.015182] (* ^ ω ^) / Main Loader Class \ (^ ω ^ *) Stage displayed with max constraints
[INFO 2026-03-02T19:17:21.017179800] (* ^ ω ^) / Main Loader Class \ (^ ω ^ *) Animations controller initialized
[INFO 2026-03-02T19:17:21.018179800] (* ^ ω ^) / Main Loader Class \ (^ ω ^ *) Exit event handler registered
[INFO 2026-03-02T19:17:21.085749900] (* ^ ω ^) / Main Loader Class \ (^ ω ^ *) Configuration FXML converter executed
[INFO 2026-03-02T19:17:21.085749900] (* ^ ω ^) / Main Loader Class \ (^ ω ^ *) Playlist cursorus prepare
[INFO 2026-03-02T19:17:21.304269100] (* ^ ω ^) / Main Loader Class \ (^ ω ^ *) GlobalScreen native hook registered successfully
[INFO 2026-03-02T19:17:21.306269600] (* ^ ω ^) / Main Loader Class \ (^ ω ^ *) KeyBindingController initialized and listeners registered
[PROFILER 2026-03-02T19:17:21.310268800] (* ^ ω ^) / Main Loader Class \ (^ ω ^ *) 1_772_468_241_309 * Root UI initialization start
[PROFILER 2026-03-02T19:17:21.513918500] (* ^ ω ^) / Main Loader Class \ (^ ω ^ *) 1_772_468_241_512 (Δ 203 ms) * Root UI initialization complete
[INFO 2026-03-02T19:17:21.519918600] (* ^ ω ^) / Main Loader Class \ (^ ω ^ *) Media cache (global map) initialized
[INFO 2026-03-02T19:17:21.594925500] (* ^ ω ^) / Main Loader Class \ (^ ω ^ *) Current track media loaded
[INFO 2026-03-02T19:17:21.598921400] (* ^ ω ^) / Main Loader Class \ (^ ω ^ *) MediaPlayer updated with new track
[INFO 2026-03-02T19:17:21.745989900] (* ^ ω ^) / Main Loader Class \ (^ ω ^ *) Root UI final setup complete
[INFO 2026-03-02T19:17:21.759119300] (* ^ ω ^) / Main Loader Class \ (^ ω ^ *) All UI handlers initialized
[INFO 2026-03-02T19:17:21.759990600] (* ^ ω ^) / Main Loader Class \ (^ ω ^ *) MediaProcessor fully initialized
[INFO 2026-03-02T19:17:21.762992800] (* ^ ω ^) / Main Loader Class \ (^ ω ^ *) Scene finalized and key listeners setup
[INFO 2026-03-02T19:17:21.769992600] (* ^ ω ^) / Main Loader Class \ (^ ω ^ *) User session loaded
[INFO 2026-03-02T19:17:21.772994500] (* ^ ω ^) / Main Loader Class \ (^ ω ^ *) All mods loaded from folder
[ERROR 2026-03-02T19:17:21.841514200] (* ^ ω ^) / Main Loader Class \ (^ ω ^ *) java.base/sun.nio.ch.UnixDomainSockets.connect0(Native Method)
[ERROR 2026-03-02T19:17:21.842513600] (* ^ ω ^) / Main Loader Class \ (^ ω ^ *) java.base/sun.nio.ch.UnixDomainSockets.connect(UnixDomainSockets.java:154)
[ERROR 2026-03-02T19:17:21.843514300] (* ^ ω ^) / Main Loader Class \ (^ ω ^ *) java.base/sun.nio.ch.UnixDomainSockets.connect(UnixDomainSockets.java:150)
[ERROR 2026-03-02T19:17:21.844514500] (* ^ ω ^) / Main Loader Class \ (^ ω ^ *) java.base/sun.nio.ch.SocketChannelImpl.connect(SocketChannelImpl.java:878)
[ERROR 2026-03-02T19:17:21.844514500] (* ^ ω ^) / Main Loader Class \ (^ ω ^ *) java.base/java.nio.channels.SocketChannel.open(SocketChannel.java:285)
[ERROR 2026-03-02T19:17:21.845514] (* ^ ω ^) / Main Loader Class \ (^ ω ^ *) rf.ebanina.ebanina.Player.AudioPlugins.PluginWrapper.sendRequest(PluginWrapper.java:44)
[ERROR 2026-03-02T19:17:21.845514] (* ^ ω ^) / Main Loader Class \ (^ ω ^ *) rf.ebanina.ebanina.Music.start(Music.java:510)
[ERROR 2026-03-02T19:17:21.846515100] (* ^ ω ^) / Main Loader Class \ (^ ω ^ *) javafx.graphics/com.sun.javafx.application.LauncherImpl.lambda$launchApplication1$9(LauncherImpl.java:847)
[ERROR 2026-03-02T19:17:21.846515100] (* ^ ω ^) / Main Loader Class \ (^ ω ^ *) javafx.graphics/com.sun.javafx.application.PlatformImpl.lambda$runAndWait$12(PlatformImpl.java:484)
[ERROR 2026-03-02T19:17:21.847514400] (* ^ ω ^) / Main Loader Class \ (^ ω ^ *) javafx.graphics/com.sun.javafx.application.PlatformImpl.lambda$runLater$10(PlatformImpl.java:457)
[ERROR 2026-03-02T19:17:21.847514400] (* ^ ω ^) / Main Loader Class \ (^ ω ^ *) java.base/java.security.AccessController.doPrivileged(AccessController.java:400)
[ERROR 2026-03-02T19:17:21.848514400] (* ^ ω ^) / Main Loader Class \ (^ ω ^ *) javafx.graphics/com.sun.javafx.application.PlatformImpl.lambda$runLater$11(PlatformImpl.java:456)
[ERROR 2026-03-02T19:17:21.848514400] (* ^ ω ^) / Main Loader Class \ (^ ω ^ *) javafx.graphics/com.sun.glass.ui.InvokeLaterDispatcher$Future.run(InvokeLaterDispatcher.java:96)
[ERROR 2026-03-02T19:17:21.849512600] (* ^ ω ^) / Main Loader Class \ (^ ω ^ *) javafx.graphics/com.sun.glass.ui.win.WinApplication._runLoop(Native Method)
[ERROR 2026-03-02T19:17:21.849512600] (* ^ ω ^) / Main Loader Class \ (^ ω ^ *) javafx.graphics/com.sun.glass.ui.win.WinApplication.lambda$runLoop$3(WinApplication.java:184)
[ERROR 2026-03-02T19:17:21.849512600] (* ^ ω ^) / Main Loader Class \ (^ ω ^ *) java.base/java.lang.Thread.run(Thread.java:1583)
[PROFILER 2026-03-02T19:17:21.850514700] (* ^ ω ^) / Main Loader Class \ (^ ω ^ *) 1_772_468_241_850 (Δ 338 ms) * Application ENDUP Time
SUCCESS: 78581 bytes
Preview: {"tracks":{"href":"https://api.spotify.com/v1/search?offset=0&limit=20&query=06.%20DJ%20Squeeky%20-%20Victim%20Of%20A%20%20Pimp%20Shit.wav&type=track&locale=*","limit":20,"next":"https://api.spotify.c
SUCCESS: 78581 bytes
Preview: {"tracks":{"href":"https://api.spotify.com/v1/search?offset=0&limit=20&query=06.%20DJ%20Squeeky%20-%20Victim%20Of%20A%20%20Pimp%20Shit.wav&type=track&locale=*","limit":20,"next":"https://api.spotify.c
[INFO 2026-03-02T19:18:15.171487200] (* ^ ω ^) / Main Loader Class \ (^ ω ^ *) Focus lost - Track title: Archez - Suxcess - [rf.ebanina.ebanina.Music.lambda$start$2(Music.java:354)] :: 2026-03-02T19:17:27.688487300[INFO] (* ^ ω ^) / Main Loader Class \ (^ ω ^ *) Focus gained - App title restored
[INFO 2026-03-02T19:18:18.803449200] (* ^ ω ^) / Main Loader Class \ (^ ω ^ *) Focus lost - Track title: Archez - Suxcess - [rf.ebanina.ebanina.Music.lambda$start$2(Music.java:354)] :: 2026-03-02T19:18:16.032600300[INFO] [https://rus.hitmotop.com/get/music/20180420/Ghostemane_-_Rapture_55409360.mp3, https://rus.hitmotop.com/get/music/20190608/Ghostemane_-_Rapture_64879929.mp3, https://rus.hitmotop.com/get/music/20190924/Ghostemane_-_Rapture_66722716.mp3, https://rus.hitmotop.com/get/music/20201113/Ghostemane_-_Rapture_71598543.mp3, https://rus.hitmotop.com/get/music/20250803/Ghostemane_-_Rapture_79366741.mp3]
[INFO 2026-03-02T19:18:19.221618300] [https://rus.hitmotop.com/get/music/20180420/Ghostemane_-_Rapture_55409360.mp3, https://rus.hitmotop.com/get/music/20190608/Ghostemane_-_Rapture_64879929.mp3, https://rus.hitmotop.com/get/music/20190924/Ghostemane_-_Rapture_66722716.mp3, https://rus.hitmotop.com/get/music/20201113/Ghostemane_-_Rapture_71598543.mp3, https://rus.hitmotop.com/get/music/20250803/Ghostemane_-_Rapture_79366741.mp3]
[INFO 2026-03-02T19:18:26.387586500] (* ^ ω ^) / Main Loader Class \ (^ ω ^ *) Focus gained - App title restored
[INFO 2026-03-02T19:18:27.041700800SUCCESS: 76310 bytes] (* ^ ω ^) / Main Loader Class \ (^ ω ^ *) Focus lost - Track title: Archez - Suxcess
Preview: {"tracks":{"href":"https://api.spotify.com/v1/search?offset=0&limit=20&query=Ghostemane%20-%20Rapture&type=track&locale=*","limit":20,"next":"https://api.spotify.com/v1/search?offset=20&limit=20&query
[INFO 2026-03-02T19:20:19.133176700] (* ^ ω ^) / Main Loader Class \ (^ ω ^ *) Focus gained - App title restored
[INFO 2026-03-02T19:27:06.800437] (* ^ ω ^) / Main Loader Class \ (^ ω ^ *) Focus lost - Track title: Ghostemane - Euronymous - [rf.ebanina.ebanina.Music.lambda$start$2(Music.java:354)] :: 2026-03-02T19:20:28.070047[INFO] (* ^ ω ^) / Main Loader Class \ (^ ω ^ *) Focus gained - App title restored
[INFO 2026-03-02T19:27:23.263168700] (* ^ ω ^) / Main Loader Class \ (^ ω ^ *) Focus lost - Track title: Ghostemane - Euronymous - [rf.ebanina.ebanina.Music.lambda$start$2(Music.java:354)] :: 2026-03-02T19:27:11.789279900[INFO] (* ^ ω ^) / Main Loader Class \ (^ ω ^ *) Focus gained - App title restored
[INFO 2026-03-02T19:27:24.998684200] (* ^ ω ^) / Main Loader Class \ (^ ω ^ *) Focus lost - Track title: Ghostemane - Euronymous - [rf.ebanina.ebanina.Music.lambda$start$2(Music.java:354)] :: 2026-03-02T19:27:23.855746600[INFO] [https://rus.hitmotop.com/get/music/20180420/Ghostemane_-_Cult_of_Thoth_55409361.mp3, https://rus.hitmotop.com/get/music/20190522/Ghostemane_-_Cult_Of_Thoth_64408389.mp3]
[INFO 2026-03-02T19:27:25.293192200] [https://rus.hitmotop.com/get/music/20180420/Ghostemane_-_Cult_of_Thoth_55409361.mp3, https://rus.hitmotop.com/get/music/20190522/Ghostemane_-_Cult_Of_Thoth_64408389.mp3]
SUCCESS: 76338 bytes
Preview: {"tracks":{"href":"https://api.spotify.com/v1/search?offset=0&limit=20&query=Ghostemane%20-%20Cult%20of%20Thoth&type=track&locale=*","limit":20,"next":"https://api.spotify.com/v1/search?offset=20&limi
[INFO 2026-03-02T19:27:35.835085600] (* ^ ω ^) / Main Loader Class \ (^ ω ^ *) Focus gained - App title restored
[INFO 2026-03-02T19:27:37.422083800] (* ^ ω ^) / Main Loader Class \ (^ ω ^ *) Focus lost - Track title: Ghostemane - Euronymous - [rf.ebanina.ebanina.Music.lambda$start$2(Music.java:354)] :: 2026-03-02T19:27:36.510929500[INFO] [https://rus.hitmotop.com/get/music/20180420/Ghostemane_-_Wishers_Lose_Copper_Dreamers_Lose_Everything_55409362.mp3, https://rus.hitmotop.com/get/music/20191119/Ghostemane_-_Wishers_Lose_Copper_Dreamers_Lose_Everything_67332773.mp3]
[INFO 2026-03-02T19:27:37.578995900] [https://rus.hitmotop.com/get/music/20180420/Ghostemane_-_Wishers_Lose_Copper_Dreamers_Lose_Everything_55409362.mp3, https://rus.hitmotop.com/get/music/20191119/Ghostemane_-_Wishers_Lose_Copper_Dreamers_Lose_Everything_67332773.mp3]
SUCCESS: 76160 bytes
Preview: {"tracks":{"href":"https://api.spotify.com/v1/search?offset=0&limit=20&query=Ghostemane%20-%20Wishers%20Lose%20Copper%20Dreamers%20Lose%20Everything&type=track&locale=*","limit":20,"next":"https://api
[INFO 2026-03-02T19:27:48.437675400] [https://rus.hitmotop.com/get/music/20180420/Ghostemane_-_Plague_Dr_Mask_II_55409365.mp3, https://rus.hitmotop.com/get/music/20251210/Ghostemane_-_Plague_Dr_Mask_II_80423859.mp3, https://rus.hitmotop.com/get/music/20190928/MADCVM_x_GHOSTEMANE_x_Marilyn_Manson_-_Coma_White_x_Plague_Dr_Mask_II_66775445.mp3]
[INFO 2026-03-02T19:27:48.589384600] [https://rus.hitmotop.com/get/music/20180420/Ghostemane_-_Plague_Dr_Mask_II_55409365.mp3, https://rus.hitmotop.com/get/music/20251210/Ghostemane_-_Plague_Dr_Mask_II_80423859.mp3, https://rus.hitmotop.com/get/music/20190928/MADCVM_x_GHOSTEMANE_x_Marilyn_Manson_-_Coma_White_x_Plague_Dr_Mask_II_66775445.mp3]
SUCCESS: 77405 bytes
Preview: {"tracks":{"href":"https://api.spotify.com/v1/search?offset=0&limit=20&query=Ghostemane%20-%20Plague%20Dr%20Mask%20II&type=track&locale=*","limit":20,"next":"https://api.spotify.com/v1/search?offset=2
[INFO 2026-03-02T19:29:17.639408600] [https://rus.hitmotop.com/get/music/20181010/Ghostemane_-_Black_Blood_59553383.mp3, https://rus.hitmotop.com/get/music/20210215/Ghostemane_-_Black_Blood_Bassboosted_by_TWINEMANE__72668918.mp3]
[INFO 2026-03-02T19:29:17.920434200] [https://rus.hitmotop.com/get/music/20181010/Ghostemane_-_Black_Blood_59553383.mp3, https://rus.hitmotop.com/get/music/20210215/Ghostemane_-_Black_Blood_Bassboosted_by_TWINEMANE__72668918.mp3, https://ruo.morsmusic.org/load/741274475/Ghostemane_-_Black_Blood_(musmore.org).mp3]
SUCCESS: 77403 bytes
Preview: {"tracks":{"href":"https://api.spotify.com/v1/search?offset=0&limit=20&query=Ghostemane%20-%20Black%20Blood&type=track&locale=*","limit":20,"next":"https://api.spotify.com/v1/search?offset=20&limit=20
[INFO 2026-03-02T19:31:45.410704200] [https://rus.hitmotop.com/get/music/20180217/Ghostemane_-_Blackmage_53899744.mp3, https://rus.hitmotop.com/get/music/20190721/Ghostemane_-_Blackmage_65595489.mp3, https://rus.hitmotop.com/get/music/20190907/Ghostemane_-_Blackmage_66469289.mp3, https://rus.hitmotop.com/get/music/20201005/Ghostemane_-_Blackmage_71158650.mp3, https://rus.hitmotop.com/get/music/20220615/Ghostemane_-_BLACKMAGE_Full_Album_2016_74489493.mp3]
[INFO 2026-03-02T19:31:45.717627400] [https://rus.hitmotop.com/get/music/20180217/Ghostemane_-_Blackmage_53899744.mp3, https://rus.hitmotop.com/get/music/20190721/Ghostemane_-_Blackmage_65595489.mp3, https://rus.hitmotop.com/get/music/20190907/Ghostemane_-_Blackmage_66469289.mp3, https://rus.hitmotop.com/get/music/20201005/Ghostemane_-_Blackmage_71158650.mp3, https://rus.hitmotop.com/get/music/20220615/Ghostemane_-_BLACKMAGE_Full_Album_2016_74489493.mp3]
SUCCESS: 77711 bytes
Preview: {"tracks":{"href":"https://api.spotify.com/v1/search?offset=0&limit=20&query=Ghostemane%20-%20Blackmage&type=track&locale=*","limit":20,"next":"https://api.spotify.com/v1/search?offset=20&limit=20&que
[INFO 2026-03-02T19:32:03.252311300] [https://rus.hitmotop.com/get/music/20180217/Ghostemane_-_As_Above_so_Look_out_Below_53899745.mp3, https://rus.hitmotop.com/get/music/20200202/Ghostemane_-_As_Above_So_Look_Out_Below_68222788.mp3, https://rus.hitmotop.com/get/music/20201113/Ghostemane_-_As_Above_So_Look_Out_Below_71598554.mp3]
[INFO 2026-03-02T19:32:03.490997400] [https://rus.hitmotop.com/get/music/20180217/Ghostemane_-_As_Above_so_Look_out_Below_53899745.mp3, https://rus.hitmotop.com/get/music/20200202/Ghostemane_-_As_Above_So_Look_Out_Below_68222788.mp3, https://rus.hitmotop.com/get/music/20201113/Ghostemane_-_As_Above_So_Look_Out_Below_71598554.mp3]
SUCCESS: 76061 bytes
Preview: {"tracks":{"href":"https://api.spotify.com/v1/search?offset=0&limit=20&query=Ghostemane%20-%20As%20Above%20so%20Look%20out%20Below&type=track&locale=*","limit":20,"next":"https://api.spotify.com/v1/se
[INFO 2026-03-02T19:33:13.065978200] (* ^ ω ^) / Main Loader Class \ (^ ω ^ *) Focus gained - App title restored
[INFO 2026-03-02T19:34:23.780180500] (* ^ ω ^) / Main Loader Class \ (^ ω ^ *) Focus lost - Track title: Ghostemane - Andromeda - [rf.ebanina.ebanina.Music.lambda$start$2(Music.java:354)] :: 2026-03-02T19:33:54.765381100[INFO] (* ^ ω ^) / Main Loader Class \ (^ ω ^ *) Focus gained - App title restored
[INFO 2026-03-02T19:34:28.443962200] (* ^ ω ^) / Main Loader Class \ (^ ω ^ *) Focus lost - Track title: Ghostemane - Andromeda - [rf.ebanina.ebanina.Music.lambda$start$2(Music.java:354)] :: 2026-03-02T19:34:24.797247100[INFO] (* ^ ω ^) / Main Loader Class \ (^ ω ^ *) Focus gained - App title restored
[INFO 2026-03-02T19:34:41.310244300] (* ^ ω ^) / Main Loader Class \ (^ ω ^ *) Focus lost - Track title: Ghostemane - Andromeda - [rf.ebanina.ebanina.Music.lambda$start$2(Music.java:354)] :: 2026-03-02T19:34:28.691036600[INFO] (* ^ ω ^) / Main Loader Class \ (^ ω ^ *) Focus gained - App title restored
[INFO 2026-03-02T19:58:43.849847] (* ^ ω ^) / Main Loader Class \ (^ ω ^ *) Focus lost - Track title: GHOSTEMANE - Kybalion - [rf.ebanina.ebanina.Music.lambda$start$2(Music.java:354)] :: 2026-03-02T19:58:28.791717[INFO] (* ^ ω ^) / Main Loader Class \ (^ ω ^ *) Focus gained - App title restored
[INFO 2026-03-02T20:02:59.923731600] (* ^ ω ^) / Main Loader Class \ (^ ω ^ *) Focus lost - Track title: Ghostemane - Plague Dr Mask II - [rf.ebanina.ebanina.Music.lambda$start$2(Music.java:354)] :: 2026-03-02T20:02:56.849871700[INFO] (* ^ ω ^) / Main Loader Class \ (^ ω ^ *) Focus gained - App title restored
[INFO 2026-03-02T20:03:43.437234400] (* ^ ω ^) / Main Loader Class \ (^ ω ^ *) Focus lost - Track title: Ghostemane - Plague Dr Mask II - [rf.ebanina.ebanina.Music.lambda$start$2(Music.java:354)] :: 2026-03-02T20:03:01.509036[INFO] (* ^ ω ^) / Main Loader Class \ (^ ω ^ *) Focus gained - App title restored
[INFO 2026-03-02T20:04:23.940661600] (* ^ ω ^) / Main Loader Class \ (^ ω ^ *) Focus lost - Track title: Ghostemane - Plague Dr Mask II - [rf.ebanina.ebanina.Music.lambda$start$2(Music.java:354)] :: 2026-03-02T20:04:21.802159300[INFO] (* ^ ω ^) / Main Loader Class \ (^ ω ^ *) Focus gained - App title restored
[INFO 2026-03-02T20:13:27.242406900] (* ^ ω ^) / Main Loader Class \ (^ ω ^ *) Focus lost - Track title: Ghostemane - Until the Light Takes Us - [rf.ebanina.ebanina.Music.lambda$start$2(Music.java:354)] :: 2026-03-02T20:13:23.107701400[INFO] (* ^ ω ^) / Main Loader Class \ (^ ω ^ *) Focus gained - App title restored
[INFO 2026-03-02T20:13:32.747859900] (* ^ ω ^) / Main Loader Class \ (^ ω ^ *) Focus lost - Track title: Ghostemane - Until the Light Takes Us - [rf.ebanina.ebanina.Music.lambda$start$2(Music.java:354)] :: 2026-03-02T20:13:27.321956[INFO] (* ^ ω ^) / Main Loader Class \ (^ ω ^ *) Focus gained - App title restored
[INFO 2026-03-02T20:13:36.698288] (* ^ ω ^) / Main Loader Class \ (^ ω ^ *) Focus lost - Track title: Ghostemane - Until the Light Takes Us - [rf.ebanina.ebanina.Music.lambda$start$2(Music.java:354)] :: 2026-03-02T20:13:35.053308200[INFO] (* ^ ω ^) / Main Loader Class \ (^ ω ^ *) Focus gained - App title restored
[INFO 2026-03-02T20:13:43.263975900] (* ^ ω ^) / Main Loader Class \ (^ ω ^ *) Focus lost - Track title: Ghostemane - Until the Light Takes Us - [rf.ebanina.ebanina.Music.lambda$start$2(Music.java:354)] :: 2026-03-02T20:13:41.539798800[INFO] (* ^ ω ^) / Main Loader Class \ (^ ω ^ *) Focus gained - App title restored
[INFO 2026-03-02T20:13:56.416383] (* ^ ω ^) / Main Loader Class \ (^ ω ^ *) Focus lost - Track title: Ghostemane - Venom - [rf.ebanina.ebanina.Music.lambda$start$2(Music.java:354)] :: 2026-03-02T20:13:54.985048800[INFO] (* ^ ω ^) / Main Loader Class \ (^ ω ^ *) Focus gained - App title restored
[INFO 2026-03-02T20:14:11.020999700] (* ^ ω ^) / Main Loader Class \ (^ ω ^ *) Focus lost - Track title: Ghostemane - Venom - [rf.ebanina.ebanina.Music.lambda$start$2(Music.java:354)] :: 2026-03-02T20:14:07.005885700[INFO] (* ^ ω ^) / Main Loader Class \ (^ ω ^ *) Focus gained - App title restored
[INFO 2026-03-02T20:14:54.026992200] (* ^ ω ^) / Main Loader Class \ (^ ω ^ *) Focus lost - Track title: Ghostemane - Venom - [rf.ebanina.ebanina.Music.lambda$start$2(Music.java:354)] :: 2026-03-02T20:14:49.380609400[INFO] (* ^ ω ^) / Main Loader Class \ (^ ω ^ *) Focus gained - App title restored
[INFO 2026-03-02T20:15:03.366104800] (* ^ ω ^) / Main Loader Class \ (^ ω ^ *) Focus lost - Track title: Ghostemane - Venom - [rf.ebanina.ebanina.Music.lambda$start$2(Music.java:354)] :: 2026-03-02T20:14:54.583651300[INFO] (* ^ ω ^) / Main Loader Class \ (^ ω ^ *) Focus gained - App title restored
[INFO 2026-03-02T20:15:16.484288800] (* ^ ω ^) / Main Loader Class \ (^ ω ^ *) Focus lost - Track title: Ghostemane - Venom - [rf.ebanina.ebanina.Music.lambda$start$2(Music.java:354)] :: 2026-03-02T20:15:03.546620300[INFO] (* ^ ω ^) / Main Loader Class \ (^ ω ^ *) Focus gained - App title restored
[INFO 2026-03-02T20:15:21.978053200] (* ^ ω ^) / Main Loader Class \ (^ ω ^ *) Focus lost - Track title: Ghostemane - Venom - [rf.ebanina.ebanina.Music.lambda$start$2(Music.java:354)] :: 2026-03-02T20:15:17.091352800[INFO] (* ^ ω ^) / Main Loader Class \ (^ ω ^ *) Focus gained - App title restored
[INFO 2026-03-02T20:18:52.444127600] (* ^ ω ^) / Main Loader Class \ (^ ω ^ *) Focus lost - Track title: Ghostemane - Venom - [rf.ebanina.ebanina.Music.lambda$start$2(Music.java:354)] :: 2026-03-02T20:15:22.099961400[INFO] (* ^ ω ^) / Main Loader Class \ (^ ω ^ *) Focus gained - App title restored
[INFO 2026-03-02T20:56:31.068609] (* ^ ω ^) / Main Loader Class \ (^ ω ^ *) Focus lost - Track title: Ghostemane - Euronymous - [rf.ebanina.ebanina.Music.lambda$start$2(Music.java:354)] :: 2026-03-02T20:18:54.676297600[INFO] (* ^ ω ^) / Main Loader Class \ (^ ω ^ *) Focus gained - App title restored
[INFO 2026-03-02T21:30:16.997864600] (* ^ ω ^) / Main Loader Class \ (^ ω ^ *) Focus lost - Track title: Ghostemane - Andromeda - [rf.ebanina.ebanina.Music.lambda$start$2(Music.java:354)] :: 2026-03-02T20:56:33.627759400[INFO] (* ^ ω ^) / Main Loader Class \ (^ ω ^ *) Focus gained - App title restored
