[INFO 2026-03-05T20:31:13.809375200] (* ^ ω ^) / Main Loader Class \ (^ ω ^ *) File logging initialized
[INFO 2026-03-05T20:31:13.871529300] (* ^ ω ^) / Main Loader Class \ (^ ω ^ *) Root stage reference set
[INFO 2026-03-05T20:31:13.925501400] (* ^ ω ^) / Main Loader Class \ (^ ω ^ *) Main scene created with root node
[INFO 2026-03-05T20:31:13.932503800] (* ^ ω ^) / Main Loader Class \ (^ ω ^ *) Stage configured with title: Ebanina (Mizuki): v1.4.7 - Mizuki - [rf.ebanina.ebanina.Music.start(Music.java:311)] :: 2026-03-05T20:31:13.927502[INFO] (* ^ ω ^) / Main Loader Class \ (^ ω ^ *) Window geometry restored from session
[INFO 2026-03-05T20:31:14.102804500] (* ^ ω ^) / Main Loader Class \ (^ ω ^ *) Stage displayed with max constraints
[INFO 2026-03-05T20:31:14.104807500] (* ^ ω ^) / Main Loader Class \ (^ ω ^ *) Animations controller initialized
[INFO 2026-03-05T20:31:14.105805900] (* ^ ω ^) / Main Loader Class \ (^ ω ^ *) Exit event handler registered
[INFO 2026-03-05T20:31:14.167805500] (* ^ ω ^) / Main Loader Class \ (^ ω ^ *) Configuration FXML converter executed
[INFO 2026-03-05T20:31:14.168806700] (* ^ ω ^) / Main Loader Class \ (^ ω ^ *) Playlist cursorus prepare
[INFO 2026-03-05T20:31:14.406803300] (* ^ ω ^) / Main Loader Class \ (^ ω ^ *) GlobalScreen native hook registered successfully
[INFO 2026-03-05T20:31:14.407805400] (* ^ ω ^) / Main Loader Class \ (^ ω ^ *) KeyBindingController initialized and listeners registered
[PROFILER 2026-03-05T20:31:14.410804100] (* ^ ω ^) / Main Loader Class \ (^ ω ^ *) 1_772_731_874_410 * Root UI initialization start
[PROFILER 2026-03-05T20:31:14.608804100] (* ^ ω ^) / Main Loader Class \ (^ ω ^ *) 1_772_731_874_607 (Δ 197 ms) * Root UI initialization complete
[INFO 2026-03-05T20:31:14.614804100] (* ^ ω ^) / Main Loader Class \ (^ ω ^ *) Media cache (global map) initialized
[INFO 2026-03-05T20:31:14.684812500] (* ^ ω ^) / Main Loader Class \ (^ ω ^ *) Current track media loaded
[INFO 2026-03-05T20:31:14.686804800] (* ^ ω ^) / Main Loader Class \ (^ ω ^ *) MediaPlayer updated with new track
[INFO 2026-03-05T20:31:14.838809500] (* ^ ω ^) / Main Loader Class \ (^ ω ^ *) Root UI final setup complete
[INFO 2026-03-05T20:31:14.847807100] (* ^ ω ^) / Main Loader Class \ (^ ω ^ *) All UI handlers initialized
[INFO 2026-03-05T20:31:14.848808900] (* ^ ω ^) / Main Loader Class \ (^ ω ^ *) MediaProcessor fully initialized
[INFO 2026-03-05T20:31:14.849811500] (* ^ ω ^) / Main Loader Class \ (^ ω ^ *) Scene finalized and key listeners setup
[INFO 2026-03-05T20:31:14.851813200] (* ^ ω ^) / Main Loader Class \ (^ ω ^ *) User session loaded
[INFO 2026-03-05T20:31:14.853810400] (* ^ ω ^) / Main Loader Class \ (^ ω ^ *) All mods loaded from folder
[ERROR 2026-03-05T20:31:14.911806200] (* ^ ω ^) / Main Loader Class \ (^ ω ^ *) java.base/sun.nio.ch.UnixDomainSockets.connect0(Native Method)
[ERROR 2026-03-05T20:31:14.911806200] (* ^ ω ^) / Main Loader Class \ (^ ω ^ *) java.base/sun.nio.ch.UnixDomainSockets.connect(UnixDomainSockets.java:154)
[ERROR 2026-03-05T20:31:14.913807] (* ^ ω ^) / Main Loader Class \ (^ ω ^ *) java.base/sun.nio.ch.UnixDomainSockets.connect(UnixDomainSockets.java:150)
[ERROR 2026-03-05T20:31:14.913807] (* ^ ω ^) / Main Loader Class \ (^ ω ^ *) java.base/sun.nio.ch.SocketChannelImpl.connect(SocketChannelImpl.java:878)
[ERROR 2026-03-05T20:31:14.914808500] (* ^ ω ^) / Main Loader Class \ (^ ω ^ *) java.base/java.nio.channels.SocketChannel.open(SocketChannel.java:285)
[ERROR 2026-03-05T20:31:14.914808500] (* ^ ω ^) / Main Loader Class \ (^ ω ^ *) rf.ebanina.ebanina.Player.AudioPlugins.PluginWrapper.sendRequest(PluginWrapper.java:44)
[ERROR 2026-03-05T20:31:14.914808500] (* ^ ω ^) / Main Loader Class \ (^ ω ^ *) rf.ebanina.ebanina.Music.start(Music.java:510)
[ERROR 2026-03-05T20:31:14.915806600] (* ^ ω ^) / Main Loader Class \ (^ ω ^ *) javafx.graphics/com.sun.javafx.application.LauncherImpl.lambda$launchApplication1$9(LauncherImpl.java:847)
[ERROR 2026-03-05T20:31:14.915806600] (* ^ ω ^) / Main Loader Class \ (^ ω ^ *) javafx.graphics/com.sun.javafx.application.PlatformImpl.lambda$runAndWait$12(PlatformImpl.java:484)
[ERROR 2026-03-05T20:31:14.915806600] (* ^ ω ^) / Main Loader Class \ (^ ω ^ *) javafx.graphics/com.sun.javafx.application.PlatformImpl.lambda$runLater$10(PlatformImpl.java:457)
[ERROR 2026-03-05T20:31:14.916808600] (* ^ ω ^) / Main Loader Class \ (^ ω ^ *) java.base/java.security.AccessController.doPrivileged(AccessController.java:400)
[ERROR 2026-03-05T20:31:14.916808600] (* ^ ω ^) / Main Loader Class \ (^ ω ^ *) javafx.graphics/com.sun.javafx.application.PlatformImpl.lambda$runLater$11(PlatformImpl.java:456)
[ERROR 2026-03-05T20:31:14.917806200] (* ^ ω ^) / Main Loader Class \ (^ ω ^ *) javafx.graphics/com.sun.glass.ui.InvokeLaterDispatcher$Future.run(InvokeLaterDispatcher.java:96)
[ERROR 2026-03-05T20:31:14.917806200] (* ^ ω ^) / Main Loader Class \ (^ ω ^ *) javafx.graphics/com.sun.glass.ui.win.WinApplication._runLoop(Native Method)
[ERROR 2026-03-05T20:31:14.917806200] (* ^ ω ^) / Main Loader Class \ (^ ω ^ *) javafx.graphics/com.sun.glass.ui.win.WinApplication.lambda$runLoop$3(WinApplication.java:184)
[ERROR 2026-03-05T20:31:14.918805300] (* ^ ω ^) / Main Loader Class \ (^ ω ^ *) java.base/java.lang.Thread.run(Thread.java:1583)
[PROFILER 2026-03-05T20:31:14.918805300] (* ^ ω ^) / Main Loader Class \ (^ ω ^ *) 1_772_731_874_918 (Δ 311 ms) * Application ENDUP Time
[INFO 2026-03-05T20:31:16.588808400SUCCESS: 78833 bytes] (* ^ ω ^) / Main Loader Class \ (^ ω ^ *) Focus lost - Track title: Ghostemane - Mercury: Retrograde
Preview: {"tracks":{"href":"https://api.spotify.com/v1/search?offset=0&limit=20&query=06.%20DJ%20Squeeky%20-%20Victim%20Of%20A%20%20Pimp%20Shit.wav&type=track&locale=*","limit":20,"next":"https://api.spotify.c
SUCCESS: 78833 bytes
Preview: {"tracks":{"href":"https://api.spotify.com/v1/search?offset=0&limit=20&query=06.%20DJ%20Squeeky%20-%20Victim%20Of%20A%20%20Pimp%20Shit.wav&type=track&locale=*","limit":20,"next":"https://api.spotify.c
[INFO 2026-03-05T20:32:17.270571400] (* ^ ω ^) / Main Loader Class \ (^ ω ^ *) Focus gained - App title restored
[INFO 2026-03-05T20:32:26.033035400] (* ^ ω ^) / Main Loader Class \ (^ ω ^ *) Focus lost - Track title: Ghostemane - Mercury: Retrograde - [rf.ebanina.ebanina.Music.lambda$start$2(Music.java:354)] :: 2026-03-05T20:32:22.725232900[INFO] (* ^ ω ^) / Main Loader Class \ (^ ω ^ *) Focus gained - App title restored
[INFO 2026-03-05T20:33:53.400258300] (* ^ ω ^) / Main Loader Class \ (^ ω ^ *) Focus lost - Track title: Ghostemane - Mercury: Retrograde - [rf.ebanina.ebanina.Music.lambda$start$2(Music.java:354)] :: 2026-03-05T20:32:28.614836600[INFO] (* ^ ω ^) / Main Loader Class \ (^ ω ^ *) Focus gained - App title restored
[INFO 2026-03-05T20:33:59.552650500] (* ^ ω ^) / Main Loader Class \ (^ ω ^ *) Focus lost - Track title: Ghostemane - Mercury: Retrograde - [rf.ebanina.ebanina.Music.lambda$start$2(Music.java:354)] :: 2026-03-05T20:33:54.148580700[INFO] (* ^ ω ^) / Main Loader Class \ (^ ω ^ *) Focus gained - App title restored
[INFO 2026-03-05T20:38:28.845286] (* ^ ω ^) / Main Loader Class \ (^ ω ^ *) Focus lost - Track title: Ghostemane - Mercury: Retrograde - [rf.ebanina.ebanina.Music.lambda$start$2(Music.java:354)] :: 2026-03-05T20:34:02.335487400[INFO] (* ^ ω ^) / Main Loader Class \ (^ ω ^ *) Focus gained - App title restored
[INFO 2026-03-05T20:39:50.534603500] (* ^ ω ^) / Main Loader Class \ (^ ω ^ *) Focus lost - Track title: Ghostemane - D(R)Own - [rf.ebanina.ebanina.Music.lambda$start$2(Music.java:354)] :: 2026-03-05T20:38:35.658506[INFO] (* ^ ω ^) / Main Loader Class \ (^ ω ^ *) Focus gained - App title restored
[INFO 2026-03-05T20:41:15.773535500] (* ^ ω ^) / Main Loader Class \ (^ ω ^ *) Focus lost - Track title: Ghostemane - D(R)Own - [rf.ebanina.ebanina.Music.lambda$start$2(Music.java:354)] :: 2026-03-05T20:39:52.777516600[INFO] (* ^ ω ^) / Main Loader Class \ (^ ω ^ *) Focus gained - App title restored
[INFO 2026-03-05T20:41:58.330210] (* ^ ω ^) / Main Loader Class \ (^ ω ^ *) Focus lost - Track title: Ghostemane - D(R)Own - [rf.ebanina.ebanina.Music.lambda$start$2(Music.java:354)] :: 2026-03-05T20:41:22.123505[INFO] (* ^ ω ^) / Main Loader Class \ (^ ω ^ *) Focus gained - App title restored
[INFO 2026-03-05T20:42:11.632260100] (* ^ ω ^) / Main Loader Class \ (^ ω ^ *) Focus lost - Track title: Ghostemane - D(R)Own - [rf.ebanina.ebanina.Music.lambda$start$2(Music.java:354)] :: 2026-03-05T20:42:02.384258300[INFO] (* ^ ω ^) / Main Loader Class \ (^ ω ^ *) Focus gained - App title restored
[INFO 2026-03-05T20:42:19.353821700] (* ^ ω ^) / Main Loader Class \ (^ ω ^ *) Focus lost - Track title: Ghostemane - D(R)Own - [rf.ebanina.ebanina.Music.lambda$start$2(Music.java:354)] :: 2026-03-05T20:42:12.443837600[INFO] (* ^ ω ^) / Main Loader Class \ (^ ω ^ *) Focus gained - App title restored
[INFO 2026-03-05T20:59:16.129236600] (* ^ ω ^) / Main Loader Class \ (^ ω ^ *) Focus lost - Track title: Ghostemane - D(R)Own - [rf.ebanina.ebanina.Music.lambda$start$2(Music.java:354)] :: 2026-03-05T20:42:19.778766400[INFO] (* ^ ω ^) / Main Loader Class \ (^ ω ^ *) Focus gained - App title restored
[INFO 2026-03-05T20:59:20.398463700] (* ^ ω ^) / Main Loader Class \ (^ ω ^ *) Focus lost - Track title: Ghostemane - D(R)Own - [rf.ebanina.ebanina.Music.lambda$start$2(Music.java:354)] :: 2026-03-05T20:59:17.507402[INFO] (* ^ ω ^) / Main Loader Class \ (^ ω ^ *) Focus gained - App title restored
[INFO 2026-03-05T20:59:23.581320900] (* ^ ω ^) / Main Loader Class \ (^ ω ^ *) Focus lost - Track title: Ghostemane - D(R)Own - [rf.ebanina.ebanina.Music.lambda$start$2(Music.java:354)] :: 2026-03-05T20:59:22.803170900[INFO] (* ^ ω ^) / Main Loader Class \ (^ ω ^ *) Focus gained - App title restored
[INFO 2026-03-05T20:59:35.491844100] (* ^ ω ^) / Main Loader Class \ (^ ω ^ *) Focus lost - Track title: Ghostemane - D(R)Own - [rf.ebanina.ebanina.Music.lambda$start$2(Music.java:354)] :: 2026-03-05T20:59:26.684807900[INFO] (* ^ ω ^) / Main Loader Class \ (^ ω ^ *) Focus gained - App title restored
[INFO 2026-03-05T21:02:11.692199200] (* ^ ω ^) / Main Loader Class \ (^ ω ^ *) Focus lost - Track title: Ghostemane - D(R)Own - [rf.ebanina.ebanina.Music.lambda$start$2(Music.java:354)] :: 2026-03-05T20:59:36.215245300[INFO] (* ^ ω ^) / Main Loader Class \ (^ ω ^ *) Focus gained - App title restored
[INFO 2026-03-05T21:02:20.268194800] (* ^ ω ^) / Main Loader Class \ (^ ω ^ *) Focus lost - Track title: Ghostemane - Euronymous - [rf.ebanina.ebanina.Music.lambda$start$2(Music.java:354)] :: 2026-03-05T21:02:16.658153600[INFO] (* ^ ω ^) / Main Loader Class \ (^ ω ^ *) Focus gained - App title restored
[INFO 2026-03-05T21:02:23.891840700] (* ^ ω ^) / Main Loader Class \ (^ ω ^ *) Focus lost - Track title: Ghostemane - Euronymous - [rf.ebanina.ebanina.Music.lambda$start$2(Music.java:354)] :: 2026-03-05T21:02:22.136472300[INFO] (* ^ ω ^) / Main Loader Class \ (^ ω ^ *) Focus gained - App title restored
[INFO 2026-03-05T21:02:29.734236400] (* ^ ω ^) / Main Loader Class \ (^ ω ^ *) Focus lost - Track title: Ghostemane - Euronymous - [rf.ebanina.ebanina.Music.lambda$start$2(Music.java:354)] :: 2026-03-05T21:02:24.596175[INFO] (* ^ ω ^) / Main Loader Class \ (^ ω ^ *) Focus gained - App title restored
[INFO 2026-03-05T21:02:32.039426500] (* ^ ω ^) / Main Loader Class \ (^ ω ^ *) Focus lost - Track title: Ghostemane - Euronymous - [rf.ebanina.ebanina.Music.lambda$start$2(Music.java:354)] :: 2026-03-05T21:02:29.849276900[INFO] (* ^ ω ^) / Main Loader Class \ (^ ω ^ *) Focus gained - App title restored
[INFO 2026-03-05T21:05:13.068878400] (* ^ ω ^) / Main Loader Class \ (^ ω ^ *) Focus lost - Track title: Ghostemane - Euronymous - [rf.ebanina.ebanina.Music.lambda$start$2(Music.java:354)] :: 2026-03-05T21:02:32.603319800[INFO] (* ^ ω ^) / Main Loader Class \ (^ ω ^ *) Focus gained - App title restored
[INFO 2026-03-05T21:05:16.292182500] (* ^ ω ^) / Main Loader Class \ (^ ω ^ *) Focus lost - Track title: Ghostemane - Hexada - [rf.ebanina.ebanina.Music.lambda$start$2(Music.java:354)] :: 2026-03-05T21:05:13.829730[INFO] (* ^ ω ^) / Main Loader Class \ (^ ω ^ *) Focus gained - App title restored
[INFO 2026-03-05T21:05:18.569306800] (* ^ ω ^) / Main Loader Class \ (^ ω ^ *) Focus lost - Track title: Ghostemane - Hexada - [rf.ebanina.ebanina.Music.lambda$start$2(Music.java:354)] :: 2026-03-05T21:05:16.959957100[INFO] (* ^ ω ^) / Main Loader Class \ (^ ω ^ *) Focus gained - App title restored
[INFO 2026-03-05T21:05:20.005552700] (* ^ ω ^) / Main Loader Class \ (^ ω ^ *) Focus lost - Track title: Ghostemane - Hexada - [rf.ebanina.ebanina.Music.lambda$start$2(Music.java:354)] :: 2026-03-05T21:05:18.856391600[INFO] (* ^ ω ^) / Main Loader Class \ (^ ω ^ *) Focus gained - App title restored
[INFO 2026-03-05T21:09:13.263356300] (* ^ ω ^) / Main Loader Class \ (^ ω ^ *) Focus lost - Track title: Ghostemane - Until the Light Takes Us - [rf.ebanina.ebanina.Music.lambda$start$2(Music.java:354)] :: 2026-03-05T21:05:22.482313800[INFO] (* ^ ω ^) / Main Loader Class \ (^ ω ^ *) Focus gained - App title restored
[INFO 2026-03-05T21:10:25.697998] (* ^ ω ^) / Main Loader Class \ (^ ω ^ *) Focus lost - Track title: Ghostemane - Venom - [rf.ebanina.ebanina.Music.lambda$start$2(Music.java:354)] :: 2026-03-05T21:09:16.211899200[INFO] (* ^ ω ^) / Main Loader Class \ (^ ω ^ *) Focus gained - App title restored
[INFO 2026-03-05T21:10:39.850171] (* ^ ω ^) / Main Loader Class \ (^ ω ^ *) Focus lost - Track title: Ghostemane - Wishers Lose Copper Dreamers Lose Everything - [rf.ebanina.ebanina.Music.lambda$start$2(Music.java:354)] :: 2026-03-05T21:10:34.648349[INFO] (* ^ ω ^) / Main Loader Class \ (^ ω ^ *) Focus gained - App title restored
[INFO 2026-03-05T21:10:56.713517600] (* ^ ω ^) / Main Loader Class \ (^ ω ^ *) Focus lost - Track title: Ghostemane - Venom - [rf.ebanina.ebanina.Music.lambda$start$2(Music.java:354)] :: 2026-03-05T21:10:43.977571400[INFO] (* ^ ω ^) / Main Loader Class \ (^ ω ^ *) Focus gained - App title restored
[INFO 2026-03-05T21:11:10.726279100] (* ^ ω ^) / Main Loader Class \ (^ ω ^ *) Focus lost - Track title: Ghostemane - Venom - [rf.ebanina.ebanina.Music.lambda$start$2(Music.java:354)] :: 2026-03-05T21:10:58.333327500[INFO] (* ^ ω ^) / Main Loader Class \ (^ ω ^ *) Focus gained - App title restored
[INFO 2026-03-05T21:11:12.935235600] (* ^ ω ^) / Main Loader Class \ (^ ω ^ *) Focus lost - Track title: Ghostemane - Venom - [rf.ebanina.ebanina.Music.lambda$start$2(Music.java:354)] :: 2026-03-05T21:11:11.462191500[INFO] [https://rus.hitmotop.com/get/music/20191021/Ghostemane_-_Enter_Anubis_67026726.mp3]
[INFO 2026-03-05T21:11:13.370653500] [https://rus.hitmotop.com/get/music/20191021/Ghostemane_-_Enter_Anubis_67026726.mp3]
[INFO 2026-03-05T21:11:32.844357100] [https://rus.hitmotop.com/get/music/20180217/Ghostemane_-_Somewhere_Between_Happiness_and_the_Bottom_of_the_Lake_53899758.mp3, https://rus.hitmotop.com/get/music/20200530/Ghostemane_-_Somewhere_Between_Happiness_And_The_Bottom_Of_The_Lake_69747065.mp3]
[INFO 2026-03-05T21:11:33.047270900] [https://rus.hitmotop.com/get/music/20180217/Ghostemane_-_Somewhere_Between_Happiness_and_the_Bottom_of_the_Lake_53899758.mp3, https://rus.hitmotop.com/get/music/20200530/Ghostemane_-_Somewhere_Between_Happiness_And_The_Bottom_Of_The_Lake_69747065.mp3]
SUCCESS: 76775 bytes
Preview: {"tracks":{"href":"https://api.spotify.com/v1/search?offset=0&limit=20&query=Ghostemane%20-%20Somewhere%20Between%20Happiness%20and%20the%20Bottom%20of%20the%20Lake&type=track&locale=*","limit":20,"ne
[INFO 2026-03-05T21:11:50.288725300] []
[INFO 2026-03-05T21:11:50.498264400] []
[INFO 2026-03-05T21:11:58.814505700] [https://rus.hitmotop.com/get/music/20180217/Ghostemane_-_The_Whole_Where_My_Head_Once_Lived_53899746.mp3]
[INFO 2026-03-05T21:11:59.084466] [https://rus.hitmotop.com/get/music/20180217/Ghostemane_-_The_Whole_Where_My_Head_Once_Lived_53899746.mp3]
SUCCESS: 74572 bytes
Preview: {"tracks":{"href":"https://api.spotify.com/v1/search?offset=0&limit=20&query=Ghostemane%20-%20The%20Whole%20Where%20My%20Head%20Once%20Lived&type=track&locale=*","limit":20,"next":"https://api.spotify
[INFO 2026-03-05T21:12:13.612513] [https://rus.hitmotop.com/get/music/20180217/Ghostemane_-_Avatar_53899751.mp3, https://rus.hitmotop.com/get/music/20190525/Ghostemane_-_Avatar_64509595.mp3, https://rus.hitmotop.com/get/music/20190727/Ghostemane_-_Avatar_65710855.mp3, https://rus.hitmotop.com/get/music/20190903/Ghostemane_-_Avatar_66410571.mp3, https://rus.hitmotop.com/get/music/20201113/Ghostemane_-_07_Avatar_71598558.mp3, https://rus.hitmotop.com/get/music/20221018/Ghostemane_-_Avatar_Bass_Boosted_by_neryamm_74856976.mp3, https://rus.hitmotop.com/get/music/20230219/Ghostemane_-_Avatar_75454722.mp3]
[INFO 2026-03-05T21:12:13.824539300] [https://rus.hitmotop.com/get/music/20180217/Ghostemane_-_Avatar_53899751.mp3, https://rus.hitmotop.com/get/music/20190525/Ghostemane_-_Avatar_64509595.mp3, https://rus.hitmotop.com/get/music/20190727/Ghostemane_-_Avatar_65710855.mp3, https://rus.hitmotop.com/get/music/20190903/Ghostemane_-_Avatar_66410571.mp3, https://rus.hitmotop.com/get/music/20201113/Ghostemane_-_07_Avatar_71598558.mp3, https://rus.hitmotop.com/get/music/20221018/Ghostemane_-_Avatar_Bass_Boosted_by_neryamm_74856976.mp3, https://rus.hitmotop.com/get/music/20230219/Ghostemane_-_Avatar_75454722.mp3]
SUCCESS: 75684 bytes
Preview: {"tracks":{"href":"https://api.spotify.com/v1/search?offset=0&limit=20&query=Ghostemane%20-%20Avatar&type=track&locale=*","limit":20,"next":"https://api.spotify.com/v1/search?offset=20&limit=20&query=
[INFO 2026-03-05T21:13:19.549350800] [https://rus.hitmotop.com/get/music/20180102/Ghostemane_-_Rake_52277750.mp3, https://rus.hitmotop.com/get/music/20190618/Ghostemane_-_Rake_Hexada_65101835.mp3, https://rus.hitmotop.com/get/music/20191205/Ghostemane_-_RAKE_67527782.mp3]
[INFO 2026-03-05T21:13:20.193046100] [https://rus.hitmotop.com/get/music/20180102/Ghostemane_-_Rake_52277750.mp3, https://rus.hitmotop.com/get/music/20190618/Ghostemane_-_Rake_Hexada_65101835.mp3, https://rus.hitmotop.com/get/music/20191205/Ghostemane_-_RAKE_67527782.mp3]
SUCCESS: 77692 bytes
Preview: {"tracks":{"href":"https://api.spotify.com/v1/search?offset=0&limit=20&query=Ghostemane%20-%20Rake&type=track&locale=*","limit":20,"next":"https://api.spotify.com/v1/search?offset=20&limit=20&query=Gh
SUCCESS: 72909 bytes
Preview: {"tracks":{"href":"https://api.spotify.com/v1/search?offset=0&limit=20&query=Ghostemane%20-%20Enter%20Anubis&type=track&locale=*","limit":20,"next":"https://api.spotify.com/v1/search?offset=20&limit=2
[INFO 2026-03-05T21:13:38.423163500] [https://rus.hitmotop.com/get/music/20190303/Ghostemane_-_Nails_62541339.mp3, https://rus.hitmotop.com/get/music/20190304/GHOSTEMANE_Vladimir_-_NAILS_62546247.mp3, https://rus.hitmotop.com/get/music/20190409/Ghostemane_-_NAILS_63397397.mp3, https://rus.hitmotop.com/get/music/20190413/Ghostemane_-_Nails_63497130.mp3, https://rus.hitmotop.com/get/music/20190607/Ghostemane_-_NAILS_Prod_By_Ghostemane_64864968.mp3, https://rus.hitmotop.com/get/music/20190608/Ghostemane_-_Nails_64879935.mp3, https://rus.hitmotop.com/get/music/20200730/Ghostemane_-_NAILSHEXADA_70416653.mp3, https://rus.hitmotop.com/get/music/20241110/Ghostemane_-_nails_78516981.mp3, https://rus.hitmotop.com/get/music/20241110/Ghostemane_-_NAILS_78516988.mp3]
[INFO 2026-03-05T21:13:38.720541700] [https://rus.hitmotop.com/get/music/20190303/Ghostemane_-_Nails_62541339.mp3, https://rus.hitmotop.com/get/music/20190304/GHOSTEMANE_Vladimir_-_NAILS_62546247.mp3, https://rus.hitmotop.com/get/music/20190409/Ghostemane_-_NAILS_63397397.mp3, https://rus.hitmotop.com/get/music/20190413/Ghostemane_-_Nails_63497130.mp3, https://rus.hitmotop.com/get/music/20190607/Ghostemane_-_NAILS_Prod_By_Ghostemane_64864968.mp3, https://rus.hitmotop.com/get/music/20190608/Ghostemane_-_Nails_64879935.mp3, https://rus.hitmotop.com/get/music/20200730/Ghostemane_-_NAILSHEXADA_70416653.mp3, https://rus.hitmotop.com/get/music/20241110/Ghostemane_-_nails_78516981.mp3, https://rus.hitmotop.com/get/music/20241110/Ghostemane_-_NAILS_78516988.mp3]
SUCCESS: 78479 bytes
Preview: {"tracks":{"href":"https://api.spotify.com/v1/search?offset=0&limit=20&query=Ghostemane%20-%20Nails&type=track&locale=*","limit":20,"next":"https://api.spotify.com/v1/search?offset=20&limit=20&query=G
[INFO 2026-03-05T21:15:37.869509500] [https://rus.hitmotop.com/get/music/20250927/Ghostemane_-_Tartarus_79876687.mp3, https://rus.hitmotop.com/get/music/20190312/Ghostemane_-_Tartarus_62720094.mp3, https://rus.hitmotop.com/get/music/20190427/Ghostemane_-_Tartarus_db_63781986.mp3, https://rus.hitmotop.com/get/music/20200730/Ghostemane_-_TartarusHEXADA_70416635.mp3]
[INFO 2026-03-05T21:15:38.133502100] [https://rus.hitmotop.com/get/music/20250927/Ghostemane_-_Tartarus_79876687.mp3, https://rus.hitmotop.com/get/music/20190312/Ghostemane_-_Tartarus_62720094.mp3, https://rus.hitmotop.com/get/music/20190427/Ghostemane_-_Tartarus_db_63781986.mp3, https://rus.hitmotop.com/get/music/20200730/Ghostemane_-_TartarusHEXADA_70416635.mp3]
SUCCESS: 77155 bytes
Preview: {"tracks":{"href":"https://api.spotify.com/v1/search?offset=0&limit=20&query=Ghostemane%20-%20Tartarus&type=track&locale=*","limit":20,"next":"https://api.spotify.com/v1/search?offset=20&limit=20&quer
[INFO 2026-03-05T21:15:57.976678200] [https://rus.hitmotop.com/get/music/20180102/Ghostemane_-_Polaris_52277758.mp3, https://rus.hitmotop.com/get/music/20190524/Ghostemane_-_PolarisSlowLow_by_Dyadya_Dima_64449420.mp3, https://rus.hitmotop.com/get/music/20190524/Ghostemane_-_PolarisScrewed_by_Dyadya_Dima_64449462.mp3, https://rus.hitmotop.com/get/music/20190914/Ghostemane_-_Polaris_66576530.mp3, https://rus.hitmotop.com/get/music/20240614/Ghostemane_-_Polaris_77971519.mp3]
[INFO 2026-03-05T21:15:58.133372900] [https://rus.hitmotop.com/get/music/20180102/Ghostemane_-_Polaris_52277758.mp3, https://rus.hitmotop.com/get/music/20190524/Ghostemane_-_PolarisSlowLow_by_Dyadya_Dima_64449420.mp3, https://rus.hitmotop.com/get/music/20190524/Ghostemane_-_PolarisScrewed_by_Dyadya_Dima_64449462.mp3, https://rus.hitmotop.com/get/music/20190914/Ghostemane_-_Polaris_66576530.mp3, https://rus.hitmotop.com/get/music/20240614/Ghostemane_-_Polaris_77971519.mp3]
[INFO 2026-03-05T21:17:49.312303500] (* ^ ω ^) / Main Loader Class \ (^ ω ^ *) Focus gained - App title restored
SUCCESS: 75714 bytes
Preview: {"tracks":{"href":"https://api.spotify.com/v1/search?offset=0&limit=20&query=Ghostemane%20-%20Polaris&type=track&locale=*","limit":20,"next":"https://api.spotify.com/v1/search?offset=20&limit=20&query
[INFO 2026-03-05T21:20:13.958378600] (* ^ ω ^) / Main Loader Class \ (^ ω ^ *) Focus lost - Track title: Ghostemane - Cult of Thoth - [rf.ebanina.ebanina.Music.lambda$start$2(Music.java:354)] :: 2026-03-05T21:20:11.735974100[INFO] (* ^ ω ^) / Main Loader Class \ (^ ω ^ *) Focus gained - App title restored
[INFO 2026-03-05T21:20:34.036466100] (* ^ ω ^) / Main Loader Class \ (^ ω ^ *) Focus lost - Track title: Ghostemane - Elixir - [rf.ebanina.ebanina.Music.lambda$start$2(Music.java:354)] :: 2026-03-05T21:20:25.305737700[INFO] (* ^ ω ^) / Main Loader Class \ (^ ω ^ *) Focus gained - App title restored
[INFO 2026-03-05T21:20:45.805245900] (* ^ ω ^) / Main Loader Class \ (^ ω ^ *) Focus lost - Track title: Ghostemane - Euronymous - [rf.ebanina.ebanina.Music.lambda$start$2(Music.java:354)] :: 2026-03-05T21:20:39.032444700[INFO] (* ^ ω ^) / Main Loader Class \ (^ ω ^ *) Focus gained - App title restored
[INFO 2026-03-05T21:20:53.686552700] (* ^ ω ^) / Main Loader Class \ (^ ω ^ *) Focus lost - Track title: Ghostemane - As Above so Look out Below - [rf.ebanina.ebanina.Music.lambda$start$2(Music.java:354)] :: 2026-03-05T21:20:48.189528700[INFO] (* ^ ω ^) / Main Loader Class \ (^ ω ^ *) Focus gained - App title restored
[INFO 2026-03-05T21:21:01.853724600] (* ^ ω ^) / Main Loader Class \ (^ ω ^ *) Focus lost - Track title: Ghostemane - Euronymous - [rf.ebanina.ebanina.Music.lambda$start$2(Music.java:354)] :: 2026-03-05T21:20:58.076248900[INFO] (* ^ ω ^) / Main Loader Class \ (^ ω ^ *) Focus gained - App title restored
[INFO 2026-03-05T21:23:33.187585300] (* ^ ω ^) / Main Loader Class \ (^ ω ^ *) Focus lost - Track title: Ghostemane - Andromeda - [rf.ebanina.ebanina.Music.lambda$start$2(Music.java:354)] :: 2026-03-05T21:21:55.722485400[INFO] (* ^ ω ^) / Main Loader Class \ (^ ω ^ *) Focus gained - App title restored
[INFO 2026-03-05T21:24:10.520761200] (* ^ ω ^) / Main Loader Class \ (^ ω ^ *) Focus lost - Track title: Ghostemane - Andromeda - [rf.ebanina.ebanina.Music.lambda$start$2(Music.java:354)] :: 2026-03-05T21:23:35.136324800[INFO] (* ^ ω ^) / Main Loader Class \ (^ ω ^ *) Focus gained - App title restored
[INFO 2026-03-05T21:25:09.290300400] (* ^ ω ^) / Main Loader Class \ (^ ω ^ *) Focus lost - Track title: Ghostemane - Andromeda - [rf.ebanina.ebanina.Music.lambda$start$2(Music.java:354)] :: 2026-03-05T21:25:07.909252700[INFO] (* ^ ω ^) / Main Loader Class \ (^ ω ^ *) Focus gained - App title restored
[INFO 2026-03-05T21:25:35.206512100] (* ^ ω ^) / Main Loader Class \ (^ ω ^ *) Focus lost - Track title: Ghostemane - Andromeda - [rf.ebanina.ebanina.Music.lambda$start$2(Music.java:354)] :: 2026-03-05T21:25:10.004301600[INFO] (* ^ ω ^) / Main Loader Class \ (^ ω ^ *) Focus gained - App title restored
[INFO 2026-03-05T21:28:41.688247400] (* ^ ω ^) / Main Loader Class \ (^ ω ^ *) Focus lost - Track title: Ghostemane - As Above so Look out Below - [rf.ebanina.ebanina.Music.lambda$start$2(Music.java:354)] :: 2026-03-05T21:27:01.940772100[INFO] (* ^ ω ^) / Main Loader Class \ (^ ω ^ *) Focus gained - App title restored
[INFO 2026-03-05T21:29:01.147328] (* ^ ω ^) / Main Loader Class \ (^ ω ^ *) Focus lost - Track title: Ghostemane - Avatar - [rf.ebanina.ebanina.Music.lambda$start$2(Music.java:354)] :: 2026-03-05T21:28:42.179749900[INFO] (* ^ ω ^) / Main Loader Class \ (^ ω ^ *) Focus gained - App title restored
[INFO 2026-03-05T21:29:05.331101100] (* ^ ω ^) / Main Loader Class \ (^ ω ^ *) Focus lost - Track title: Ghostemane - Avatar - [rf.ebanina.ebanina.Music.lambda$start$2(Music.java:354)] :: 2026-03-05T21:29:01.360222700[INFO] (* ^ ω ^) / Main Loader Class \ (^ ω ^ *) Focus gained - App title restored
[INFO 2026-03-05T21:29:07.222618800] (* ^ ω ^) / Main Loader Class \ (^ ω ^ *) Focus lost - Track title: Ghostemane - Avatar - [rf.ebanina.ebanina.Music.lambda$start$2(Music.java:354)] :: 2026-03-05T21:29:05.824733[INFO] (* ^ ω ^) / Main Loader Class \ (^ ω ^ *) Focus gained - App title restored
[INFO 2026-03-05T21:41:52.771575] (* ^ ω ^) / Main Loader Class \ (^ ω ^ *) Focus lost - Track title: Ghostemane - Avatar - [rf.ebanina.ebanina.Music.lambda$start$2(Music.java:354)] :: 2026-03-05T21:29:07.372848200[INFO] (* ^ ω ^) / Main Loader Class \ (^ ω ^ *) Focus gained - App title restored
[INFO 2026-03-05T21:42:05.471675] (* ^ ω ^) / Main Loader Class \ (^ ω ^ *) Focus lost - Track title: Ghostemane - D(R)Own - [rf.ebanina.ebanina.Music.lambda$start$2(Music.java:354)] :: 2026-03-05T21:41:56.178167300[INFO] (* ^ ω ^) / Main Loader Class \ (^ ω ^ *) Focus gained - App title restored
[INFO 2026-03-05T21:43:23.420648700] (* ^ ω ^) / Main Loader Class \ (^ ω ^ *) Focus lost - Track title: Ghostemane - D(R)Own - [rf.ebanina.ebanina.Music.lambda$start$2(Music.java:354)] :: 2026-03-05T21:42:06.465272400[INFO] (* ^ ω ^) / Main Loader Class \ (^ ω ^ *) Focus gained - App title restored
[INFO 2026-03-05T21:59:25.414061300] (* ^ ω ^) / Main Loader Class \ (^ ω ^ *) Focus lost - Track title: Ghostemane - Nails - [rf.ebanina.ebanina.Music.lambda$start$2(Music.java:354)] :: 2026-03-05T21:57:59.217199700[INFO] (* ^ ω ^) / Main Loader Class \ (^ ω ^ *) Focus gained - App title restored
[INFO 2026-03-05T22:01:30.331269600] (* ^ ω ^) / Main Loader Class \ (^ ω ^ *) Focus lost - Track title: Ghostemane - Plague Dr Mask II - [rf.ebanina.ebanina.Music.lambda$start$2(Music.java:354)] :: 2026-03-05T21:59:27.884779800[INFO] (* ^ ω ^) / Main Loader Class \ (^ ω ^ *) Focus gained - App title restored
[INFO 2026-03-05T22:02:48.684421900] (* ^ ω ^) / Main Loader Class \ (^ ω ^ *) Focus lost - Track title: Ghostemane - Plague Dr Mask II - [rf.ebanina.ebanina.Music.lambda$start$2(Music.java:354)] :: 2026-03-05T22:01:34.492252500[INFO] (* ^ ω ^) / Main Loader Class \ (^ ω ^ *) Focus gained - App title restored
[INFO 2026-03-05T22:16:11.374136600] (* ^ ω ^) / Main Loader Class \ (^ ω ^ *) Focus lost - Track title: Ghostemane - Plagues - [rf.ebanina.ebanina.Music.lambda$start$2(Music.java:354)] :: 2026-03-05T22:02:53.210808[INFO] (* ^ ω ^) / Main Loader Class \ (^ ω ^ *) Focus gained - App title restored
[INFO 2026-03-05T22:16:19.841720200] (* ^ ω ^) / Main Loader Class \ (^ ω ^ *) Focus lost - Track title: Ghostemane - Until the Light Takes Us - [rf.ebanina.ebanina.Music.lambda$start$2(Music.java:354)] :: 2026-03-05T22:16:18.277612600[INFO] (* ^ ω ^) / Main Loader Class \ (^ ω ^ *) Focus gained - App title restored
[INFO 2026-03-05T22:16:22.440359900] (* ^ ω ^) / Main Loader Class \ (^ ω ^ *) Focus lost - Track title: Ghostemane - Until the Light Takes Us - [rf.ebanina.ebanina.Music.lambda$start$2(Music.java:354)] :: 2026-03-05T22:16:20.583219600[INFO] (* ^ ω ^) / Main Loader Class \ (^ ω ^ *) Focus gained - App title restored
[INFO 2026-03-05T22:16:26.013140300] (* ^ ω ^) / Main Loader Class \ (^ ω ^ *) Focus lost - Track title: Ghostemane - Until the Light Takes Us - [rf.ebanina.ebanina.Music.lambda$start$2(Music.java:354)] :: 2026-03-05T22:16:24.105357[INFO] (* ^ ω ^) / Main Loader Class \ (^ ω ^ *) Focus gained - App title restored
[INFO 2026-03-05T22:19:18.964490100] (* ^ ω ^) / Main Loader Class \ (^ ω ^ *) Focus lost - Track title: Ghostemane - Until the Light Takes Us - [rf.ebanina.ebanina.Music.lambda$start$2(Music.java:354)] :: 2026-03-05T22:16:26.226262900[INFO] (* ^ ω ^) / Main Loader Class \ (^ ω ^ *) Focus gained - App title restored
