[INFO 2026-03-04T07:53:55.795459900] (* ^ ω ^) / Main Loader Class \ (^ ω ^ *) File logging initialized
[INFO 2026-03-04T07:53:55.865723900] (* ^ ω ^) / Main Loader Class \ (^ ω ^ *) Root stage reference set
[INFO 2026-03-04T07:53:55.934714700] (* ^ ω ^) / Main Loader Class \ (^ ω ^ *) Main scene created with root node
[INFO 2026-03-04T07:53:55.943772800] (* ^ ω ^) / Main Loader Class \ (^ ω ^ *) Stage configured with title: Ebanina (Mizuki): v1.4.7 - Mizuki - [rf.ebanina.ebanina.Music.start(Music.java:311)] :: 2026-03-04T07:53:55.936766300[INFO] (* ^ ω ^) / Main Loader Class \ (^ ω ^ *) Window geometry restored from session
[INFO 2026-03-04T07:53:56.185452900] (* ^ ω ^) / Main Loader Class \ (^ ω ^ *) Stage displayed with max constraints
[INFO 2026-03-04T07:53:56.187440100] (* ^ ω ^) / Main Loader Class \ (^ ω ^ *) Animations controller initialized
[INFO 2026-03-04T07:53:56.190441800] (* ^ ω ^) / Main Loader Class \ (^ ω ^ *) Exit event handler registered
[INFO 2026-03-04T07:53:56.285724500] (* ^ ω ^) / Main Loader Class \ (^ ω ^ *) Configuration FXML converter executed
[INFO 2026-03-04T07:53:56.285724500] (* ^ ω ^) / Main Loader Class \ (^ ω ^ *) Playlist cursorus prepare
[INFO 2026-03-04T07:53:56.575465200] (* ^ ω ^) / Main Loader Class \ (^ ω ^ *) GlobalScreen native hook registered successfully
[INFO 2026-03-04T07:53:56.576463800] (* ^ ω ^) / Main Loader Class \ (^ ω ^ *) KeyBindingController initialized and listeners registered
[PROFILER 2026-03-04T07:53:56.580456400] (* ^ ω ^) / Main Loader Class \ (^ ω ^ *) 1_772_600_036_580 * Root UI initialization start
[PROFILER 2026-03-04T07:53:56.839252900] (* ^ ω ^) / Main Loader Class \ (^ ω ^ *) 1_772_600_036_837 (Δ 257 ms) * Root UI initialization complete
[INFO 2026-03-04T07:53:56.846251600] (* ^ ω ^) / Main Loader Class \ (^ ω ^ *) Media cache (global map) initialized
[INFO 2026-03-04T07:53:56.936363300] (* ^ ω ^) / Main Loader Class \ (^ ω ^ *) Current track media loaded
[INFO 2026-03-04T07:53:56.940361800] (* ^ ω ^) / Main Loader Class \ (^ ω ^ *) MediaPlayer updated with new track
[INFO 2026-03-04T07:53:57.179735400] (* ^ ω ^) / Main Loader Class \ (^ ω ^ *) Root UI final setup complete
[INFO 2026-03-04T07:53:57.211733800] (* ^ ω ^) / Main Loader Class \ (^ ω ^ *) All UI handlers initialized
[INFO 2026-03-04T07:53:57.212733600] (* ^ ω ^) / Main Loader Class \ (^ ω ^ *) MediaProcessor fully initialized
[INFO 2026-03-04T07:53:57.215733500] (* ^ ω ^) / Main Loader Class \ (^ ω ^ *) Scene finalized and key listeners setup
[INFO 2026-03-04T07:53:57.252738800] (* ^ ω ^) / Main Loader Class \ (^ ω ^ *) User session loaded
[INFO 2026-03-04T07:53:57.266734] (* ^ ω ^) / Main Loader Class \ (^ ω ^ *) All mods loaded from folder
[ERROR 2026-03-04T07:53:57.512730800] (* ^ ω ^) / Main Loader Class \ (^ ω ^ *) java.base/sun.nio.ch.UnixDomainSockets.connect0(Native Method)
[ERROR 2026-03-04T07:53:57.513732900] (* ^ ω ^) / Main Loader Class \ (^ ω ^ *) java.base/sun.nio.ch.UnixDomainSockets.connect(UnixDomainSockets.java:154)
[ERROR 2026-03-04T07:53:57.514731900] (* ^ ω ^) / Main Loader Class \ (^ ω ^ *) java.base/sun.nio.ch.UnixDomainSockets.connect(UnixDomainSockets.java:150)
[ERROR 2026-03-04T07:53:57.515731400] (* ^ ω ^) / Main Loader Class \ (^ ω ^ *) java.base/sun.nio.ch.SocketChannelImpl.connect(SocketChannelImpl.java:878)
[ERROR 2026-03-04T07:53:57.515893] (* ^ ω ^) / Main Loader Class \ (^ ω ^ *) java.base/java.nio.channels.SocketChannel.open(SocketChannel.java:285)
[ERROR 2026-03-04T07:53:57.515893] (* ^ ω ^) / Main Loader Class \ (^ ω ^ *) rf.ebanina.ebanina.Player.AudioPlugins.PluginWrapper.sendRequest(PluginWrapper.java:44)
[ERROR 2026-03-04T07:53:57.516739200] (* ^ ω ^) / Main Loader Class \ (^ ω ^ *) rf.ebanina.ebanina.Music.start(Music.java:510)
[ERROR 2026-03-04T07:53:57.516739200] (* ^ ω ^) / Main Loader Class \ (^ ω ^ *) javafx.graphics/com.sun.javafx.application.LauncherImpl.lambda$launchApplication1$9(LauncherImpl.java:847)
[ERROR 2026-03-04T07:53:57.516739200] (* ^ ω ^) / Main Loader Class \ (^ ω ^ *) javafx.graphics/com.sun.javafx.application.PlatformImpl.lambda$runAndWait$12(PlatformImpl.java:484)
[ERROR 2026-03-04T07:53:57.517731300] (* ^ ω ^) / Main Loader Class \ (^ ω ^ *) javafx.graphics/com.sun.javafx.application.PlatformImpl.lambda$runLater$10(PlatformImpl.java:457)
[ERROR 2026-03-04T07:53:57.517731300] (* ^ ω ^) / Main Loader Class \ (^ ω ^ *) java.base/java.security.AccessController.doPrivileged(AccessController.java:400)
[ERROR 2026-03-04T07:53:57.518728300] (* ^ ω ^) / Main Loader Class \ (^ ω ^ *) javafx.graphics/com.sun.javafx.application.PlatformImpl.lambda$runLater$11(PlatformImpl.java:456)
[ERROR 2026-03-04T07:53:57.518728300] (* ^ ω ^) / Main Loader Class \ (^ ω ^ *) javafx.graphics/com.sun.glass.ui.InvokeLaterDispatcher$Future.run(InvokeLaterDispatcher.java:96)
[ERROR 2026-03-04T07:53:57.518728300] (* ^ ω ^) / Main Loader Class \ (^ ω ^ *) javafx.graphics/com.sun.glass.ui.win.WinApplication._runLoop(Native Method)
[ERROR 2026-03-04T07:53:57.519733900] (* ^ ω ^) / Main Loader Class \ (^ ω ^ *) javafx.graphics/com.sun.glass.ui.win.WinApplication.lambda$runLoop$3(WinApplication.java:184)
[ERROR 2026-03-04T07:53:57.519733900] (* ^ ω ^) / Main Loader Class \ (^ ω ^ *) java.base/java.lang.Thread.run(Thread.java:1583)
[PROFILER 2026-03-04T07:53:57.521735700] (* ^ ω ^) / Main Loader Class \ (^ ω ^ *) 1_772_600_037_521 (Δ 684 ms) * Application ENDUP Time
[WARN 2026-03-04T07:53:59.327289500SUCCESS: 78525 bytes] (* ^ ω ^) / Main Loader Class \ (^ ω ^ *) Focus listener error: icon can not be null.
Preview: {"tracks":{"href":"https://api.spotify.com/v1/search?offset=0&limit=20&query=06.%20DJ%20Squeeky%20-%20Victim%20Of%20A%20%20Pimp%20Shit.wav&type=track&locale=*","limit":20,"next":"https://api.spotify.c
SUCCESS: 78525 bytes
Preview: {"tracks":{"href":"https://api.spotify.com/v1/search?offset=0&limit=20&query=06.%20DJ%20Squeeky%20-%20Victim%20Of%20A%20%20Pimp%20Shit.wav&type=track&locale=*","limit":20,"next":"https://api.spotify.c
[INFO 2026-03-04T07:54:29.630155700] (* ^ ω ^) / Main Loader Class \ (^ ω ^ *) Focus gained - App title restored
[INFO 2026-03-04T07:54:34.569456300] (* ^ ω ^) / Main Loader Class \ (^ ω ^ *) Focus lost - Track title: Ghostemane - Mercury: Retrograde - [rf.ebanina.ebanina.Music.lambda$start$2(Music.java:354)] :: 2026-03-04T07:54:32.100100100[INFO] (* ^ ω ^) / Main Loader Class \ (^ ω ^ *) Focus gained - App title restored
[INFO 2026-03-04T07:54:41.905544500] (* ^ ω ^) / Main Loader Class \ (^ ω ^ *) Focus lost - Track title: Ghostemane - Mercury: Retrograde - [rf.ebanina.ebanina.Music.lambda$start$2(Music.java:354)] :: 2026-03-04T07:54:39.601919200[INFO] (* ^ ω ^) / Main Loader Class \ (^ ω ^ *) Focus gained - App title restored
[INFO 2026-03-04T07:54:49.626101800] (* ^ ω ^) / Main Loader Class \ (^ ω ^ *) Focus lost - Track title: Ghostemane - Mercury: Retrograde - [rf.ebanina.ebanina.Music.lambda$start$2(Music.java:354)] :: 2026-03-04T07:54:49.348823500[INFO] (* ^ ω ^) / Main Loader Class \ (^ ω ^ *) Focus gained - App title restored
[INFO 2026-03-04T07:55:04.302387600] (* ^ ω ^) / Main Loader Class \ (^ ω ^ *) Focus lost - Track title: Ghostemane - Mercury: Retrograde - [rf.ebanina.ebanina.Music.lambda$start$2(Music.java:354)] :: 2026-03-04T07:54:57.087613200[INFO] (* ^ ω ^) / Main Loader Class \ (^ ω ^ *) Focus gained - App title restored
[INFO 2026-03-04T07:55:22.177599700] (* ^ ω ^) / Main Loader Class \ (^ ω ^ *) Focus lost - Track title: Ghostemane - Until the Light Takes Us - [rf.ebanina.ebanina.Music.lambda$start$2(Music.java:354)] :: 2026-03-04T07:55:09.177357700[INFO] (* ^ ω ^) / Main Loader Class \ (^ ω ^ *) Focus gained - App title restored
[INFO 2026-03-04T08:04:40.753795200] (* ^ ω ^) / Main Loader Class \ (^ ω ^ *) Focus lost - Track title: Ghostemane - Until the Light Takes Us - [rf.ebanina.ebanina.Music.lambda$start$2(Music.java:354)] :: 2026-03-04T07:55:22.332177600[INFO] (* ^ ω ^) / Main Loader Class \ (^ ω ^ *) Focus gained - App title restored
[INFO 2026-03-04T08:04:51.420403200] (* ^ ω ^) / Main Loader Class \ (^ ω ^ *) Focus lost - Track title: Ghostemane - Until the Light Takes Us - [rf.ebanina.ebanina.Music.lambda$start$2(Music.java:354)] :: 2026-03-04T08:04:41.186962900[INFO] (* ^ ω ^) / Main Loader Class \ (^ ω ^ *) Focus gained - App title restored
[INFO 2026-03-04T08:05:02.851129700] (* ^ ω ^) / Main Loader Class \ (^ ω ^ *) Focus lost - Track title: Ghostemane - Until the Light Takes Us - [rf.ebanina.ebanina.Music.lambda$start$2(Music.java:354)] :: 2026-03-04T08:04:51.530404900[INFO] (* ^ ω ^) / Main Loader Class \ (^ ω ^ *) Focus gained - App title restored
[INFO 2026-03-04T08:05:06.720629800] (* ^ ω ^) / Main Loader Class \ (^ ω ^ *) Focus lost - Track title: Ghostemane - Until the Light Takes Us - [rf.ebanina.ebanina.Music.lambda$start$2(Music.java:354)] :: 2026-03-04T08:05:03.430928700[INFO] (* ^ ω ^) / Main Loader Class \ (^ ω ^ *) Focus gained - App title restored
[INFO 2026-03-04T08:05:08.873377900] (* ^ ω ^) / Main Loader Class \ (^ ω ^ *) Focus lost - Track title: Ghostemane - Until the Light Takes Us - [rf.ebanina.ebanina.Music.lambda$start$2(Music.java:354)] :: 2026-03-04T08:05:07.159420800[INFO] (* ^ ω ^) / Main Loader Class \ (^ ω ^ *) Focus gained - App title restored
[INFO 2026-03-04T08:05:13.050617300] (* ^ ω ^) / Main Loader Class \ (^ ω ^ *) Focus lost - Track title: Ghostemane - Until the Light Takes Us - [rf.ebanina.ebanina.Music.lambda$start$2(Music.java:354)] :: 2026-03-04T08:05:10.149397800[INFO] (* ^ ω ^) / Main Loader Class \ (^ ω ^ *) Focus gained - App title restored
[INFO 2026-03-04T08:05:21.799363] (* ^ ω ^) / Main Loader Class \ (^ ω ^ *) Focus lost - Track title: Ghostemane - Until the Light Takes Us - [rf.ebanina.ebanina.Music.lambda$start$2(Music.java:354)] :: 2026-03-04T08:05:15.404456900[INFO] (* ^ ω ^) / Main Loader Class \ (^ ω ^ *) Focus gained - App title restored
[INFO 2026-03-04T08:41:18.791482300] (* ^ ω ^) / Main Loader Class \ (^ ω ^ *) Focus lost - Track title: Ghostemane - Until the Light Takes Us - [rf.ebanina.ebanina.Music.lambda$start$2(Music.java:354)] :: 2026-03-04T08:05:26.697259500[INFO] (* ^ ω ^) / Main Loader Class \ (^ ω ^ *) Focus gained - App title restored
[INFO 2026-03-04T08:41:27.847566500] (* ^ ω ^) / Main Loader Class \ (^ ω ^ *) Focus lost - Track title: Ghostemane - Until the Light Takes Us - [rf.ebanina.ebanina.Music.lambda$start$2(Music.java:354)] :: 2026-03-04T08:41:26.685277100[INFO] (* ^ ω ^) / Main Loader Class \ (^ ω ^ *) Focus gained - App title restored
[INFO 2026-03-04T08:42:17.650091100] (* ^ ω ^) / Main Loader Class \ (^ ω ^ *) Focus lost - Track title: Ghostemane - Until the Light Takes Us - [rf.ebanina.ebanina.Music.lambda$start$2(Music.java:354)] :: 2026-03-04T08:41:30.052837300[INFO] (* ^ ω ^) / Main Loader Class \ (^ ω ^ *) Focus gained - App title restored
[INFO 2026-03-04T08:42:28.605951] (* ^ ω ^) / Main Loader Class \ (^ ω ^ *) Focus lost - Track title: Ghostemane - Until the Light Takes Us - [rf.ebanina.ebanina.Music.lambda$start$2(Music.java:354)] :: 2026-03-04T08:42:19.026905[INFO] (* ^ ω ^) / Main Loader Class \ (^ ω ^ *) Focus gained - App title restored
[INFO 2026-03-04T09:18:55.669249500] (* ^ ω ^) / Main Loader Class \ (^ ω ^ *) Focus lost - Track title: Ghostemane - Venom - [rf.ebanina.ebanina.Music.lambda$start$2(Music.java:354)] :: 2026-03-04T08:42:29.969639500[INFO] (* ^ ω ^) / Main Loader Class \ (^ ω ^ *) Focus gained - App title restored
[INFO 2026-03-04T09:19:17.472936200] (* ^ ω ^) / Main Loader Class \ (^ ω ^ *) Focus lost - Track title: Ghostemane - Venom - [rf.ebanina.ebanina.Music.lambda$start$2(Music.java:354)] :: 2026-03-04T09:19:00.250414700[INFO] (* ^ ω ^) / Main Loader Class \ (^ ω ^ *) Focus gained - App title restored
[INFO 2026-03-04T09:19:19.820843400] (* ^ ω ^) / Main Loader Class \ (^ ω ^ *) Focus lost - Track title: Ghostemane - Venom - [rf.ebanina.ebanina.Music.lambda$start$2(Music.java:354)] :: 2026-03-04T09:19:17.876718700[INFO] (* ^ ω ^) / Main Loader Class \ (^ ω ^ *) Focus gained - App title restored
[INFO 2026-03-04T09:20:24.580402500] (* ^ ω ^) / Main Loader Class \ (^ ω ^ *) Focus lost - Track title: Ghostemane - Venom - [rf.ebanina.ebanina.Music.lambda$start$2(Music.java:354)] :: 2026-03-04T09:19:19.937839[INFO] (* ^ ω ^) / Main Loader Class \ (^ ω ^ *) Focus gained - App title restored
[INFO 2026-03-04T09:22:34.972832700] (* ^ ω ^) / Main Loader Class \ (^ ω ^ *) Focus lost - Track title: Ghostemane - Wishers Lose Copper Dreamers Lose Everything - [rf.ebanina.ebanina.Music.lambda$start$2(Music.java:354)] :: 2026-03-04T09:20:25.606571300[INFO] (* ^ ω ^) / Main Loader Class \ (^ ω ^ *) Focus gained - App title restored
[INFO 2026-03-04T09:23:11.780564100] (* ^ ω ^) / Main Loader Class \ (^ ω ^ *) Focus lost - Track title: Ghostemane - Wishers Lose Copper Dreamers Lose Everything - [rf.ebanina.ebanina.Music.lambda$start$2(Music.java:354)] :: 2026-03-04T09:22:38.343510[INFO] (* ^ ω ^) / Main Loader Class \ (^ ω ^ *) Focus gained - App title restored
[INFO 2026-03-04T09:24:12.323337400] (* ^ ω ^) / Main Loader Class \ (^ ω ^ *) Focus lost - Track title: Ghostemane - D(R)Own - [rf.ebanina.ebanina.Music.lambda$start$2(Music.java:354)] :: 2026-03-04T09:23:13.939403400[INFO] (* ^ ω ^) / Main Loader Class \ (^ ω ^ *) Focus gained - App title restored
[INFO 2026-03-04T09:24:16.248373200] (* ^ ω ^) / Main Loader Class \ (^ ω ^ *) Focus lost - Track title: Ghostemane - D(R)Own - [rf.ebanina.ebanina.Music.lambda$start$2(Music.java:354)] :: 2026-03-04T09:24:12.669672200[INFO] (* ^ ω ^) / Main Loader Class \ (^ ω ^ *) Focus gained - App title restored
[INFO 2026-03-04T09:24:18.986108300] (* ^ ω ^) / Main Loader Class \ (^ ω ^ *) Focus lost - Track title: Ghostemane - D(R)Own - [rf.ebanina.ebanina.Music.lambda$start$2(Music.java:354)] :: 2026-03-04T09:24:16.425792400[INFO] (* ^ ω ^) / Main Loader Class \ (^ ω ^ *) Focus gained - App title restored
[INFO 2026-03-04T09:24:37.376488] (* ^ ω ^) / Main Loader Class \ (^ ω ^ *) Focus lost - Track title: Ghostemane - D(R)Own - [rf.ebanina.ebanina.Music.lambda$start$2(Music.java:354)] :: 2026-03-04T09:24:19.472234300[INFO] (* ^ ω ^) / Main Loader Class \ (^ ω ^ *) Focus gained - App title restored
[INFO 2026-03-04T09:25:55.249523900] (* ^ ω ^) / Main Loader Class \ (^ ω ^ *) Focus lost - Track title: Ghostemane - D(R)Own - [rf.ebanina.ebanina.Music.lambda$start$2(Music.java:354)] :: 2026-03-04T09:24:38.736121800[INFO] (* ^ ω ^) / Main Loader Class \ (^ ω ^ *) Focus gained - App title restored
[INFO 2026-03-04T09:25:57.278433] (* ^ ω ^) / Main Loader Class \ (^ ω ^ *) Focus lost - Track title: Ghostemane - Elixir - [rf.ebanina.ebanina.Music.lambda$start$2(Music.java:354)] :: 2026-03-04T09:25:55.566265200[INFO] (* ^ ω ^) / Main Loader Class \ (^ ω ^ *) Focus gained - App title restored
[INFO 2026-03-04T09:28:18.773415600] (* ^ ω ^) / Main Loader Class \ (^ ω ^ *) Focus lost - Track title: Ghostemane - Elixir - [rf.ebanina.ebanina.Music.lambda$start$2(Music.java:354)] :: 2026-03-04T09:25:57.408458200[INFO] (* ^ ω ^) / Main Loader Class \ (^ ω ^ *) Focus gained - App title restored
[INFO 2026-03-04T09:32:59.687552700] (* ^ ω ^) / Main Loader Class \ (^ ω ^ *) Focus lost - Track title: Ghostemane - Elixir - [rf.ebanina.ebanina.Music.lambda$start$2(Music.java:354)] :: 2026-03-04T09:28:20.398704[INFO] (* ^ ω ^) / Main Loader Class \ (^ ω ^ *) Focus gained - App title restored
[INFO 2026-03-04T09:33:47.597623900] (* ^ ω ^) / Main Loader Class \ (^ ω ^ *) Focus lost - Track title: Ghostemane - Hexada - [rf.ebanina.ebanina.Music.lambda$start$2(Music.java:354)] :: 2026-03-04T09:33:00.076879600[INFO] (* ^ ω ^) / Main Loader Class \ (^ ω ^ *) Focus gained - App title restored
[INFO 2026-03-04T09:33:56.866514300] (* ^ ω ^) / Main Loader Class \ (^ ω ^ *) Focus lost - Track title: Ghostemane - Plagues - [rf.ebanina.ebanina.Music.lambda$start$2(Music.java:354)] :: 2026-03-04T09:33:53.900629100[INFO] (* ^ ω ^) / Main Loader Class \ (^ ω ^ *) Focus gained - App title restored
[INFO 2026-03-04T09:34:18.282463600] (* ^ ω ^) / Main Loader Class \ (^ ω ^ *) Focus lost - Track title: Ghostemane - Plagues - [rf.ebanina.ebanina.Music.lambda$start$2(Music.java:354)] :: 2026-03-04T09:33:57.403880100[INFO] (* ^ ω ^) / Main Loader Class \ (^ ω ^ *) Focus gained - App title restored
[INFO 2026-03-04T09:37:03.859307300] (* ^ ω ^) / Main Loader Class \ (^ ω ^ *) Focus lost - Track title: Ghostemane - Plagues - [rf.ebanina.ebanina.Music.lambda$start$2(Music.java:354)] :: 2026-03-04T09:34:18.423013500[INFO] (* ^ ω ^) / Main Loader Class \ (^ ω ^ *) Focus gained - App title restored
[INFO 2026-03-04T09:52:45.872647800] (* ^ ω ^) / Main Loader Class \ (^ ω ^ *) Focus lost - Track title: Ghostemane - Plagues - [rf.ebanina.ebanina.Music.lambda$start$2(Music.java:354)] :: 2026-03-04T09:37:03.970568200[INFO] (* ^ ω ^) / Main Loader Class \ (^ ω ^ *) Focus gained - App title restored
