[INFO 2026-03-01T16:06:47.227112400] (* ^ ω ^) / Main Loader Class \ (^ ω ^ *) File logging initialized
[INFO 2026-03-01T16:06:47.266919800] (* ^ ω ^) / Main Loader Class \ (^ ω ^ *) Root stage reference set
[INFO 2026-03-01T16:06:47.316806300] (* ^ ω ^) / Main Loader Class \ (^ ω ^ *) Main scene created with root node
[INFO 2026-03-01T16:06:47.321761800] (* ^ ω ^) / Main Loader Class \ (^ ω ^ *) Stage configured with title: Ebanina (Mizuki): v1.4.7 - Mizuki - [rf.ebanina.ebanina.Music.start(Music.java:311)] :: 2026-03-01T16:06:47.317753300[INFO] (* ^ ω ^) / Main Loader Class \ (^ ω ^ *) Window geometry restored from session
[INFO 2026-03-01T16:06:47.496575200] (* ^ ω ^) / Main Loader Class \ (^ ω ^ *) Stage displayed with max constraints
[INFO 2026-03-01T16:06:47.498814500] (* ^ ω ^) / Main Loader Class \ (^ ω ^ *) Animations controller initialized
[INFO 2026-03-01T16:06:47.499575100] (* ^ ω ^) / Main Loader Class \ (^ ω ^ *) Exit event handler registered
[INFO 2026-03-01T16:06:47.554268900] (* ^ ω ^) / Main Loader Class \ (^ ω ^ *) Configuration FXML converter executed
[INFO 2026-03-01T16:06:47.554268900] (* ^ ω ^) / Main Loader Class \ (^ ω ^ *) Playlist cursorus prepare
[INFO 2026-03-01T16:06:47.623651600] (* ^ ω ^) / Main Loader Class \ (^ ω ^ *) GlobalScreen native hook registered successfully
[INFO 2026-03-01T16:06:47.624645400] (* ^ ω ^) / Main Loader Class \ (^ ω ^ *) KeyBindingController initialized and listeners registered
[PROFILER 2026-03-01T16:06:47.628343900] (* ^ ω ^) / Main Loader Class \ (^ ω ^ *) 1_772_370_407_628 * Root UI initialization start
[PROFILER 2026-03-01T16:06:47.807537100] (* ^ ω ^) / Main Loader Class \ (^ ω ^ *) 1_772_370_407_805 (Δ 177 ms) * Root UI initialization complete
[INFO 2026-03-01T16:06:47.813533600] (* ^ ω ^) / Main Loader Class \ (^ ω ^ *) Media cache (global map) initialized
[INFO 2026-03-01T16:06:47.873532200] (* ^ ω ^) / Main Loader Class \ (^ ω ^ *) Current track media loaded
[INFO 2026-03-01T16:06:47.875532200] (* ^ ω ^) / Main Loader Class \ (^ ω ^ *) MediaPlayer updated with new track
[INFO 2026-03-01T16:06:47.995534500] (* ^ ω ^) / Main Loader Class \ (^ ω ^ *) Root UI final setup complete
[INFO 2026-03-01T16:06:48.003534800] (* ^ ω ^) / Main Loader Class \ (^ ω ^ *) All UI handlers initialized
[INFO 2026-03-01T16:06:48.005533300] (* ^ ω ^) / Main Loader Class \ (^ ω ^ *) MediaProcessor fully initialized
[INFO 2026-03-01T16:06:48.005533300] (* ^ ω ^) / Main Loader Class \ (^ ω ^ *) Scene finalized and key listeners setup
[INFO 2026-03-01T16:06:48.009532400] (* ^ ω ^) / Main Loader Class \ (^ ω ^ *) User session loaded
[INFO 2026-03-01T16:06:48.011535300] (* ^ ω ^) / Main Loader Class \ (^ ω ^ *) All mods loaded from folder
[ERROR 2026-03-01T16:06:48.049071700] (* ^ ω ^) / Main Loader Class \ (^ ω ^ *) java.base/sun.nio.ch.UnixDomainSockets.connect0(Native Method)
[ERROR 2026-03-01T16:06:48.050085900] (* ^ ω ^) / Main Loader Class \ (^ ω ^ *) java.base/sun.nio.ch.UnixDomainSockets.connect(UnixDomainSockets.java:154)
[ERROR 2026-03-01T16:06:48.051097800] (* ^ ω ^) / Main Loader Class \ (^ ω ^ *) java.base/sun.nio.ch.UnixDomainSockets.connect(UnixDomainSockets.java:150)
[ERROR 2026-03-01T16:06:48.052093900] (* ^ ω ^) / Main Loader Class \ (^ ω ^ *) java.base/sun.nio.ch.SocketChannelImpl.connect(SocketChannelImpl.java:878)
[ERROR 2026-03-01T16:06:48.053091800] (* ^ ω ^) / Main Loader Class \ (^ ω ^ *) java.base/java.nio.channels.SocketChannel.open(SocketChannel.java:285)
[ERROR 2026-03-01T16:06:48.054096300] (* ^ ω ^) / Main Loader Class \ (^ ω ^ *) rf.ebanina.ebanina.Player.AudioPlugins.PluginWrapper.sendRequest(PluginWrapper.java:44)
[ERROR 2026-03-01T16:06:48.054096300] (* ^ ω ^) / Main Loader Class \ (^ ω ^ *) rf.ebanina.ebanina.Music.start(Music.java:510)
[ERROR 2026-03-01T16:06:48.055089300] (* ^ ω ^) / Main Loader Class \ (^ ω ^ *) javafx.graphics/com.sun.javafx.application.LauncherImpl.lambda$launchApplication1$9(LauncherImpl.java:847)
[ERROR 2026-03-01T16:06:48.055089300] (* ^ ω ^) / Main Loader Class \ (^ ω ^ *) javafx.graphics/com.sun.javafx.application.PlatformImpl.lambda$runAndWait$12(PlatformImpl.java:484)
[ERROR 2026-03-01T16:06:48.056090] (* ^ ω ^) / Main Loader Class \ (^ ω ^ *) javafx.graphics/com.sun.javafx.application.PlatformImpl.lambda$runLater$10(PlatformImpl.java:457)
[ERROR 2026-03-01T16:06:48.057090400] (* ^ ω ^) / Main Loader Class \ (^ ω ^ *) java.base/java.security.AccessController.doPrivileged(AccessController.java:400)
[ERROR 2026-03-01T16:06:48.057090400] (* ^ ω ^) / Main Loader Class \ (^ ω ^ *) javafx.graphics/com.sun.javafx.application.PlatformImpl.lambda$runLater$11(PlatformImpl.java:456)
[ERROR 2026-03-01T16:06:48.057090400] (* ^ ω ^) / Main Loader Class \ (^ ω ^ *) javafx.graphics/com.sun.glass.ui.InvokeLaterDispatcher$Future.run(InvokeLaterDispatcher.java:96)
[ERROR 2026-03-01T16:06:48.058088500] (* ^ ω ^) / Main Loader Class \ (^ ω ^ *) javafx.graphics/com.sun.glass.ui.win.WinApplication._runLoop(Native Method)
[ERROR 2026-03-01T16:06:48.058088500] (* ^ ω ^) / Main Loader Class \ (^ ω ^ *) javafx.graphics/com.sun.glass.ui.win.WinApplication.lambda$runLoop$3(WinApplication.java:184)
[ERROR 2026-03-01T16:06:48.059086800] (* ^ ω ^) / Main Loader Class \ (^ ω ^ *) java.base/java.lang.Thread.run(Thread.java:1583)
[PROFILER 2026-03-01T16:06:48.060089600] (* ^ ω ^) / Main Loader Class \ (^ ω ^ *) 1_772_370_408_060 (Δ 255 ms) * Application ENDUP Time
[INFO 2026-03-01T16:06:50.603051800] (* ^ ω ^) / Main Loader Class \ (^ ω ^ *) Focus lost - Track title: Archez - Suxcess - [rf.ebanina.ebanina.Music.lambda$start$2(Music.java:354)] :: 2026-03-01T16:06:50.003517500[INFO] (* ^ ω ^) / Main Loader Class \ (^ ω ^ *) Focus gained - App title restored
SUCCESS: 78302 bytes
Preview: {"tracks":{"href":"https://api.spotify.com/v1/search?offset=0&limit=20&query=06.%20DJ%20Squeeky%20-%20Victim%20Of%20A%20%20Pimp%20Shit.wav&type=track&locale=*","limit":20,"next":"https://api.spotify.c
SUCCESS: 78302 bytes
Preview: {"tracks":{"href":"https://api.spotify.com/v1/search?offset=0&limit=20&query=06.%20DJ%20Squeeky%20-%20Victim%20Of%20A%20%20Pimp%20Shit.wav&type=track&locale=*","limit":20,"next":"https://api.spotify.c
[INFO 2026-03-01T16:07:09.342143600] (* ^ ω ^) / Main Loader Class \ (^ ω ^ *) Focus lost - Track title: BLVC SVND x GIZMO (MUSIC BOOST) - I PUT MY DICK IN YOUR MENTAL - [rf.ebanina.ebanina.Music.lambda$start$2(Music.java:354)] :: 2026-03-01T16:06:57.012250400[INFO] (* ^ ω ^) / Main Loader Class \ (^ ω ^ *) Focus gained - App title restored
[INFO 2026-03-01T16:07:20.068593200] (* ^ ω ^) / Main Loader Class \ (^ ω ^ *) Focus lost - Track title: BLVC SVND x GIZMO (MUSIC BOOST) - I PUT MY DICK IN YOUR MENTAL - [rf.ebanina.ebanina.Music.lambda$start$2(Music.java:354)] :: 2026-03-01T16:07:09.814013500[INFO] (* ^ ω ^) / Main Loader Class \ (^ ω ^ *) Focus gained - App title restored
[INFO 2026-03-01T16:08:45.009071700] (* ^ ω ^) / Main Loader Class \ (^ ω ^ *) Focus lost - Track title: BLVC SVND x GIZMO (MUSIC BOOST) - I PUT MY DICK IN YOUR MENTAL - [rf.ebanina.ebanina.Music.lambda$start$2(Music.java:354)] :: 2026-03-01T16:07:24.468175100[INFO] (* ^ ω ^) / Main Loader Class \ (^ ω ^ *) Focus gained - App title restored
[INFO 2026-03-01T16:08:56.681122600] (* ^ ω ^) / Main Loader Class \ (^ ω ^ *) Focus lost - Track title: KARTER DARK, MASKFACE CRICK, noCPR - THEIR LAND, THEIR BLOOD - [rf.ebanina.ebanina.Music.lambda$start$2(Music.java:354)] :: 2026-03-01T16:08:49.837157100[INFO] (* ^ ω ^) / Main Loader Class \ (^ ω ^ *) Focus gained - App title restored
[INFO 2026-03-01T16:08:58.417444400] (* ^ ω ^) / Main Loader Class \ (^ ω ^ *) Focus lost - Track title: KARTER DARK, MASKFACE CRICK, noCPR - THEIR LAND, THEIR BLOOD - [rf.ebanina.ebanina.Music.lambda$start$2(Music.java:354)] :: 2026-03-01T16:08:56.973516700[INFO] (* ^ ω ^) / Main Loader Class \ (^ ω ^ *) Focus gained - App title restored
SUCCESS: 78302 bytes
Preview: {"tracks":{"href":"https://api.spotify.com/v1/search?offset=0&limit=20&query=06.%20DJ%20Squeeky%20-%20Victim%20Of%20A%20%20Pimp%20Shit.wav&type=track&locale=*","limit":20,"next":"https://api.spotify.c
SUCCESS: 78302 bytes
Preview: {"tracks":{"href":"https://api.spotify.com/v1/search?offset=0&limit=20&query=06.%20DJ%20Squeeky%20-%20Victim%20Of%20A%20%20Pimp%20Shit.wav&type=track&locale=*","limit":20,"next":"https://api.spotify.c
[INFO 2026-03-01T16:09:25.454269600] (* ^ ω ^) / Main Loader Class \ (^ ω ^ *) Focus lost - Track title: KARTER DARK, MASKFACE CRICK, noCPR - THEIR LAND, THEIR BLOOD - [rf.ebanina.ebanina.Music.lambda$start$2(Music.java:354)] :: 2026-03-01T16:09:11.989217400[INFO] (* ^ ω ^) / Main Loader Class \ (^ ω ^ *) Focus gained - App title restored
[INFO 2026-03-01T16:10:24.474592800] (* ^ ω ^) / Main Loader Class \ (^ ω ^ *) Focus lost - Track title: CUPREOUS - POLTERGEIST - [rf.ebanina.ebanina.Music.lambda$start$2(Music.java:354)] :: 2026-03-01T16:09:29.353116700[INFO] (* ^ ω ^) / Main Loader Class \ (^ ω ^ *) Focus gained - App title restored
[INFO 2026-03-01T16:10:28.954590500] (* ^ ω ^) / Main Loader Class \ (^ ω ^ *) Focus lost - Track title: CUPREOUS - POLTERGEIST - [rf.ebanina.ebanina.Music.lambda$start$2(Music.java:354)] :: 2026-03-01T16:10:24.897869900[INFO] (* ^ ω ^) / Main Loader Class \ (^ ω ^ *) Focus gained - App title restored
[INFO 2026-03-01T16:10:52.525292500] (* ^ ω ^) / Main Loader Class \ (^ ω ^ *) Focus lost - Track title: CUPREOUS - POLTERGEIST - [rf.ebanina.ebanina.Music.lambda$start$2(Music.java:354)] :: 2026-03-01T16:10:29.079510300[INFO] (* ^ ω ^) / Main Loader Class \ (^ ω ^ *) Focus gained - App title restored
[INFO 2026-03-01T16:11:38.213979500] (* ^ ω ^) / Main Loader Class \ (^ ω ^ *) Focus lost - Track title: CUPREOUS - POLTERGEIST - [rf.ebanina.ebanina.Music.lambda$start$2(Music.java:354)] :: 2026-03-01T16:10:53.058151400[INFO] (* ^ ω ^) / Main Loader Class \ (^ ω ^ *) Focus gained - App title restored
[INFO 2026-03-01T16:13:33.041389800] (* ^ ω ^) / Main Loader Class \ (^ ω ^ *) Focus lost - Track title: CUPREOUS - POLTERGEIST - [rf.ebanina.ebanina.Music.lambda$start$2(Music.java:354)] :: 2026-03-01T16:11:51.515161100[INFO] (* ^ ω ^) / Main Loader Class \ (^ ω ^ *) Focus gained - App title restored
[INFO 2026-03-01T16:14:49.505166700] (* ^ ω ^) / Main Loader Class \ (^ ω ^ *) Focus lost - Track title: RHODAMINE - 2000 Maniacs - [rf.ebanina.ebanina.Music.lambda$start$2(Music.java:354)] :: 2026-03-01T16:13:35.154004[INFO] (* ^ ω ^) / Main Loader Class \ (^ ω ^ *) Focus gained - App title restored
[INFO 2026-03-01T16:14:51.727604900] (* ^ ω ^) / Main Loader Class \ (^ ω ^ *) Focus lost - Track title: RHODAMINE - 3000 Maniacs - [rf.ebanina.ebanina.Music.lambda$start$2(Music.java:354)] :: 2026-03-01T16:14:50.308145400[INFO] (* ^ ω ^) / Main Loader Class \ (^ ω ^ *) Focus gained - App title restored
[INFO 2026-03-01T16:46:53.203815400] (* ^ ω ^) / Main Loader Class \ (^ ω ^ *) Focus lost - Track title: RHODAMINE - 3000 Maniacs - [rf.ebanina.ebanina.Music.lambda$start$2(Music.java:354)] :: 2026-03-01T16:14:53.066211800[INFO] (* ^ ω ^) / Main Loader Class \ (^ ω ^ *) Focus gained - App title restored
[INFO 2026-03-01T16:52:13.892649800] (* ^ ω ^) / Main Loader Class \ (^ ω ^ *) Focus lost - Track title: Memphis Cult, Xirou, DEAMYSIZE - Slow gang - [rf.ebanina.ebanina.Music.lambda$start$2(Music.java:354)] :: 2026-03-01T16:47:27.689703200[INFO] (* ^ ω ^) / Main Loader Class \ (^ ω ^ *) Focus gained - App title restored
[INFO 2026-03-01T16:52:31.257375200SUCCESS: 75161 bytes] (* ^ ω ^) / Main Loader Class \ (^ ω ^ *) Focus lost - Track title: Memphis Cult, NEXNCLXUD - DirtyMoney
Preview: {"tracks":{"href":"https://api.spotify.com/v1/search?offset=0&limit=20&query=JUNTMANE%20-%20CORRUPT%20III&type=track&locale=*","limit":20,"next":"https://api.spotify.com/v1/search?offset=20&limit=20&q
[INFO 2026-03-01T16:52:37.629046800] (* ^ ω ^) / Main Loader Class \ (^ ω ^ *) Focus gained - App title restored
[INFO 2026-03-01T16:55:18.009860300] (* ^ ω ^) / Main Loader Class \ (^ ω ^ *) Focus lost - Track title: JUNTMANE - CORRUPT III - [rf.ebanina.ebanina.Music.lambda$start$2(Music.java:354)] :: 2026-03-01T16:52:41.481805200[INFO] (* ^ ω ^) / Main Loader Class \ (^ ω ^ *) Focus gained - App title restored
[INFO 2026-03-01T16:56:19.734341700] (* ^ ω ^) / Main Loader Class \ (^ ω ^ *) Focus lost - Track title: Memphis Cult, Groove Dealers, SPLYXER - 9mm - [rf.ebanina.ebanina.Music.lambda$start$2(Music.java:354)] :: 2026-03-01T16:55:30.294257800[INFO] (* ^ ω ^) / Main Loader Class \ (^ ω ^ *) Focus gained - App title restored
[INFO 2026-03-01T17:04:32.135695700] (* ^ ω ^) / Main Loader Class \ (^ ω ^ *) Focus lost - Track title: Memphis Cult, Groove Dealers, SPLYXER - 9mm - [rf.ebanina.ebanina.Music.lambda$start$2(Music.java:354)] :: 2026-03-01T16:56:19.806870700[INFO] (* ^ ω ^) / Main Loader Class \ (^ ω ^ *) Focus gained - App title restored
[INFO 2026-03-01T17:04:34.390748800SUCCESS: 84332 bytes] (* ^ ω ^) / Main Loader Class \ (^ ω ^ *) Focus lost - Track title: Memphis Cult, Groove Dealers, SPLYXER - 9mm
Preview: {"tracks":{"href":"https://api.spotify.com/v1/search?offset=0&limit=20&query=Memphis%20Cult%2C%20Groove%20Dealers%2C%20SPLYXER%20-%209mm&type=track&locale=*","limit":20,"next":"https://api.spotify.com
[INFO 2026-03-01T17:04:41.336745400] (* ^ ω ^) / Main Loader Class \ (^ ω ^ *) Focus gained - App title restored
[INFO 2026-03-01T17:04:44.063491600] (* ^ ω ^) / Main Loader Class \ (^ ω ^ *) Focus lost - Track title: Memphis Cult, Groove Dealers, SPLYXER - 9mm - [rf.ebanina.ebanina.Music.lambda$start$2(Music.java:354)] :: 2026-03-01T17:04:43.543969400[INFO] (* ^ ω ^) / Main Loader Class \ (^ ω ^ *) Focus gained - App title restored
[INFO 2026-03-01T17:08:24.614078700] (* ^ ω ^) / Main Loader Class \ (^ ω ^ *) Focus lost - Track title: Memphis Cult, Groove Dealers, SPLYXER - 9mm - [rf.ebanina.ebanina.Music.lambda$start$2(Music.java:354)] :: 2026-03-01T17:04:44.150967100[INFO] (* ^ ω ^) / Main Loader Class \ (^ ω ^ *) Focus gained - App title restored
[INFO 2026-03-01T18:10:10.005021500] (* ^ ω ^) / Main Loader Class \ (^ ω ^ *) Focus lost - Track title: KUTE - MIND SPLIT - [rf.ebanina.ebanina.Music.lambda$start$2(Music.java:354)] :: 2026-03-01T17:08:46.687008500[INFO] (* ^ ω ^) / Main Loader Class \ (^ ω ^ *) Focus gained - App title restored
[INFO 2026-03-01T18:10:39.998032800] (* ^ ω ^) / Main Loader Class \ (^ ω ^ *) Focus lost - Track title: Scxr soul & Sx1nxwy - DEMONS IN MY SOUL - [rf.ebanina.ebanina.Music.lambda$start$2(Music.java:354)] :: 2026-03-01T18:10:38.212050900[INFO] (* ^ ω ^) / Main Loader Class \ (^ ω ^ *) Focus gained - App title restored
[INFO 2026-03-01T18:10:47.645919400] (* ^ ω ^) / Main Loader Class \ (^ ω ^ *) Focus lost - Track title: Scxr soul & Sx1nxwy - DEMONS IN MY SOUL - [rf.ebanina.ebanina.Music.lambda$start$2(Music.java:354)] :: 2026-03-01T18:10:41.519046800[INFO] (* ^ ω ^) / Main Loader Class \ (^ ω ^ *) Focus gained - App title restored
[INFO 2026-03-01T18:11:05.344456500] (* ^ ω ^) / Main Loader Class \ (^ ω ^ *) Focus lost - Track title: Scxr soul & Sx1nxwy - DEMONS IN MY SOUL - [rf.ebanina.ebanina.Music.lambda$start$2(Music.java:354)] :: 2026-03-01T18:10:47.937422700[INFO] (* ^ ω ^) / Main Loader Class \ (^ ω ^ *) Focus gained - App title restored
[INFO 2026-03-01T18:11:21.074274700] (* ^ ω ^) / Main Loader Class \ (^ ω ^ *) Focus lost - Track title: Scxr soul & Sx1nxwy - DEMONS IN MY SOUL - [rf.ebanina.ebanina.Music.lambda$start$2(Music.java:354)] :: 2026-03-01T18:11:06.134236200[INFO] (* ^ ω ^) / Main Loader Class \ (^ ω ^ *) Focus gained - App title restored
[INFO 2026-03-01T18:11:39.941797500] (* ^ ω ^) / Main Loader Class \ (^ ω ^ *) Focus lost - Track title: Scxr soul & Sx1nxwy - DEMONS IN MY SOUL - [rf.ebanina.ebanina.Music.lambda$start$2(Music.java:354)] :: 2026-03-01T18:11:21.392486600[INFO] (* ^ ω ^) / Main Loader Class \ (^ ω ^ *) Focus gained - App title restored
[INFO 2026-03-01T18:11:59.258164400] (* ^ ω ^) / Main Loader Class \ (^ ω ^ *) Focus lost - Track title: Scxr soul & Sx1nxwy - DEMONS IN MY SOUL - [rf.ebanina.ebanina.Music.lambda$start$2(Music.java:354)] :: 2026-03-01T18:11:40.085993200[INFO] (* ^ ω ^) / Main Loader Class \ (^ ω ^ *) Focus gained - App title restored
[INFO 2026-03-01T18:12:10.787470] (* ^ ω ^) / Main Loader Class \ (^ ω ^ *) Focus lost - Track title: Scxr soul & Sx1nxwy - DEMONS IN MY SOUL - [rf.ebanina.ebanina.Music.lambda$start$2(Music.java:354)] :: 2026-03-01T18:11:59.536883300[INFO] (* ^ ω ^) / Main Loader Class \ (^ ω ^ *) Focus gained - App title restored
[INFO 2026-03-01T18:12:13.974438600] (* ^ ω ^) / Main Loader Class \ (^ ω ^ *) Focus lost - Track title: Scxr soul & Sx1nxwy - DEMONS IN MY SOUL - [rf.ebanina.ebanina.Music.lambda$start$2(Music.java:354)] :: 2026-03-01T18:12:11.983022300[INFO] (* ^ ω ^) / Main Loader Class \ (^ ω ^ *) Focus gained - App title restored
SUCCESS: 78302 bytes
Preview: {"tracks":{"href":"https://api.spotify.com/v1/search?offset=0&limit=20&query=06.%20DJ%20Squeeky%20-%20Victim%20Of%20A%20%20Pimp%20Shit.wav&type=track&locale=*","limit":20,"next":"https://api.spotify.c
SUCCESS: 78302 bytes
Preview: {"tracks":{"href":"https://api.spotify.com/v1/search?offset=0&limit=20&query=06.%20DJ%20Squeeky%20-%20Victim%20Of%20A%20%20Pimp%20Shit.wav&type=track&locale=*","limit":20,"next":"https://api.spotify.c
[INFO 2026-03-01T18:12:25.936968800] (* ^ ω ^) / Main Loader Class \ (^ ω ^ *) Focus lost - Track title: Ghostemane - Euronymous - [rf.ebanina.ebanina.Music.lambda$start$2(Music.java:354)] :: 2026-03-01T18:12:22.389562100[INFO] (* ^ ω ^) / Main Loader Class \ (^ ω ^ *) Focus gained - App title restored
[INFO 2026-03-01T18:12:31.087843400] (* ^ ω ^) / Main Loader Class \ (^ ω ^ *) Focus lost - Track title: Ghostemane - Euronymous - [rf.ebanina.ebanina.Music.lambda$start$2(Music.java:354)] :: 2026-03-01T18:12:26.508966100[INFO] (* ^ ω ^) / Main Loader Class \ (^ ω ^ *) Focus gained - App title restored
[INFO 2026-03-01T18:14:49.831073700] (* ^ ω ^) / Main Loader Class \ (^ ω ^ *) Focus lost - Track title: Ghostemane - Euronymous - [rf.ebanina.ebanina.Music.lambda$start$2(Music.java:354)] :: 2026-03-01T18:12:32.052594200[INFO] (* ^ ω ^) / Main Loader Class \ (^ ω ^ *) Focus gained - App title restored
[INFO 2026-03-01T18:15:32.232983400] (* ^ ω ^) / Main Loader Class \ (^ ω ^ *) Focus lost - Track title: Ghostemane - Euronymous - [rf.ebanina.ebanina.Music.lambda$start$2(Music.java:354)] :: 2026-03-01T18:14:53.879943900[INFO] (* ^ ω ^) / Main Loader Class \ (^ ω ^ *) Focus gained - App title restored
[INFO 2026-03-01T18:15:34.323725500] (* ^ ω ^) / Main Loader Class \ (^ ω ^ *) Focus lost - Track title: Ghostemane - Venom - [rf.ebanina.ebanina.Music.lambda$start$2(Music.java:354)] :: 2026-03-01T18:15:32.593900900[INFO] (* ^ ω ^) / Main Loader Class \ (^ ω ^ *) Focus gained - App title restored
[INFO 2026-03-01T18:15:57.385897500] (* ^ ω ^) / Main Loader Class \ (^ ω ^ *) Focus lost - Track title: Ghostemane - Venom - [rf.ebanina.ebanina.Music.lambda$start$2(Music.java:354)] :: 2026-03-01T18:15:34.533485[INFO] (* ^ ω ^) / Main Loader Class \ (^ ω ^ *) Focus gained - App title restored
[INFO 2026-03-01T18:15:57.991878900] (* ^ ω ^) / Main Loader Class \ (^ ω ^ *) Focus lost - Track title: Ghostemane - Venom - [rf.ebanina.ebanina.Music.lambda$start$2(Music.java:354)] :: 2026-03-01T18:15:57.927998800[INFO] (* ^ ω ^) / Main Loader Class \ (^ ω ^ *) Focus gained - App title restored
[INFO 2026-03-01T18:16:13.360198200] (* ^ ω ^) / Main Loader Class \ (^ ω ^ *) Focus lost - Track title: Ghostemane - Venom - [rf.ebanina.ebanina.Music.lambda$start$2(Music.java:354)] :: 2026-03-01T18:15:59.748954300[INFO] (* ^ ω ^) / Main Loader Class \ (^ ω ^ *) Focus gained - App title restored
[INFO 2026-03-01T18:16:49.516919900] (* ^ ω ^) / Main Loader Class \ (^ ω ^ *) Focus lost - Track title: Ghostemane - Venom - [rf.ebanina.ebanina.Music.lambda$start$2(Music.java:354)] :: 2026-03-01T18:16:15.092609300[INFO] (* ^ ω ^) / Main Loader Class \ (^ ω ^ *) Focus gained - App title restored
[INFO 2026-03-01T18:19:22.112096800] (* ^ ω ^) / Main Loader Class \ (^ ω ^ *) Focus lost - Track title: Ghostemane - Venom - [rf.ebanina.ebanina.Music.lambda$start$2(Music.java:354)] :: 2026-03-01T18:16:50.484558100[INFO] (* ^ ω ^) / Main Loader Class \ (^ ω ^ *) Focus gained - App title restored
[INFO 2026-03-01T18:19:23.243480] (* ^ ω ^) / Main Loader Class \ (^ ω ^ *) Focus lost - Track title: Ghostemane - Hexada - [rf.ebanina.ebanina.Music.lambda$start$2(Music.java:354)] :: 2026-03-01T18:19:23.049880700[INFO] (* ^ ω ^) / Main Loader Class \ (^ ω ^ *) Focus gained - App title restored
[INFO 2026-03-01T18:21:48.227073] (* ^ ω ^) / Main Loader Class \ (^ ω ^ *) Focus lost - Track title: Ghostemane - Elixir - [rf.ebanina.ebanina.Music.lambda$start$2(Music.java:354)] :: 2026-03-01T18:19:31.016297600[INFO] (* ^ ω ^) / Main Loader Class \ (^ ω ^ *) Focus gained - App title restored
[INFO 2026-03-01T18:22:01.589939800] (* ^ ω ^) / Main Loader Class \ (^ ω ^ *) Focus lost - Track title: Ghostemane - Elixir - [rf.ebanina.ebanina.Music.lambda$start$2(Music.java:354)] :: 2026-03-01T18:22:00.506967100[INFO] (* ^ ω ^) / Main Loader Class \ (^ ω ^ *) Focus gained - App title restored
[INFO 2026-03-01T18:24:22.505937100] (* ^ ω ^) / Main Loader Class \ (^ ω ^ *) Focus lost - Track title: Ghostemane - Mercury: Retrograde - [rf.ebanina.ebanina.Music.lambda$start$2(Music.java:354)] :: 2026-03-01T18:22:19.186887300[INFO] (* ^ ω ^) / Main Loader Class \ (^ ω ^ *) Focus gained - App title restored
[INFO 2026-03-01T18:26:25.175969100] (* ^ ω ^) / Main Loader Class \ (^ ω ^ *) Focus lost - Track title: REDZED - Rave in the Grave - [rf.ebanina.ebanina.Music.lambda$start$2(Music.java:354)] :: 2026-03-01T18:24:27.241559900[INFO] (* ^ ω ^) / Main Loader Class \ (^ ω ^ *) Focus gained - App title restored
[INFO 2026-03-01T18:29:06.391117900] (* ^ ω ^) / Main Loader Class \ (^ ω ^ *) Focus lost - Track title: REDZED - Rave in the Grave - [rf.ebanina.ebanina.Music.lambda$start$2(Music.java:354)] :: 2026-03-01T18:26:34.459377500[INFO] (* ^ ω ^) / Main Loader Class \ (^ ω ^ *) Focus gained - App title restored
[INFO 2026-03-01T18:31:10.176322600] (* ^ ω ^) / Main Loader Class \ (^ ω ^ *) Focus lost - Track title: REDZED, Gizmo - Necromancer - [rf.ebanina.ebanina.Music.lambda$start$2(Music.java:354)] :: 2026-03-01T18:29:08.737573800[INFO] (* ^ ω ^) / Main Loader Class \ (^ ω ^ *) Focus gained - App title restored
[INFO 2026-03-01T18:33:05.113667200] (* ^ ω ^) / Main Loader Class \ (^ ω ^ *) Focus lost - Track title: Ghostemane - D(R)Own - [rf.ebanina.ebanina.Music.lambda$start$2(Music.java:354)] :: 2026-03-01T18:31:18.390071900[INFO] (* ^ ω ^) / Main Loader Class \ (^ ω ^ *) Focus gained - App title restored
[INFO 2026-03-01T18:45:23.466051900] (* ^ ω ^) / Main Loader Class \ (^ ω ^ *) Focus lost - Track title: Ghostemane - D(R)Own - [rf.ebanina.ebanina.Music.lambda$start$2(Music.java:354)] :: 2026-03-01T18:33:07.395667300[INFO] (* ^ ω ^) / Main Loader Class \ (^ ω ^ *) Focus gained - App title restored
[INFO 2026-03-01T18:48:30.306047400] (* ^ ω ^) / Main Loader Class \ (^ ω ^ *) Focus lost - Track title: Ghostemane - Plagues - [rf.ebanina.ebanina.Music.lambda$start$2(Music.java:354)] :: 2026-03-01T18:45:25.071059200[INFO] (* ^ ω ^) / Main Loader Class \ (^ ω ^ *) Focus gained - App title restored
[INFO 2026-03-01T18:48:32.459520400] (* ^ ω ^) / Main Loader Class \ (^ ω ^ *) Focus lost - Track title: Ghostemane - Plagues - [rf.ebanina.ebanina.Music.lambda$start$2(Music.java:354)] :: 2026-03-01T18:48:30.611174800[INFO] (* ^ ω ^) / Main Loader Class \ (^ ω ^ *) Focus gained - App title restored
[INFO 2026-03-01T18:48:54.967562800] (* ^ ω ^) / Main Loader Class \ (^ ω ^ *) Focus lost - Track title: Ghostemane - Plagues - [rf.ebanina.ebanina.Music.lambda$start$2(Music.java:354)] :: 2026-03-01T18:48:32.678939800[INFO] (* ^ ω ^) / Main Loader Class \ (^ ω ^ *) Focus gained - App title restored
[INFO 2026-03-01T18:48:56.551086200] (* ^ ω ^) / Main Loader Class \ (^ ω ^ *) Focus lost - Track title: Ghostemane - Plagues - [rf.ebanina.ebanina.Music.lambda$start$2(Music.java:354)] :: 2026-03-01T18:48:55.236213300[INFO] (* ^ ω ^) / Main Loader Class \ (^ ω ^ *) Focus gained - App title restored
[INFO 2026-03-01T18:50:11.817555900] (* ^ ω ^) / Main Loader Class \ (^ ω ^ *) Focus lost - Track title: Ghostemane - Plagues - [rf.ebanina.ebanina.Music.lambda$start$2(Music.java:354)] :: 2026-03-01T18:48:56.789047800[INFO] (* ^ ω ^) / Main Loader Class \ (^ ω ^ *) Focus gained - App title restored
