[INFO 2026-03-04T20:40:15.203865700] (* ^ ω ^) / Main Loader Class \ (^ ω ^ *) File logging initialized
[INFO 2026-03-04T20:40:15.264863200] (* ^ ω ^) / Main Loader Class \ (^ ω ^ *) Root stage reference set
[INFO 2026-03-04T20:40:15.316863600] (* ^ ω ^) / Main Loader Class \ (^ ω ^ *) Main scene created with root node
[INFO 2026-03-04T20:40:15.323864500] (* ^ ω ^) / Main Loader Class \ (^ ω ^ *) Stage configured with title: Ebanina (Mizuki): v1.4.7 - Mizuki - [rf.ebanina.ebanina.Music.start(Music.java:311)] :: 2026-03-04T20:40:15.318863800[INFO] (* ^ ω ^) / Main Loader Class \ (^ ω ^ *) Window geometry restored from session
[INFO 2026-03-04T20:40:15.502862200] (* ^ ω ^) / Main Loader Class \ (^ ω ^ *) Stage displayed with max constraints
[INFO 2026-03-04T20:40:15.504861800] (* ^ ω ^) / Main Loader Class \ (^ ω ^ *) Animations controller initialized
[INFO 2026-03-04T20:40:15.505862700] (* ^ ω ^) / Main Loader Class \ (^ ω ^ *) Exit event handler registered
[INFO 2026-03-04T20:40:15.577865700] (* ^ ω ^) / Main Loader Class \ (^ ω ^ *) Configuration FXML converter executed
[INFO 2026-03-04T20:40:15.578866600] (* ^ ω ^) / Main Loader Class \ (^ ω ^ *) Playlist cursorus prepare
[INFO 2026-03-04T20:40:15.839987] (* ^ ω ^) / Main Loader Class \ (^ ω ^ *) GlobalScreen native hook registered successfully
[INFO 2026-03-04T20:40:15.840983500] (* ^ ω ^) / Main Loader Class \ (^ ω ^ *) KeyBindingController initialized and listeners registered
[PROFILER 2026-03-04T20:40:15.845981300] (* ^ ω ^) / Main Loader Class \ (^ ω ^ *) 1_772_646_015_845 * Root UI initialization start
[PROFILER 2026-03-04T20:40:16.037981100] (* ^ ω ^) / Main Loader Class \ (^ ω ^ *) 1_772_646_016_035 (Δ 190 ms) * Root UI initialization complete
[INFO 2026-03-04T20:40:16.042981500] (* ^ ω ^) / Main Loader Class \ (^ ω ^ *) Media cache (global map) initialized
[INFO 2026-03-04T20:40:16.113983700] (* ^ ω ^) / Main Loader Class \ (^ ω ^ *) Current track media loaded
[INFO 2026-03-04T20:40:16.116984200] (* ^ ω ^) / Main Loader Class \ (^ ω ^ *) MediaPlayer updated with new track
[INFO 2026-03-04T20:40:16.267983600] (* ^ ω ^) / Main Loader Class \ (^ ω ^ *) Root UI final setup complete
[INFO 2026-03-04T20:40:16.275984300] (* ^ ω ^) / Main Loader Class \ (^ ω ^ *) All UI handlers initialized
[INFO 2026-03-04T20:40:16.276982900] (* ^ ω ^) / Main Loader Class \ (^ ω ^ *) MediaProcessor fully initialized
[INFO 2026-03-04T20:40:16.276982900] (* ^ ω ^) / Main Loader Class \ (^ ω ^ *) Scene finalized and key listeners setup
[INFO 2026-03-04T20:40:16.279983500] (* ^ ω ^) / Main Loader Class \ (^ ω ^ *) User session loaded
[INFO 2026-03-04T20:40:16.280984300] (* ^ ω ^) / Main Loader Class \ (^ ω ^ *) All mods loaded from folder
[ERROR 2026-03-04T20:40:16.329980100] (* ^ ω ^) / Main Loader Class \ (^ ω ^ *) java.base/sun.nio.ch.UnixDomainSockets.connect0(Native Method)
[ERROR 2026-03-04T20:40:16.330982900] (* ^ ω ^) / Main Loader Class \ (^ ω ^ *) java.base/sun.nio.ch.UnixDomainSockets.connect(UnixDomainSockets.java:154)
[ERROR 2026-03-04T20:40:16.331982400] (* ^ ω ^) / Main Loader Class \ (^ ω ^ *) java.base/sun.nio.ch.UnixDomainSockets.connect(UnixDomainSockets.java:150)
[ERROR 2026-03-04T20:40:16.331982400] (* ^ ω ^) / Main Loader Class \ (^ ω ^ *) java.base/sun.nio.ch.SocketChannelImpl.connect(SocketChannelImpl.java:878)
[ERROR 2026-03-04T20:40:16.332982100] (* ^ ω ^) / Main Loader Class \ (^ ω ^ *) java.base/java.nio.channels.SocketChannel.open(SocketChannel.java:285)
[ERROR 2026-03-04T20:40:16.332982100] (* ^ ω ^) / Main Loader Class \ (^ ω ^ *) rf.ebanina.ebanina.Player.AudioPlugins.PluginWrapper.sendRequest(PluginWrapper.java:44)
[ERROR 2026-03-04T20:40:16.332982100] (* ^ ω ^) / Main Loader Class \ (^ ω ^ *) rf.ebanina.ebanina.Music.start(Music.java:510)
[ERROR 2026-03-04T20:40:16.333994500] (* ^ ω ^) / Main Loader Class \ (^ ω ^ *) javafx.graphics/com.sun.javafx.application.LauncherImpl.lambda$launchApplication1$9(LauncherImpl.java:847)
[ERROR 2026-03-04T20:40:16.333994500] (* ^ ω ^) / Main Loader Class \ (^ ω ^ *) javafx.graphics/com.sun.javafx.application.PlatformImpl.lambda$runAndWait$12(PlatformImpl.java:484)
[ERROR 2026-03-04T20:40:16.334983600] (* ^ ω ^) / Main Loader Class \ (^ ω ^ *) javafx.graphics/com.sun.javafx.application.PlatformImpl.lambda$runLater$10(PlatformImpl.java:457)
[ERROR 2026-03-04T20:40:16.334983600] (* ^ ω ^) / Main Loader Class \ (^ ω ^ *) java.base/java.security.AccessController.doPrivileged(AccessController.java:400)
[ERROR 2026-03-04T20:40:16.334983600] (* ^ ω ^) / Main Loader Class \ (^ ω ^ *) javafx.graphics/com.sun.javafx.application.PlatformImpl.lambda$runLater$11(PlatformImpl.java:456)
[ERROR 2026-03-04T20:40:16.335982700] (* ^ ω ^) / Main Loader Class \ (^ ω ^ *) javafx.graphics/com.sun.glass.ui.InvokeLaterDispatcher$Future.run(InvokeLaterDispatcher.java:96)
[ERROR 2026-03-04T20:40:16.335982700] (* ^ ω ^) / Main Loader Class \ (^ ω ^ *) javafx.graphics/com.sun.glass.ui.win.WinApplication._runLoop(Native Method)
[ERROR 2026-03-04T20:40:16.336982100] (* ^ ω ^) / Main Loader Class \ (^ ω ^ *) javafx.graphics/com.sun.glass.ui.win.WinApplication.lambda$runLoop$3(WinApplication.java:184)
[ERROR 2026-03-04T20:40:16.336982100] (* ^ ω ^) / Main Loader Class \ (^ ω ^ *) java.base/java.lang.Thread.run(Thread.java:1583)
[PROFILER 2026-03-04T20:40:16.337982900] (* ^ ω ^) / Main Loader Class \ (^ ω ^ *) 1_772_646_016_337 (Δ 302 ms) * Application ENDUP Time
SUCCESS: 77565 bytes
Preview: {"tracks":{"href":"https://api.spotify.com/v1/search?offset=0&limit=20&query=06.%20DJ%20Squeeky%20-%20Victim%20Of%20A%20%20Pimp%20Shit.wav&type=track&locale=*","limit":20,"next":"https://api.spotify.c
SUCCESS: 77565 bytes
Preview: {"tracks":{"href":"https://api.spotify.com/v1/search?offset=0&limit=20&query=06.%20DJ%20Squeeky%20-%20Victim%20Of%20A%20%20Pimp%20Shit.wav&type=track&locale=*","limit":20,"next":"https://api.spotify.c
[INFO 2026-03-04T20:41:15.455573900] (* ^ ω ^) / Main Loader Class \ (^ ω ^ *) Focus lost - Track title: Ghostemane - Andromeda - [rf.ebanina.ebanina.Music.lambda$start$2(Music.java:354)] :: 2026-03-04T20:40:29.364743900[INFO] (* ^ ω ^) / Main Loader Class \ (^ ω ^ *) Focus gained - App title restored
[INFO 2026-03-04T20:41:39.126111700] (* ^ ω ^) / Main Loader Class \ (^ ω ^ *) Focus lost - Track title: Ghostemane - Andromeda - [rf.ebanina.ebanina.Music.lambda$start$2(Music.java:354)] :: 2026-03-04T20:41:28.579518300[INFO] (* ^ ω ^) / Main Loader Class \ (^ ω ^ *) Focus gained - App title restored
[INFO 2026-03-04T20:45:55.323509700] (* ^ ω ^) / Main Loader Class \ (^ ω ^ *) Focus lost - Track title: Ghostemane - D(R)Own - [rf.ebanina.ebanina.Music.lambda$start$2(Music.java:354)] :: 2026-03-04T20:45:51.623369600[INFO] (* ^ ω ^) / Main Loader Class \ (^ ω ^ *) Focus gained - App title restored
[INFO 2026-03-04T20:48:16.365229500] (* ^ ω ^) / Main Loader Class \ (^ ω ^ *) Focus lost - Track title: Ghostemane - Elixir - [rf.ebanina.ebanina.Music.lambda$start$2(Music.java:354)] :: 2026-03-04T20:48:10.342751500[INFO] (* ^ ω ^) / Main Loader Class \ (^ ω ^ *) Focus gained - App title restored
[INFO 2026-03-04T20:48:26.985367100] (* ^ ω ^) / Main Loader Class \ (^ ω ^ *) Focus lost - Track title: Ghostemane - Elixir - [rf.ebanina.ebanina.Music.lambda$start$2(Music.java:354)] :: 2026-03-04T20:48:26.006735600[INFO] (* ^ ω ^) / Main Loader Class \ (^ ω ^ *) Focus gained - App title restored
[INFO 2026-03-04T20:48:41.064221300] (* ^ ω ^) / Main Loader Class \ (^ ω ^ *) Focus lost - Track title: Ghostemane - Elixir - [rf.ebanina.ebanina.Music.lambda$start$2(Music.java:354)] :: 2026-03-04T20:48:28.540554200[INFO] (* ^ ω ^) / Main Loader Class \ (^ ω ^ *) Focus gained - App title restored
[INFO 2026-03-04T20:48:43.278057600] (* ^ ω ^) / Main Loader Class \ (^ ω ^ *) Focus lost - Track title: Ghostemane - Elixir - [rf.ebanina.ebanina.Music.lambda$start$2(Music.java:354)] :: 2026-03-04T20:48:41.731427300[INFO] (* ^ ω ^) / Main Loader Class \ (^ ω ^ *) Focus gained - App title restored
[INFO 2026-03-04T20:48:44.969275300] (* ^ ω ^) / Main Loader Class \ (^ ω ^ *) Focus lost - Track title: Ghostemane - Elixir - [rf.ebanina.ebanina.Music.lambda$start$2(Music.java:354)] :: 2026-03-04T20:48:43.840295400[INFO] (* ^ ω ^) / Main Loader Class \ (^ ω ^ *) Focus gained - App title restored
[INFO 2026-03-04T20:48:53.436379300] (* ^ ω ^) / Main Loader Class \ (^ ω ^ *) Focus lost - Track title: Ghostemane - Elixir - [rf.ebanina.ebanina.Music.lambda$start$2(Music.java:354)] :: 2026-03-04T20:48:45.734614800[INFO] (* ^ ω ^) / Main Loader Class \ (^ ω ^ *) Focus gained - App title restored
[INFO 2026-03-04T20:49:18.759179] (* ^ ω ^) / Main Loader Class \ (^ ω ^ *) Focus lost - Track title: Ghostemane - Elixir - [rf.ebanina.ebanina.Music.lambda$start$2(Music.java:354)] :: 2026-03-04T20:48:54.219206600[INFO] (* ^ ω ^) / Main Loader Class \ (^ ω ^ *) Focus gained - App title restored
[INFO 2026-03-04T20:50:48.453202900] (* ^ ω ^) / Main Loader Class \ (^ ω ^ *) Focus lost - Track title: Ghostemane - Elixir - [rf.ebanina.ebanina.Music.lambda$start$2(Music.java:354)] :: 2026-03-04T20:49:18.857421500[INFO] (* ^ ω ^) / Main Loader Class \ (^ ω ^ *) Focus gained - App title restored
[INFO 2026-03-04T20:50:51.144322100] (* ^ ω ^) / Main Loader Class \ (^ ω ^ *) Focus lost - Track title: Ghostemane - Euronymous - [rf.ebanina.ebanina.Music.lambda$start$2(Music.java:354)] :: 2026-03-04T20:50:48.850774800[INFO] (* ^ ω ^) / Main Loader Class \ (^ ω ^ *) Focus gained - App title restored
[INFO 2026-03-04T20:54:49.419110100] (* ^ ω ^) / Main Loader Class \ (^ ω ^ *) Focus lost - Track title: Ghostemane - Euronymous - [rf.ebanina.ebanina.Music.lambda$start$2(Music.java:354)] :: 2026-03-04T20:50:51.968137900[INFO] (* ^ ω ^) / Main Loader Class \ (^ ω ^ *) Focus gained - App title restored
[INFO 2026-03-04T20:56:21.597925200] (* ^ ω ^) / Main Loader Class \ (^ ω ^ *) Focus lost - Track title: Ghostemane - Hexada - [rf.ebanina.ebanina.Music.lambda$start$2(Music.java:354)] :: 2026-03-04T20:54:50.472918600[INFO] (* ^ ω ^) / Main Loader Class \ (^ ω ^ *) Focus gained - App title restored
[INFO 2026-03-04T20:59:57.288783300] (* ^ ω ^) / Main Loader Class \ (^ ω ^ *) Focus lost - Track title: Ghostemane - Hexada - [rf.ebanina.ebanina.Music.lambda$start$2(Music.java:354)] :: 2026-03-04T20:56:23.029104300[INFO] (* ^ ω ^) / Main Loader Class \ (^ ω ^ *) Focus gained - App title restored
[INFO 2026-03-04T21:01:47.769013400] (* ^ ω ^) / Main Loader Class \ (^ ω ^ *) Focus lost - Track title: Ghostemane - Hexada - [rf.ebanina.ebanina.Music.lambda$start$2(Music.java:354)] :: 2026-03-04T20:59:58.610174700[INFO] (* ^ ω ^) / Main Loader Class \ (^ ω ^ *) Focus gained - App title restored
[INFO 2026-03-04T22:30:08.136783900] (* ^ ω ^) / Main Loader Class \ (^ ω ^ *) Focus lost - Track title: Ghostemane - D(R)Own - [rf.ebanina.ebanina.Music.lambda$start$2(Music.java:354)] :: 2026-03-04T21:01:59.884826100[INFO] (* ^ ω ^) / Main Loader Class \ (^ ω ^ *) Focus gained - App title restored
[INFO 2026-03-04T22:31:43.775936600] (* ^ ω ^) / Main Loader Class \ (^ ω ^ *) Focus lost - Track title: GHOSTEMANE - Kybalion - [rf.ebanina.ebanina.Music.lambda$start$2(Music.java:354)] :: 2026-03-04T22:30:16.436857700[INFO] (* ^ ω ^) / Main Loader Class \ (^ ω ^ *) Focus gained - App title restored
[INFO 2026-03-04T22:32:43.303526] (* ^ ω ^) / Main Loader Class \ (^ ω ^ *) Focus lost - Track title: Ghostemane - Until the Light Takes Us - [rf.ebanina.ebanina.Music.lambda$start$2(Music.java:354)] :: 2026-03-04T22:31:56.188741800[INFO] (* ^ ω ^) / Main Loader Class \ (^ ω ^ *) Focus gained - App title restored
[INFO 2026-03-04T22:32:47.934385900] (* ^ ω ^) / Main Loader Class \ (^ ω ^ *) Focus lost - Track title: Ghostemane - Until the Light Takes Us - [rf.ebanina.ebanina.Music.lambda$start$2(Music.java:354)] :: 2026-03-04T22:32:44.042542300[INFO] (* ^ ω ^) / Main Loader Class \ (^ ω ^ *) Focus gained - App title restored
[INFO 2026-03-04T22:40:09.427107300] (* ^ ω ^) / Main Loader Class \ (^ ω ^ *) Focus lost - Track title: Ghostemane - Until the Light Takes Us - [rf.ebanina.ebanina.Music.lambda$start$2(Music.java:354)] :: 2026-03-04T22:32:48.526834700[INFO] (* ^ ω ^) / Main Loader Class \ (^ ω ^ *) Focus gained - App title restored
[INFO 2026-03-04T22:44:26.259345100] (* ^ ω ^) / Main Loader Class \ (^ ω ^ *) Focus lost - Track title: Ghostemane - Mercury: Retrograde - [rf.ebanina.ebanina.Music.lambda$start$2(Music.java:354)] :: 2026-03-04T22:40:14.225357300[INFO] (* ^ ω ^) / Main Loader Class \ (^ ω ^ *) Focus gained - App title restored
[INFO 2026-03-04T22:47:51.754265] (* ^ ω ^) / Main Loader Class \ (^ ω ^ *) Focus lost - Track title: Ghostemane - Plagues - [rf.ebanina.ebanina.Music.lambda$start$2(Music.java:354)] :: 2026-03-04T22:44:39.806980100[INFO] (* ^ ω ^) / Main Loader Class \ (^ ω ^ *) Focus gained - App title restored
[INFO 2026-03-04T22:48:14.647728800] (* ^ ω ^) / Main Loader Class \ (^ ω ^ *) Focus lost - Track title: Ghostemane - Plague Dr Mask II - [rf.ebanina.ebanina.Music.lambda$start$2(Music.java:354)] :: 2026-03-04T22:47:55.540167900[INFO] (* ^ ω ^) / Main Loader Class \ (^ ω ^ *) Focus gained - App title restored
[INFO 2026-03-04T22:48:28.270195200] (* ^ ω ^) / Main Loader Class \ (^ ω ^ *) Focus lost - Track title: Ghostemane - Plague Dr Mask II - [rf.ebanina.ebanina.Music.lambda$start$2(Music.java:354)] :: 2026-03-04T22:48:16.308539800[INFO] (* ^ ω ^) / Main Loader Class \ (^ ω ^ *) Focus gained - App title restored
[INFO 2026-03-04T22:48:35.343616700] (* ^ ω ^) / Main Loader Class \ (^ ω ^ *) Focus lost - Track title: Ghostemane - Plague Dr Mask II - [rf.ebanina.ebanina.Music.lambda$start$2(Music.java:354)] :: 2026-03-04T22:48:28.403398800[INFO] (* ^ ω ^) / Main Loader Class \ (^ ω ^ *) Focus gained - App title restored
[INFO 2026-03-04T22:51:33.406420400] (* ^ ω ^) / Main Loader Class \ (^ ω ^ *) Focus lost - Track title: Ghostemane - Wishers Lose Copper Dreamers Lose Everything - [rf.ebanina.ebanina.Music.lambda$start$2(Music.java:354)] :: 2026-03-04T22:48:39.090171500[INFO] (* ^ ω ^) / Main Loader Class \ (^ ω ^ *) Focus gained - App title restored
