[INFO 2026-03-03T09:59:54.342705900] (* ^ Ď‰ ^) / Main Loader Class \ (^ Ď‰ ^ *) File logging initialized
[INFO 2026-03-03T09:59:54.492707700] (* ^ Ď‰ ^) / Main Loader Class \ (^ Ď‰ ^ *) Root stage reference set
[INFO 2026-03-03T09:59:54.584706] (* ^ Ď‰ ^) / Main Loader Class \ (^ Ď‰ ^ *) Main scene created with root node
[INFO 2026-03-03T09:59:54.598706500] (* ^ Ď‰ ^) / Main Loader Class \ (^ Ď‰ ^ *) Stage configured with title: Ebanina (Mizuki): v1.4.7 - Mizuki - [rf.ebanina.ebanina.Music.start(Music.java:311)] :: 2026-03-03T09:59:54.587705600[INFO] (* ^ Ď‰ ^) / Main Loader Class \ (^ Ď‰ ^ *) Window geometry restored from session
[INFO 2026-03-03T09:59:54.872792] (* ^ Ď‰ ^) / Main Loader Class \ (^ Ď‰ ^ *) Stage displayed with max constraints
[INFO 2026-03-03T09:59:54.875788300] (* ^ Ď‰ ^) / Main Loader Class \ (^ Ď‰ ^ *) Animations controller initialized
[INFO 2026-03-03T09:59:54.877788600] (* ^ Ď‰ ^) / Main Loader Class \ (^ Ď‰ ^ *) Exit event handler registered
[INFO 2026-03-03T09:59:54.973866200] (* ^ Ď‰ ^) / Main Loader Class \ (^ Ď‰ ^ *) Configuration FXML converter executed
[INFO 2026-03-03T09:59:54.974867500] (* ^ Ď‰ ^) / Main Loader Class \ (^ Ď‰ ^ *) Playlist cursorus prepare
[INFO 2026-03-03T09:59:55.284908200] (* ^ Ď‰ ^) / Main Loader Class \ (^ Ď‰ ^ *) GlobalScreen native hook registered successfully
[INFO 2026-03-03T09:59:55.286076500] (* ^ Ď‰ ^) / Main Loader Class \ (^ Ď‰ ^ *) KeyBindingController initialized and listeners registered
[PROFILER 2026-03-03T09:59:55.292122100] (* ^ Ď‰ ^) / Main Loader Class \ (^ Ď‰ ^ *) 1_772_521_195_291 * Root UI initialization start
[PROFILER 2026-03-03T09:59:55.609100400] (* ^ Ď‰ ^) / Main Loader Class \ (^ Ď‰ ^ *) 1_772_521_195_607 (Î” 316 ms) * Root UI initialization complete
[INFO 2026-03-03T09:59:55.622101200] (* ^ Ď‰ ^) / Main Loader Class \ (^ Ď‰ ^ *) Media cache (global map) initialized
[INFO 2026-03-03T09:59:55.766102500] (* ^ Ď‰ ^) / Main Loader Class \ (^ Ď‰ ^ *) Current track media loaded
[INFO 2026-03-03T09:59:55.771104700] (* ^ Ď‰ ^) / Main Loader Class \ (^ Ď‰ ^ *) MediaPlayer updated with new track
[INFO 2026-03-03T09:59:56.015119300] (* ^ Ď‰ ^) / Main Loader Class \ (^ Ď‰ ^ *) Root UI final setup complete
[INFO 2026-03-03T09:59:56.027374600] (* ^ Ď‰ ^) / Main Loader Class \ (^ Ď‰ ^ *) All UI handlers initialized
[INFO 2026-03-03T09:59:56.033109100] (* ^ Ď‰ ^) / Main Loader Class \ (^ Ď‰ ^ *) MediaProcessor fully initialized
[INFO 2026-03-03T09:59:56.038105800] (* ^ Ď‰ ^) / Main Loader Class \ (^ Ď‰ ^ *) Scene finalized and key listeners setup
[INFO 2026-03-03T09:59:56.042102700] (* ^ Ď‰ ^) / Main Loader Class \ (^ Ď‰ ^ *) User session loaded
[INFO 2026-03-03T09:59:56.045105400] (* ^ Ď‰ ^) / Main Loader Class \ (^ Ď‰ ^ *) All mods loaded from folder
[ERROR 2026-03-03T09:59:56.151100300] (* ^ Ď‰ ^) / Main Loader Class \ (^ Ď‰ ^ *) java.base/sun.nio.ch.UnixDomainSockets.connect0(Native Method)
[ERROR 2026-03-03T09:59:56.152106400] (* ^ Ď‰ ^) / Main Loader Class \ (^ Ď‰ ^ *) java.base/sun.nio.ch.UnixDomainSockets.connect(UnixDomainSockets.java:154)
[ERROR 2026-03-03T09:59:56.155102100] (* ^ Ď‰ ^) / Main Loader Class \ (^ Ď‰ ^ *) java.base/sun.nio.ch.UnixDomainSockets.connect(UnixDomainSockets.java:150)
[ERROR 2026-03-03T09:59:56.156101800] (* ^ Ď‰ ^) / Main Loader Class \ (^ Ď‰ ^ *) java.base/sun.nio.ch.SocketChannelImpl.connect(SocketChannelImpl.java:878)
[ERROR 2026-03-03T09:59:56.162109500] (* ^ Ď‰ ^) / Main Loader Class \ (^ Ď‰ ^ *) java.base/java.nio.channels.SocketChannel.open(SocketChannel.java:285)
[ERROR 2026-03-03T09:59:56.169107400] (* ^ Ď‰ ^) / Main Loader Class \ (^ Ď‰ ^ *) rf.ebanina.ebanina.Player.AudioPlugins.PluginWrapper.sendRequest(PluginWrapper.java:44)
[ERROR 2026-03-03T09:59:56.171109200] (* ^ Ď‰ ^) / Main Loader Class \ (^ Ď‰ ^ *) rf.ebanina.ebanina.Music.start(Music.java:510)
[ERROR 2026-03-03T09:59:56.175107500] (* ^ Ď‰ ^) / Main Loader Class \ (^ Ď‰ ^ *) javafx.graphics/com.sun.javafx.application.LauncherImpl.lambda$launchApplication1$9(LauncherImpl.java:847)
[ERROR 2026-03-03T09:59:56.179102700] (* ^ Ď‰ ^) / Main Loader Class \ (^ Ď‰ ^ *) javafx.graphics/com.sun.javafx.application.PlatformImpl.lambda$runAndWait$12(PlatformImpl.java:484)
[ERROR 2026-03-03T09:59:56.186103500] (* ^ Ď‰ ^) / Main Loader Class \ (^ Ď‰ ^ *) javafx.graphics/com.sun.javafx.application.PlatformImpl.lambda$runLater$10(PlatformImpl.java:457)
[ERROR 2026-03-03T09:59:56.189100800] (* ^ Ď‰ ^) / Main Loader Class \ (^ Ď‰ ^ *) java.base/java.security.AccessController.doPrivileged(AccessController.java:400)
[ERROR 2026-03-03T09:59:56.190100900] (* ^ Ď‰ ^) / Main Loader Class \ (^ Ď‰ ^ *) javafx.graphics/com.sun.javafx.application.PlatformImpl.lambda$runLater$11(PlatformImpl.java:456)
[ERROR 2026-03-03T09:59:56.191103] (* ^ Ď‰ ^) / Main Loader Class \ (^ Ď‰ ^ *) javafx.graphics/com.sun.glass.ui.InvokeLaterDispatcher$Future.run(InvokeLaterDispatcher.java:96)
[ERROR 2026-03-03T09:59:56.196101200] (* ^ Ď‰ ^) / Main Loader Class \ (^ Ď‰ ^ *) javafx.graphics/com.sun.glass.ui.win.WinApplication._runLoop(Native Method)
[ERROR 2026-03-03T09:59:56.196101200] (* ^ Ď‰ ^) / Main Loader Class \ (^ Ď‰ ^ *) javafx.graphics/com.sun.glass.ui.win.WinApplication.lambda$runLoop$3(WinApplication.java:184)
[ERROR 2026-03-03T09:59:56.201102100] (* ^ Ď‰ ^) / Main Loader Class \ (^ Ď‰ ^ *) java.base/java.lang.Thread.run(Thread.java:1583)
[PROFILER 2026-03-03T09:59:56.205105600] (* ^ Ď‰ ^) / Main Loader Class \ (^ Ď‰ ^ *) 1_772_521_196_204 (Î” 597 ms) * Application ENDUP Time
SUCCESS: 77537 bytes
Preview: {"tracks":{"href":"https://api.spotify.com/v1/search?offset=0&limit=20&query=06.%20DJ%20Squeeky%20-%20Victim%20Of%20A%20%20Pimp%20Shit.wav&type=track&locale=*","limit":20,"next":"https://api.spotify.c
SUCCESS: 77537 bytes
Preview: {"tracks":{"href":"https://api.spotify.com/v1/search?offset=0&limit=20&query=06.%20DJ%20Squeeky%20-%20Victim%20Of%20A%20%20Pimp%20Shit.wav&type=track&locale=*","limit":20,"next":"https://api.spotify.c
[INFO 2026-03-03T10:00:09.925733800] (* ^ Ď‰ ^) / Main Loader Class \ (^ Ď‰ ^ *) Focus lost - Track title: Ghostemane - Black Blood - [rf.ebanina.ebanina.Music.lambda$start$2(Music.java:354)] :: 2026-03-03T10:00:07.629592200[INFO] (* ^ Ď‰ ^) / Main Loader Class \ (^ Ď‰ ^ *) Focus gained - App title restored
[INFO 2026-03-03T10:00:28.563459600] (* ^ Ď‰ ^) / Main Loader Class \ (^ Ď‰ ^ *) Focus lost - Track title: Ghostemane - Until the Light Takes Us - [rf.ebanina.ebanina.Music.lambda$start$2(Music.java:354)] :: 2026-03-03T10:00:19.339953100[INFO] (* ^ Ď‰ ^) / Main Loader Class \ (^ Ď‰ ^ *) Focus gained - App title restored
[INFO 2026-03-03T15:19:13.602517400] (* ^ Ď‰ ^) / Main Loader Class \ (^ Ď‰ ^ *) Focus lost - Track title: Ghostemane - Until the Light Takes Us - [rf.ebanina.ebanina.Music.lambda$start$2(Music.java:354)] :: 2026-03-03T10:00:34.266823800[INFO] (* ^ Ď‰ ^) / Main Loader Class \ (^ Ď‰ ^ *) Focus gained - App title restored
[INFO 2026-03-03T15:19:19.497527300] (* ^ Ď‰ ^) / Main Loader Class \ (^ Ď‰ ^ *) Focus lost - Track title: Ghostemane - Until the Light Takes Us - [rf.ebanina.ebanina.Music.lambda$start$2(Music.java:354)] :: 2026-03-03T15:19:14.470044900[INFO] (* ^ Ď‰ ^) / Main Loader Class \ (^ Ď‰ ^ *) Focus gained - App title restored
[INFO 2026-03-03T15:19:31.247667] (* ^ Ď‰ ^) / Main Loader Class \ (^ Ď‰ ^ *) Focus lost - Track title: Ghostemane - Until the Light Takes Us - [rf.ebanina.ebanina.Music.lambda$start$2(Music.java:354)] :: 2026-03-03T15:19:20.111795200[INFO] (* ^ Ď‰ ^) / Main Loader Class \ (^ Ď‰ ^ *) Focus gained - App title restored
[INFO 2026-03-03T15:20:36.807491500] (* ^ Ď‰ ^) / Main Loader Class \ (^ Ď‰ ^ *) Focus lost - Track title: Ghostemane - Until the Light Takes Us - [rf.ebanina.ebanina.Music.lambda$start$2(Music.java:354)] :: 2026-03-03T15:19:33.248598300[INFO] (* ^ Ď‰ ^) / Main Loader Class \ (^ Ď‰ ^ *) Focus gained - App title restored
[INFO 2026-03-03T15:20:38.772759400] (* ^ Ď‰ ^) / Main Loader Class \ (^ Ď‰ ^ *) Focus lost - Track title: Ghostemane - Until the Light Takes Us - [rf.ebanina.ebanina.Music.lambda$start$2(Music.java:354)] :: 2026-03-03T15:20:38.430491600[INFO] (* ^ Ď‰ ^) / Main Loader Class \ (^ Ď‰ ^ *) Focus gained - App title restored
[INFO 2026-03-03T15:21:48.509870100] (* ^ Ď‰ ^) / Main Loader Class \ (^ Ď‰ ^ *) Focus lost - Track title: Ghostemane - Until the Light Takes Us - [rf.ebanina.ebanina.Music.lambda$start$2(Music.java:354)] :: 2026-03-03T15:20:38.868865300[INFO] (* ^ Ď‰ ^) / Main Loader Class \ (^ Ď‰ ^ *) Focus gained - App title restored
[INFO 2026-03-03T15:28:27.940655800] (* ^ Ď‰ ^) / Main Loader Class \ (^ Ď‰ ^ *) Focus lost - Track title: Ghostemane - Until the Light Takes Us - [rf.ebanina.ebanina.Music.lambda$start$2(Music.java:354)] :: 2026-03-03T15:21:51.394591200[INFO] (* ^ Ď‰ ^) / Main Loader Class \ (^ Ď‰ ^ *) Focus gained - App title restored
[INFO 2026-03-03T15:28:31.330263100] (* ^ Ď‰ ^) / Main Loader Class \ (^ Ď‰ ^ *) Focus lost - Track title: Ghostemane - Wishers Lose Copper Dreamers Lose Everything - [rf.ebanina.ebanina.Music.lambda$start$2(Music.java:354)] :: 2026-03-03T15:28:28.242770900[INFO] (* ^ Ď‰ ^) / Main Loader Class \ (^ Ď‰ ^ *) Focus gained - App title restored
[INFO 2026-03-03T15:29:04.999733900] (* ^ Ď‰ ^) / Main Loader Class \ (^ Ď‰ ^ *) Focus lost - Track title: Ghostemane - Wishers Lose Copper Dreamers Lose Everything - [rf.ebanina.ebanina.Music.lambda$start$2(Music.java:354)] :: 2026-03-03T15:28:31.498679600[INFO] (* ^ Ď‰ ^) / Main Loader Class \ (^ Ď‰ ^ *) Focus gained - App title restored
[INFO 2026-03-03T15:32:59.563877900] (* ^ Ď‰ ^) / Main Loader Class \ (^ Ď‰ ^ *) Focus lost - Track title: Ghostemane - Wishers Lose Copper Dreamers Lose Everything - [rf.ebanina.ebanina.Music.lambda$start$2(Music.java:354)] :: 2026-03-03T15:29:06.450208900[INFO] (* ^ Ď‰ ^) / Main Loader Class \ (^ Ď‰ ^ *) Focus gained - App title restored
[INFO 2026-03-03T15:52:07.179502700] (* ^ Ď‰ ^) / Main Loader Class \ (^ Ď‰ ^ *) Focus lost - Track title: Ghostemane - Mercury: Retrograde - [rf.ebanina.ebanina.Music.lambda$start$2(Music.java:354)] :: 2026-03-03T15:33:02.751641400[INFO] (* ^ Ď‰ ^) / Main Loader Class \ (^ Ď‰ ^ *) Focus gained - App title restored
[INFO 2026-03-03T15:55:48.627669800] (* ^ Ď‰ ^) / Main Loader Class \ (^ Ď‰ ^ *) Focus lost - Track title: Ghostemane - Hexada - [rf.ebanina.ebanina.Music.lambda$start$2(Music.java:354)] :: 2026-03-03T15:52:17.496591400[INFO] (* ^ Ď‰ ^) / Main Loader Class \ (^ Ď‰ ^ *) Focus gained - App title restored
[INFO 2026-03-03T15:55:56.308173400] (* ^ Ď‰ ^) / Main Loader Class \ (^ Ď‰ ^ *) Focus lost - Track title: Ghostemane - Hexada - [rf.ebanina.ebanina.Music.lambda$start$2(Music.java:354)] :: 2026-03-03T15:55:50.198336900[INFO] (* ^ Ď‰ ^) / Main Loader Class \ (^ Ď‰ ^ *) Focus gained - App title restored
[INFO 2026-03-03T15:56:00.721664700] (* ^ Ď‰ ^) / Main Loader Class \ (^ Ď‰ ^ *) Focus lost - Track title: Ghostemane - Hexada - [rf.ebanina.ebanina.Music.lambda$start$2(Music.java:354)] :: 2026-03-03T15:55:56.951578[INFO] (* ^ Ď‰ ^) / Main Loader Class \ (^ Ď‰ ^ *) Focus gained - App title restored
[INFO 2026-03-03T15:56:18.581718100] (* ^ Ď‰ ^) / Main Loader Class \ (^ Ď‰ ^ *) Focus lost - Track title: Ghostemane - Hexada - [rf.ebanina.ebanina.Music.lambda$start$2(Music.java:354)] :: 2026-03-03T15:56:00.837513200[INFO] (* ^ Ď‰ ^) / Main Loader Class \ (^ Ď‰ ^ *) Focus gained - App title restored
[INFO 2026-03-03T15:56:20.917527400] (* ^ Ď‰ ^) / Main Loader Class \ (^ Ď‰ ^ *) Focus lost - Track title: Ghostemane - Hexada - [rf.ebanina.ebanina.Music.lambda$start$2(Music.java:354)] :: 2026-03-03T15:56:19.105808700[INFO] (* ^ Ď‰ ^) / Main Loader Class \ (^ Ď‰ ^ *) Focus gained - App title restored
[INFO 2026-03-03T15:56:24.725701700] (* ^ Ď‰ ^) / Main Loader Class \ (^ Ď‰ ^ *) Focus lost - Track title: Ghostemane - Hexada - [rf.ebanina.ebanina.Music.lambda$start$2(Music.java:354)] :: 2026-03-03T15:56:21.119565900[INFO] (* ^ Ď‰ ^) / Main Loader Class \ (^ Ď‰ ^ *) Focus gained - App title restored
[INFO 2026-03-03T15:56:30.430611300] (* ^ Ď‰ ^) / Main Loader Class \ (^ Ď‰ ^ *) Focus lost - Track title: Ghostemane - Hexada - [rf.ebanina.ebanina.Music.lambda$start$2(Music.java:354)] :: 2026-03-03T15:56:25.170840200[INFO] (* ^ Ď‰ ^) / Main Loader Class \ (^ Ď‰ ^ *) Focus gained - App title restored
[INFO 2026-03-03T15:56:47.378678] (* ^ Ď‰ ^) / Main Loader Class \ (^ Ď‰ ^ *) Focus lost - Track title: Ghostemane - Hexada - [rf.ebanina.ebanina.Music.lambda$start$2(Music.java:354)] :: 2026-03-03T15:56:30.615780300[INFO] (* ^ Ď‰ ^) / Main Loader Class \ (^ Ď‰ ^ *) Focus gained - App title restored
[INFO 2026-03-03T15:57:46.242510500] (* ^ Ď‰ ^) / Main Loader Class \ (^ Ď‰ ^ *) Focus lost - Track title: Ghostemane - Hexada - [rf.ebanina.ebanina.Music.lambda$start$2(Music.java:354)] :: 2026-03-03T15:56:48.493907100[INFO] (* ^ Ď‰ ^) / Main Loader Class \ (^ Ď‰ ^ *) Focus gained - App title restored
[INFO 2026-03-03T15:57:50.994511600] (* ^ Ď‰ ^) / Main Loader Class \ (^ Ď‰ ^ *) Focus lost - Track title: Ghostemane - Hexada - [rf.ebanina.ebanina.Music.lambda$start$2(Music.java:354)] :: 2026-03-03T15:57:48.642731700[INFO] (* ^ Ď‰ ^) / Main Loader Class \ (^ Ď‰ ^ *) Focus gained - App title restored
[INFO 2026-03-03T15:57:56.272762] (* ^ Ď‰ ^) / Main Loader Class \ (^ Ď‰ ^ *) Focus lost - Track title: Ghostemane - Hexada - [rf.ebanina.ebanina.Music.lambda$start$2(Music.java:354)] :: 2026-03-03T15:57:53.137726200[INFO] (* ^ Ď‰ ^) / Main Loader Class \ (^ Ď‰ ^ *) Focus gained - App title restored
[INFO 2026-03-03T15:58:11.194583600] (* ^ Ď‰ ^) / Main Loader Class \ (^ Ď‰ ^ *) Focus lost - Track title: Ghostemane - Until the Light Takes Us - [rf.ebanina.ebanina.Music.lambda$start$2(Music.java:354)] :: 2026-03-03T15:58:03.490456[INFO] (* ^ Ď‰ ^) / Main Loader Class \ (^ Ď‰ ^ *) Focus gained - App title restored
[INFO 2026-03-03T15:58:22.377580900] (* ^ Ď‰ ^) / Main Loader Class \ (^ Ď‰ ^ *) Focus lost - Track title: Ghostemane - D(R)Own - [rf.ebanina.ebanina.Music.lambda$start$2(Music.java:354)] :: 2026-03-03T15:58:14.401714200[INFO] (* ^ Ď‰ ^) / Main Loader Class \ (^ Ď‰ ^ *) Focus gained - App title restored
[INFO 2026-03-03T15:58:26.647601600] (* ^ Ď‰ ^) / Main Loader Class \ (^ Ď‰ ^ *) Focus lost - Track title: Ghostemane - D(R)Own - [rf.ebanina.ebanina.Music.lambda$start$2(Music.java:354)] :: 2026-03-03T15:58:22.980583700[INFO] (* ^ Ď‰ ^) / Main Loader Class \ (^ Ď‰ ^ *) Focus gained - App title restored
[INFO 2026-03-03T15:59:48.936572400] (* ^ Ď‰ ^) / Main Loader Class \ (^ Ď‰ ^ *) Focus lost - Track title: Ghostemane - D(R)Own - [rf.ebanina.ebanina.Music.lambda$start$2(Music.java:354)] :: 2026-03-03T15:58:26.805642700[INFO] (* ^ Ď‰ ^) / Main Loader Class \ (^ Ď‰ ^ *) Focus gained - App title restored
[INFO 2026-03-03T16:00:19.666249500] (* ^ Ď‰ ^) / Main Loader Class \ (^ Ď‰ ^ *) Focus lost - Track title: Ghostemane - Black Blood - [rf.ebanina.ebanina.Music.lambda$start$2(Music.java:354)] :: 2026-03-03T15:59:52.957481200[INFO] (* ^ Ď‰ ^) / Main Loader Class \ (^ Ď‰ ^ *) Focus gained - App title restored
[INFO 2026-03-03T16:00:36.803721700] (* ^ Ď‰ ^) / Main Loader Class \ (^ Ď‰ ^ *) Focus lost - Track title: Ghostemane - Black Blood - [rf.ebanina.ebanina.Music.lambda$start$2(Music.java:354)] :: 2026-03-03T16:00:20.432983500[INFO] (* ^ Ď‰ ^) / Main Loader Class \ (^ Ď‰ ^ *) Focus gained - App title restored
[INFO 2026-03-03T16:00:47.894573] (* ^ Ď‰ ^) / Main Loader Class \ (^ Ď‰ ^ *) Focus lost - Track title: Ghostemane - Black Blood - [rf.ebanina.ebanina.Music.lambda$start$2(Music.java:354)] :: 2026-03-03T16:00:41.116550100[INFO] (* ^ Ď‰ ^) / Main Loader Class \ (^ Ď‰ ^ *) Focus gained - App title restored
[INFO 2026-03-03T16:01:11.603756600] (* ^ Ď‰ ^) / Main Loader Class \ (^ Ď‰ ^ *) Focus lost - Track title: Ghostemane - Blackmage - [rf.ebanina.ebanina.Music.lambda$start$2(Music.java:354)] :: 2026-03-03T16:00:52.098784800[INFO] (* ^ Ď‰ ^) / Main Loader Class \ (^ Ď‰ ^ *) Focus gained - App title restored
[INFO 2026-03-03T16:01:14.556723300] (* ^ Ď‰ ^) / Main Loader Class \ (^ Ď‰ ^ *) Focus lost - Track title: Ghostemane - Cult of Thoth - [rf.ebanina.ebanina.Music.lambda$start$2(Music.java:354)] :: 2026-03-03T16:01:13.295124400[INFO] (* ^ Ď‰ ^) / Main Loader Class \ (^ Ď‰ ^ *) Focus gained - App title restored
[INFO 2026-03-03T16:01:20.055832900] (* ^ Ď‰ ^) / Main Loader Class \ (^ Ď‰ ^ *) Focus lost - Track title: Ghostemane - Cult of Thoth - [rf.ebanina.ebanina.Music.lambda$start$2(Music.java:354)] :: 2026-03-03T16:01:15.306598100[INFO] (* ^ Ď‰ ^) / Main Loader Class \ (^ Ď‰ ^ *) Focus gained - App title restored
[INFO 2026-03-03T16:01:24.904652500] (* ^ Ď‰ ^) / Main Loader Class \ (^ Ď‰ ^ *) Focus lost - Track title: Ghostemane - Cult of Thoth - [rf.ebanina.ebanina.Music.lambda$start$2(Music.java:354)] :: 2026-03-03T16:01:21.654492300[INFO] (* ^ Ď‰ ^) / Main Loader Class \ (^ Ď‰ ^ *) Focus gained - App title restored
[INFO 2026-03-03T16:01:31.307000700] (* ^ Ď‰ ^) / Main Loader Class \ (^ Ď‰ ^ *) Focus lost - Track title: Ghostemane - Euronymous - [rf.ebanina.ebanina.Music.lambda$start$2(Music.java:354)] :: 2026-03-03T16:01:29.389489300[INFO] (* ^ Ď‰ ^) / Main Loader Class \ (^ Ď‰ ^ *) Focus gained - App title restored
[INFO 2026-03-03T16:01:34.794106] (* ^ Ď‰ ^) / Main Loader Class \ (^ Ď‰ ^ *) Focus lost - Track title: Ghostemane - Euronymous - [rf.ebanina.ebanina.Music.lambda$start$2(Music.java:354)] :: 2026-03-03T16:01:31.936373900[INFO] (* ^ Ď‰ ^) / Main Loader Class \ (^ Ď‰ ^ *) Focus gained - App title restored
[INFO 2026-03-03T16:04:08.749519700] (* ^ Ď‰ ^) / Main Loader Class \ (^ Ď‰ ^ *) Focus lost - Track title: Ghostemane - Euronymous - [rf.ebanina.ebanina.Music.lambda$start$2(Music.java:354)] :: 2026-03-03T16:01:34.929804400[INFO] (* ^ Ď‰ ^) / Main Loader Class \ (^ Ď‰ ^ *) Focus gained - App title restored
[INFO 2026-03-03T16:06:43.666474700] (* ^ Ď‰ ^) / Main Loader Class \ (^ Ď‰ ^ *) Focus lost - Track title: Ghostemane - Plagues - [rf.ebanina.ebanina.Music.lambda$start$2(Music.java:354)] :: 2026-03-03T16:04:14.505795300[INFO] (* ^ Ď‰ ^) / Main Loader Class \ (^ Ď‰ ^ *) Focus gained - App title restored
[INFO 2026-03-03T16:09:09.702569300] (* ^ Ď‰ ^) / Main Loader Class \ (^ Ď‰ ^ *) Focus lost - Track title: Ghostemane - Rapture - [rf.ebanina.ebanina.Music.lambda$start$2(Music.java:354)] :: 2026-03-03T16:06:50.880838[INFO] (* ^ Ď‰ ^) / Main Loader Class \ (^ Ď‰ ^ *) Focus gained - App title restored
[INFO 2026-03-03T16:09:30.902960900] (* ^ Ď‰ ^) / Main Loader Class \ (^ Ď‰ ^ *) Focus lost - Track title: Ghostemane - Venom - [rf.ebanina.ebanina.Music.lambda$start$2(Music.java:354)] :: 2026-03-03T16:09:12.513892300[INFO] (* ^ Ď‰ ^) / Main Loader Class \ (^ Ď‰ ^ *) Focus gained - App title restored
[INFO 2026-03-03T16:09:39.810057700] (* ^ Ď‰ ^) / Main Loader Class \ (^ Ď‰ ^ *) Focus lost - Track title: Ghostemane - Venom - [rf.ebanina.ebanina.Music.lambda$start$2(Music.java:354)] :: 2026-03-03T16:09:31.433650500[INFO] (* ^ Ď‰ ^) / Main Loader Class \ (^ Ď‰ ^ *) Focus gained - App title restored
[INFO 2026-03-03T16:09:43.623620200] (* ^ Ď‰ ^) / Main Loader Class \ (^ Ď‰ ^ *) Focus lost - Track title: Ghostemane - Venom - [rf.ebanina.ebanina.Music.lambda$start$2(Music.java:354)] :: 2026-03-03T16:09:40.034128400[INFO] (* ^ Ď‰ ^) / Main Loader Class \ (^ Ď‰ ^ *) Focus gained - App title restored
[INFO 2026-03-03T16:09:47.553631900] (* ^ Ď‰ ^) / Main Loader Class \ (^ Ď‰ ^ *) Focus lost - Track title: Ghostemane - Venom - [rf.ebanina.ebanina.Music.lambda$start$2(Music.java:354)] :: 2026-03-03T16:09:44.095427500[INFO] (* ^ Ď‰ ^) / Main Loader Class \ (^ Ď‰ ^ *) Focus gained - App title restored
[INFO 2026-03-03T16:40:15.472744900] (* ^ Ď‰ ^) / Main Loader Class \ (^ Ď‰ ^ *) Focus lost - Track title: Ghostemane - Venom - [rf.ebanina.ebanina.Music.lambda$start$2(Music.java:354)] :: 2026-03-03T16:09:47.804628700[INFO] (* ^ Ď‰ ^) / Main Loader Class \ (^ Ď‰ ^ *) Focus gained - App title restored
[INFO 2026-03-03T16:40:23.579776] (* ^ Ď‰ ^) / Main Loader Class \ (^ Ď‰ ^ *) Focus lost - Track title: BLVC SVND x GIZMO (MUSIC BOOST) - I PUT MY DICK IN YOUR MENTAL - [rf.ebanina.ebanina.Music.lambda$start$2(Music.java:354)] :: 2026-03-03T16:40:19.041570600[INFO] (* ^ Ď‰ ^) / Main Loader Class \ (^ Ď‰ ^ *) Focus gained - App title restored
[INFO 2026-03-03T16:44:28.183737200] (* ^ Ď‰ ^) / Main Loader Class \ (^ Ď‰ ^ *) Focus lost - Track title: REDZED - Rave in the Grave - [rf.ebanina.ebanina.Music.lambda$start$2(Music.java:354)] :: 2026-03-03T16:40:28.030988700[INFO] (* ^ Ď‰ ^) / Main Loader Class \ (^ Ď‰ ^ *) Focus gained - App title restored
[INFO 2026-03-03T16:44:52.089302300] (* ^ Ď‰ ^) / Main Loader Class \ (^ Ď‰ ^ *) Focus lost - Track title: Ghostemane - Plague Dr Mask II - [rf.ebanina.ebanina.Music.lambda$start$2(Music.java:354)] :: 2026-03-03T16:44:50.243511800[INFO] (* ^ Ď‰ ^) / Main Loader Class \ (^ Ď‰ ^ *) Focus gained - App title restored
[INFO 2026-03-03T16:47:40.986413] (* ^ Ď‰ ^) / Main Loader Class \ (^ Ď‰ ^ *) Focus lost - Track title: Ghostemane - Plague Dr Mask II - [rf.ebanina.ebanina.Music.lambda$start$2(Music.java:354)] :: 2026-03-03T16:44:53.121554500[INFO] (* ^ Ď‰ ^) / Main Loader Class \ (^ Ď‰ ^ *) Focus gained - App title restored
[INFO 2026-03-03T16:47:49.805244300] (* ^ Ď‰ ^) / Main Loader Class \ (^ Ď‰ ^ *) Focus lost - Track title: Ghostemane - Rapture - [rf.ebanina.ebanina.Music.lambda$start$2(Music.java:354)] :: 2026-03-03T16:47:45.209136700[INFO] (* ^ Ď‰ ^) / Main Loader Class \ (^ Ď‰ ^ *) Focus gained - App title restored
[INFO 2026-03-03T20:13:31.826608500] (* ^ Ď‰ ^) / Main Loader Class \ (^ Ď‰ ^ *) Focus lost - Track title: Ghostemane - As Above so Look out Below - [rf.ebanina.ebanina.Music.lambda$start$2(Music.java:354)] :: 2026-03-03T16:48:06.307246700[INFO] (* ^ Ď‰ ^) / Main Loader Class \ (^ Ď‰ ^ *) Focus gained - App title restored
[INFO 2026-03-03T20:13:40.672504200] (* ^ Ď‰ ^) / Main Loader Class \ (^ Ď‰ ^ *) Focus lost - Track title: Ghostemane - As Above so Look out Below - [rf.ebanina.ebanina.Music.lambda$start$2(Music.java:354)] :: 2026-03-03T20:13:34.506474900[INFO] (* ^ Ď‰ ^) / Main Loader Class \ (^ Ď‰ ^ *) Focus gained - App title restored
[INFO 2026-03-03T20:18:16.536737200] (* ^ Ď‰ ^) / Main Loader Class \ (^ Ď‰ ^ *) Focus lost - Track title: Ghostemane - As Above so Look out Below - [rf.ebanina.ebanina.Music.lambda$start$2(Music.java:354)] :: 2026-03-03T20:13:46.239399900[INFO] (* ^ Ď‰ ^) / Main Loader Class \ (^ Ď‰ ^ *) Focus gained - App title restored
[INFO 2026-03-03T20:19:04.077557600] (* ^ Ď‰ ^) / Main Loader Class \ (^ Ď‰ ^ *) Focus lost - Track title: Ghostemane - As Above so Look out Below - [rf.ebanina.ebanina.Music.lambda$start$2(Music.java:354)] :: 2026-03-03T20:18:17.834439200[INFO] (* ^ Ď‰ ^) / Main Loader Class \ (^ Ď‰ ^ *) Focus gained - App title restored
[INFO 2026-03-03T20:51:21.719503100] (* ^ Ď‰ ^) / Main Loader Class \ (^ Ď‰ ^ *) Focus lost - Track title: Ghostemane - As Above so Look out Below - [rf.ebanina.ebanina.Music.lambda$start$2(Music.java:354)] :: 2026-03-03T20:19:05.134699400[INFO] (* ^ Ď‰ ^) / Main Loader Class \ (^ Ď‰ ^ *) Focus gained - App title restored
