мар. 06, 2026 11:54:22 AM com.sun.javafx.css.StyleManager$ImageCache getCachedImage
WARNING: Error loading image: file:C:/Users/2022/Desktop/YXvyeYZsASGiXGgXpcJR3ELsuaoH5iQ51XAcTzP7kLvHZkAHhkvlGlVqoTBCHv9fWHO2XpE_wEZ2HjGiEoCjPHEl.jpg
мар. 06, 2026 4:02:51 PM de.umass.lastfm.Caller openConnection
INFO: Open connection: http://ws.audioscrobbler.com/2.0/
мар. 06, 2026 4:02:51 PM de.umass.lastfm.Caller openPostConnection
INFO: Post body: method=track.getSimilar&track=Until+the+Light+Takes+Us&artist=Ghostemane&api_key=52ad98fbc4ea0816d852a1ce0598b740
мар. 06, 2026 4:07:12 PM de.umass.lastfm.Caller openConnection
INFO: Open connection: http://ws.audioscrobbler.com/2.0/
мар. 06, 2026 4:07:12 PM de.umass.lastfm.Caller openPostConnection
INFO: Post body: method=track.getInfo&track=Polaris&artist=Ghostemane&api_key=52ad98fbc4ea0816d852a1ce0598b740
мар. 06, 2026 4:07:17 PM de.umass.lastfm.Caller openConnection
INFO: Open connection: http://ws.audioscrobbler.com/2.0/
мар. 06, 2026 4:07:17 PM de.umass.lastfm.Caller openPostConnection
INFO: Post body: method=track.getInfo&track=D%28R%29Own&artist=Ghostemane&api_key=52ad98fbc4ea0816d852a1ce0598b740
мар. 06, 2026 4:13:48 PM de.umass.lastfm.Caller openConnection
INFO: Open connection: http://ws.audioscrobbler.com/2.0/
мар. 06, 2026 4:13:48 PM de.umass.lastfm.Caller openPostConnection
INFO: Post body: method=track.getInfo&track=Euronymous&artist=Ghostemane&api_key=52ad98fbc4ea0816d852a1ce0598b740
мар. 06, 2026 4:16:09 PM de.umass.lastfm.Caller openConnection
INFO: Open connection: http://ws.audioscrobbler.com/2.0/
мар. 06, 2026 4:16:09 PM de.umass.lastfm.Caller openPostConnection
INFO: Post body: method=track.getInfo&track=I%27m+Done&artist=%24uicideboy%24&api_key=52ad98fbc4ea0816d852a1ce0598b740
мар. 06, 2026 4:16:12 PM de.umass.lastfm.Caller openConnection
INFO: Open connection: http://ws.audioscrobbler.com/2.0/
мар. 06, 2026 4:16:12 PM de.umass.lastfm.Caller openPostConnection
INFO: Post body: method=track.getInfo&track=Champion+Of+Death&artist=%24uicideboy%24%2C+Getter&api_key=52ad98fbc4ea0816d852a1ce0598b740
мар. 06, 2026 4:16:16 PM de.umass.lastfm.Caller openConnection
INFO: Open connection: http://ws.audioscrobbler.com/2.0/
мар. 06, 2026 4:16:16 PM de.umass.lastfm.Caller openPostConnection
INFO: Post body: method=track.getInfo&track=%24outh+%24ide+%24uicide&artist=%24uicideboy%24%2C+Pouya&api_key=52ad98fbc4ea0816d852a1ce0598b740
мар. 06, 2026 4:16:19 PM de.umass.lastfm.Caller openConnection
INFO: Open connection: http://ws.audioscrobbler.com/2.0/
мар. 06, 2026 4:16:19 PM de.umass.lastfm.Caller openPostConnection
INFO: Post body: method=track.getInfo&track=Step+Back&artist=1nonly+%26+SXMPRA&api_key=52ad98fbc4ea0816d852a1ce0598b740
мар. 06, 2026 4:16:30 PM de.umass.lastfm.Caller openConnection
INFO: Open connection: http://ws.audioscrobbler.com/2.0/
мар. 06, 2026 4:16:30 PM de.umass.lastfm.Caller openPostConnection
INFO: Post body: method=track.getInfo&track=Euronymous&artist=Ghostemane&api_key=52ad98fbc4ea0816d852a1ce0598b740
мар. 06, 2026 4:16:34 PM de.umass.lastfm.Caller openConnection
INFO: Open connection: http://ws.audioscrobbler.com/2.0/
мар. 06, 2026 4:16:34 PM de.umass.lastfm.Caller openPostConnection
INFO: Post body: method=track.getInfo&track=Plagues&artist=Ghostemane&api_key=52ad98fbc4ea0816d852a1ce0598b740
мар. 06, 2026 4:16:40 PM de.umass.lastfm.Caller openConnection
INFO: Open connection: http://ws.audioscrobbler.com/2.0/
мар. 06, 2026 4:16:40 PM de.umass.lastfm.Caller openPostConnection
INFO: Post body: method=track.getInfo&track=Champion+Of+Death&artist=%24uicideboy%24%2C+Getter&api_key=52ad98fbc4ea0816d852a1ce0598b740
мар. 06, 2026 4:16:45 PM de.umass.lastfm.Caller openConnection
INFO: Open connection: http://ws.audioscrobbler.com/2.0/
мар. 06, 2026 4:16:45 PM de.umass.lastfm.Caller openPostConnection
INFO: Post body: method=track.getInfo&track=Paradise&artist=SHPACKYOU&api_key=52ad98fbc4ea0816d852a1ce0598b740
мар. 06, 2026 4:16:51 PM de.umass.lastfm.Caller openConnection
INFO: Open connection: http://ws.audioscrobbler.com/2.0/
мар. 06, 2026 4:16:51 PM de.umass.lastfm.Caller openPostConnection
INFO: Post body: method=track.getInfo&track=DARKSIDE&artist=SCXR+SOUL&api_key=52ad98fbc4ea0816d852a1ce0598b740
мар. 06, 2026 4:16:59 PM de.umass.lastfm.Caller openConnection
INFO: Open connection: http://ws.audioscrobbler.com/2.0/
мар. 06, 2026 4:16:59 PM de.umass.lastfm.Caller openPostConnection
INFO: Post body: method=track.getInfo&track=AVOID+ME++Remix&artist=ANTIQUE&api_key=52ad98fbc4ea0816d852a1ce0598b740
мар. 06, 2026 4:16:59 PM de.umass.lastfm.Caller call
WARNING: API call failed with result: Result[isSuccessful=false, errorCode=6, httpErrorCode=-1, errorMessage=Track not found, status=FAILED]
мар. 06, 2026 4:17:04 PM de.umass.lastfm.Caller openConnection
INFO: Open connection: http://ws.audioscrobbler.com/2.0/
мар. 06, 2026 4:17:04 PM de.umass.lastfm.Caller openPostConnection
INFO: Post body: method=track.getInfo&track=6IXSPEED&artist=7OH2&api_key=52ad98fbc4ea0816d852a1ce0598b740
мар. 06, 2026 4:17:10 PM de.umass.lastfm.Caller openConnection
INFO: Open connection: http://ws.audioscrobbler.com/2.0/
мар. 06, 2026 4:17:10 PM de.umass.lastfm.Caller openPostConnection
INFO: Post body: method=track.getInfo&track=Close+Eyes&artist=DVRST&api_key=52ad98fbc4ea0816d852a1ce0598b740
мар. 06, 2026 4:17:22 PM de.umass.lastfm.Caller openConnection
INFO: Open connection: http://ws.audioscrobbler.com/2.0/
мар. 06, 2026 4:17:22 PM de.umass.lastfm.Caller openPostConnection
INFO: Post body: method=track.getInfo&track=Dream+Space&artist=DVRST&api_key=52ad98fbc4ea0816d852a1ce0598b740
мар. 06, 2026 4:17:28 PM de.umass.lastfm.Caller openConnection
INFO: Open connection: http://ws.audioscrobbler.com/2.0/
мар. 06, 2026 4:17:28 PM de.umass.lastfm.Caller openPostConnection
INFO: Post body: method=track.getInfo&track=Scape&artist=DVRST&api_key=52ad98fbc4ea0816d852a1ce0598b740
мар. 06, 2026 4:17:34 PM de.umass.lastfm.Caller openConnection
INFO: Open connection: http://ws.audioscrobbler.com/2.0/
мар. 06, 2026 4:17:34 PM de.umass.lastfm.Caller openPostConnection
INFO: Post body: method=track.getInfo&track=REASON+TO+LIVE&artist=DVRST&api_key=52ad98fbc4ea0816d852a1ce0598b740
мар. 06, 2026 4:17:39 PM de.umass.lastfm.Caller openConnection
INFO: Open connection: http://ws.audioscrobbler.com/2.0/
мар. 06, 2026 4:17:39 PM de.umass.lastfm.Caller openPostConnection
INFO: Post body: method=track.getInfo&track=Last+Dawn&artist=lxst+cxntury&api_key=52ad98fbc4ea0816d852a1ce0598b740
java.lang.RuntimeException: com.synthbot.audioplugin.vst.JVstLoadException: The plugin entry function could not be found.
at rf.ebanina.UI.Editors.Player.Tabs.AudioPlugins.Controller.lambda$static$7(Controller.java:144)
at rf.ebanina.UI.Editors.Player.Tabs.AudioPlugins.Controller.addPlugin(Controller.java:163)
at rf.ebanina.UI.Editors.Player.Tabs.AudioPlugins.Controller.addPlugin(Controller.java:109)
at rf.ebanina.UI.Editors.Player.Tabs.AudioPlugins.Controller.lambda$initialize$1(Controller.java:66)
at javafx.base/com.sun.javafx.event.CompositeEventHandler.dispatchBubblingEvent(CompositeEventHandler.java:86)
at javafx.base/com.sun.javafx.event.EventHandlerManager.dispatchBubblingEvent(EventHandlerManager.java:234)
at javafx.base/com.sun.javafx.event.EventHandlerManager.dispatchBubblingEvent(EventHandlerManager.java:191)
at javafx.base/com.sun.javafx.event.CompositeEventDispatcher.dispatchBubblingEvent(CompositeEventDispatcher.java:59)
at javafx.base/com.sun.javafx.event.BasicEventDispatcher.dispatchEvent(BasicEventDispatcher.java:58)
at javafx.base/com.sun.javafx.event.EventDispatchChainImpl.dispatchEvent(EventDispatchChainImpl.java:114)
at javafx.base/com.sun.javafx.event.BasicEventDispatcher.dispatchEvent(BasicEventDispatcher.java:56)
at javafx.base/com.sun.javafx.event.EventDispatchChainImpl.dispatchEvent(EventDispatchChainImpl.java:114)
at javafx.base/com.sun.javafx.event.BasicEventDispatcher.dispatchEvent(BasicEventDispatcher.java:56)
at javafx.base/com.sun.javafx.event.EventDispatchChainImpl.dispatchEvent(EventDispatchChainImpl.java:114)
at javafx.base/com.sun.javafx.event.BasicEventDispatcher.dispatchEvent(BasicEventDispatcher.java:56)
at javafx.base/com.sun.javafx.event.EventDispatchChainImpl.dispatchEvent(EventDispatchChainImpl.java:114)
at javafx.base/com.sun.javafx.event.EventUtil.fireEventImpl(EventUtil.java:74)
at javafx.base/com.sun.javafx.event.EventUtil.fireEvent(EventUtil.java:49)
at javafx.base/javafx.event.Event.fireEvent(Event.java:198)
at javafx.graphics/javafx.scene.Node.fireEvent(Node.java:8792)
at javafx.controls/javafx.scene.control.Button.fire(Button.java:203)
at javafx.controls/com.sun.javafx.scene.control.behavior.ButtonBehavior.mouseReleased(ButtonBehavior.java:208)
at javafx.controls/com.sun.javafx.scene.control.inputmap.InputMap.handle(InputMap.java:274)
at javafx.base/com.sun.javafx.event.CompositeEventHandler$NormalEventHandlerRecord.handleBubblingEvent(CompositeEventHandler.java:247)
at javafx.base/com.sun.javafx.event.CompositeEventHandler.dispatchBubblingEvent(CompositeEventHandler.java:80)
at javafx.base/com.sun.javafx.event.EventHandlerManager.dispatchBubblingEvent(EventHandlerManager.java:234)
at javafx.base/com.sun.javafx.event.EventHandlerManager.dispatchBubblingEvent(EventHandlerManager.java:191)
at javafx.base/com.sun.javafx.event.CompositeEventDispatcher.dispatchBubblingEvent(CompositeEventDispatcher.java:59)
at javafx.base/com.sun.javafx.event.BasicEventDispatcher.dispatchEvent(BasicEventDispatcher.java:58)
at javafx.base/com.sun.javafx.event.EventDispatchChainImpl.dispatchEvent(EventDispatchChainImpl.java:114)
at javafx.base/com.sun.javafx.event.BasicEventDispatcher.dispatchEvent(BasicEventDispatcher.java:56)
at javafx.base/com.sun.javafx.event.EventDispatchChainImpl.dispatchEvent(EventDispatchChainImpl.java:114)
at javafx.base/com.sun.javafx.event.BasicEventDispatcher.dispatchEvent(BasicEventDispatcher.java:56)
at javafx.base/com.sun.javafx.event.EventDispatchChainImpl.dispatchEvent(EventDispatchChainImpl.java:114)
at javafx.base/com.sun.javafx.event.BasicEventDispatcher.dispatchEvent(BasicEventDispatcher.java:56)
at javafx.base/com.sun.javafx.event.EventDispatchChainImpl.dispatchEvent(EventDispatchChainImpl.java:114)
at javafx.base/com.sun.javafx.event.EventUtil.fireEventImpl(EventUtil.java:74)
at javafx.base/com.sun.javafx.event.EventUtil.fireEvent(EventUtil.java:54)
at javafx.base/javafx.event.Event.fireEvent(Event.java:198)
at javafx.graphics/javafx.scene.Scene$MouseHandler.process(Scene.java:3897)
at javafx.graphics/javafx.scene.Scene.processMouseEvent(Scene.java:1878)
at javafx.graphics/javafx.scene.Scene$ScenePeerListener.mouseEvent(Scene.java:2623)
at javafx.graphics/com.sun.javafx.tk.quantum.GlassViewEventHandler$MouseEventNotification.run(GlassViewEventHandler.java:411)
at javafx.graphics/com.sun.javafx.tk.quantum.GlassViewEventHandler$MouseEventNotification.run(GlassViewEventHandler.java:301)
at java.base/java.security.AccessController.doPrivileged(AccessController.java:400)
at javafx.graphics/com.sun.javafx.tk.quantum.GlassViewEventHandler.lambda$handleMouseEvent$2(GlassViewEventHandler.java:450)
at javafx.graphics/com.sun.javafx.tk.quantum.QuantumToolkit.runWithoutRenderLock(QuantumToolkit.java:423)
at javafx.graphics/com.sun.javafx.tk.quantum.GlassViewEventHandler.handleMouseEvent(GlassViewEventHandler.java:449)
at javafx.graphics/com.sun.glass.ui.View.handleMouseEvent(View.java:551)
at javafx.graphics/com.sun.glass.ui.View.notifyMouse(View.java:937)
at javafx.graphics/com.sun.glass.ui.win.WinApplication._runLoop(Native Method)
at javafx.graphics/com.sun.glass.ui.win.WinApplication.lambda$runLoop$3(WinApplication.java:184)
at java.base/java.lang.Thread.run(Thread.java:1583)
Caused by: com.synthbot.audioplugin.vst.JVstLoadException: The plugin entry function could not be found.
at com.synthbot.audioplugin.vst.vst2.JVstHost2.loadPlugin(Native Method)
at com.synthbot.audioplugin.vst.vst2.JVstHost2.newInstance(JVstHost2.java:103)
at com.synthbot.audioplugin.vst.vst2.JVstHost2.newInstance(JVstHost2.java:78)
at rf.ebanina.UI.Editors.Player.Tabs.AudioPlugins.Controller.lambda$static$7(Controller.java:139)
... 52 more
java.lang.NoSuchMethodError: com.synthbot.audioplugin.vst.JVstLoadException: method 'void <init>()' not found
at com.synthbot.audioplugin.vst.vst2.JVstHost2.loadPlugin(Native Method)
at com.synthbot.audioplugin.vst.vst2.JVstHost2.newInstance(JVstHost2.java:103)
at com.synthbot.audioplugin.vst.vst2.JVstHost2.newInstance(JVstHost2.java:78)
at rf.ebanina.UI.Editors.Player.Tabs.AudioPlugins.Controller.lambda$static$7(Controller.java:139)
at rf.ebanina.UI.Editors.Player.Tabs.AudioPlugins.Controller.addPlugin(Controller.java:163)
at rf.ebanina.UI.Editors.Player.Tabs.AudioPlugins.Controller.addPlugin(Controller.java:109)
at rf.ebanina.UI.Editors.Player.Tabs.AudioPlugins.Controller.lambda$initialize$1(Controller.java:66)
at javafx.base/com.sun.javafx.event.CompositeEventHandler.dispatchBubblingEvent(CompositeEventHandler.java:86)
at javafx.base/com.sun.javafx.event.EventHandlerManager.dispatchBubblingEvent(EventHandlerManager.java:234)
at javafx.base/com.sun.javafx.event.EventHandlerManager.dispatchBubblingEvent(EventHandlerManager.java:191)
at javafx.base/com.sun.javafx.event.CompositeEventDispatcher.dispatchBubblingEvent(CompositeEventDispatcher.java:59)
at javafx.base/com.sun.javafx.event.BasicEventDispatcher.dispatchEvent(BasicEventDispatcher.java:58)
at javafx.base/com.sun.javafx.event.EventDispatchChainImpl.dispatchEvent(EventDispatchChainImpl.java:114)
at javafx.base/com.sun.javafx.event.BasicEventDispatcher.dispatchEvent(BasicEventDispatcher.java:56)
at javafx.base/com.sun.javafx.event.EventDispatchChainImpl.dispatchEvent(EventDispatchChainImpl.java:114)
at javafx.base/com.sun.javafx.event.BasicEventDispatcher.dispatchEvent(BasicEventDispatcher.java:56)
at javafx.base/com.sun.javafx.event.EventDispatchChainImpl.dispatchEvent(EventDispatchChainImpl.java:114)
at javafx.base/com.sun.javafx.event.BasicEventDispatcher.dispatchEvent(BasicEventDispatcher.java:56)
at javafx.base/com.sun.javafx.event.EventDispatchChainImpl.dispatchEvent(EventDispatchChainImpl.java:114)
at javafx.base/com.sun.javafx.event.EventUtil.fireEventImpl(EventUtil.java:74)
at javafx.base/com.sun.javafx.event.EventUtil.fireEvent(EventUtil.java:49)
at javafx.base/javafx.event.Event.fireEvent(Event.java:198)
at javafx.graphics/javafx.scene.Node.fireEvent(Node.java:8792)
at javafx.controls/javafx.scene.control.Button.fire(Button.java:203)
at javafx.controls/com.sun.javafx.scene.control.behavior.ButtonBehavior.mouseReleased(ButtonBehavior.java:208)
at javafx.controls/com.sun.javafx.scene.control.inputmap.InputMap.handle(InputMap.java:274)
at javafx.base/com.sun.javafx.event.CompositeEventHandler$NormalEventHandlerRecord.handleBubblingEvent(CompositeEventHandler.java:247)
at javafx.base/com.sun.javafx.event.CompositeEventHandler.dispatchBubblingEvent(CompositeEventHandler.java:80)
at javafx.base/com.sun.javafx.event.EventHandlerManager.dispatchBubblingEvent(EventHandlerManager.java:234)
at javafx.base/com.sun.javafx.event.EventHandlerManager.dispatchBubblingEvent(EventHandlerManager.java:191)
at javafx.base/com.sun.javafx.event.CompositeEventDispatcher.dispatchBubblingEvent(CompositeEventDispatcher.java:59)
at javafx.base/com.sun.javafx.event.BasicEventDispatcher.dispatchEvent(BasicEventDispatcher.java:58)
at javafx.base/com.sun.javafx.event.EventDispatchChainImpl.dispatchEvent(EventDispatchChainImpl.java:114)
at javafx.base/com.sun.javafx.event.BasicEventDispatcher.dispatchEvent(BasicEventDispatcher.java:56)
at javafx.base/com.sun.javafx.event.EventDispatchChainImpl.dispatchEvent(EventDispatchChainImpl.java:114)
at javafx.base/com.sun.javafx.event.BasicEventDispatcher.dispatchEvent(BasicEventDispatcher.java:56)
at javafx.base/com.sun.javafx.event.EventDispatchChainImpl.dispatchEvent(EventDispatchChainImpl.java:114)
at javafx.base/com.sun.javafx.event.BasicEventDispatcher.dispatchEvent(BasicEventDispatcher.java:56)
at javafx.base/com.sun.javafx.event.EventDispatchChainImpl.dispatchEvent(EventDispatchChainImpl.java:114)
at javafx.base/com.sun.javafx.event.EventUtil.fireEventImpl(EventUtil.java:74)
at javafx.base/com.sun.javafx.event.EventUtil.fireEvent(EventUtil.java:54)
at javafx.base/javafx.event.Event.fireEvent(Event.java:198)
at javafx.graphics/javafx.scene.Scene$MouseHandler.process(Scene.java:3897)
at javafx.graphics/javafx.scene.Scene.processMouseEvent(Scene.java:1878)
at javafx.graphics/javafx.scene.Scene$ScenePeerListener.mouseEvent(Scene.java:2623)
at javafx.graphics/com.sun.javafx.tk.quantum.GlassViewEventHandler$MouseEventNotification.run(GlassViewEventHandler.java:411)
at javafx.graphics/com.sun.javafx.tk.quantum.GlassViewEventHandler$MouseEventNotification.run(GlassViewEventHandler.java:301)
at java.base/java.security.AccessController.doPrivileged(AccessController.java:400)
at javafx.graphics/com.sun.javafx.tk.quantum.GlassViewEventHandler.lambda$handleMouseEvent$2(GlassViewEventHandler.java:450)
at javafx.graphics/com.sun.javafx.tk.quantum.QuantumToolkit.runWithoutRenderLock(QuantumToolkit.java:423)
at javafx.graphics/com.sun.javafx.tk.quantum.GlassViewEventHandler.handleMouseEvent(GlassViewEventHandler.java:449)
at javafx.graphics/com.sun.glass.ui.View.handleMouseEvent(View.java:551)
at javafx.graphics/com.sun.glass.ui.View.notifyMouse(View.java:937)
at javafx.graphics/com.sun.glass.ui.win.WinApplication._runLoop(Native Method)
at javafx.graphics/com.sun.glass.ui.win.WinApplication.lambda$runLoop$3(WinApplication.java:184)
at java.base/java.lang.Thread.run(Thread.java:1583)
