[INFO 2026-03-07T19:40:50.491700200] Host started on localhost:12345
[INFO 2026-03-07T19:40:51.319494300] + Client connected from /127.0.0.1:59851
[INFO 2026-03-07T19:40:51.321488900] [1] Client disconnected while reading length
[INFO 2026-03-07T19:40:51.322486200] Client socket closed
[INFO 2026-03-07T19:40:52.333472300] + Client connected from /127.0.0.1:59852
[INFO 2026-03-07T19:40:52.334471400] [1] Client disconnected while reading length
[INFO 2026-03-07T19:40:52.334471400] Client socket closed
[INFO 2026-03-07T19:40:52.335466[INFO 2026-03-07T19:56:44.170525600] + Client connected
[INFO 2026-03-07T19:56:44.183533] Client disconnected
[INFO 2026-03-07T19:56:44.185535] Client socket closed
[INFO 2026-03-07T19:56:44.186532800] + Client connected
[WARN 2026-03-07T19:57:16.834815200] Connection error: Connection reset
12;true;false'
[INFO 2026-03-07T19:40:52.344463900] [1] Command = INIT_PLUGIN, argsCount=6
[INFO 2026-03-07T19:40:52.349465800] INIT_PLUGIN: type=vst3, path=C:\Program Files\Common Files\VST3\iZotope\Ozone 9 Equalizer.vst3, sr=44100, bs=512, realtime=true, double=false
[INFO 2026-03-07T19:40:52.353468500] Loading plugin: C:\Program Files\Common Files\VST3\iZotope\Ozone 9 Equalizer.vst3 @ 44100Hz, 512 samples, vst3-Type
[INFO 2026-03-07T19:40:52.483465800] + Plugin loaded: Ozone 9 Equalizer
[INFO 2026-03-07T19:40:52.483465800] Vendor: iZotope
[INFO 2026-03-07T19:40:52.486469300] I/O: 2/2
[INFO 2026-03-07T19:40:52.487466400] Parameters: 0
[INFO 2026-03-07T19:40:52.491468700] [1] Sending response: OK:iZotope;0;2;2
[INFO 2026-03-07T19:40:53.006433500] [2] Raw length bytes: 00 00 00 0B, messageLength=11
[INFO 2026-03-07T19:40:53.007447100] [2] Received commandString = 'OPEN_EDITOR'
[INFO 2026-03-07T19:40:53.007447100] [2] Command = OPEN_EDITOR, argsCount=0
[INFO 2026-03-07T19:40:53.008432500] [2] Sending response: OK:Editor opened
[INFO 2026-03-07T19:40:55.039087700] [3] Raw length bytes: 00 00 00 17, messageLength=23
[INFO 2026-03-07T19:40:55.040091] [3] Received commandString = 'PROCESS_AUDIO;2;512;512'
[INFO 2026-03-07T19:40:55.041093900] [3] Command = PROCESS_AUDIO, argsCount=3
[INFO 2026-03-07T19:40:55.048095] [3] Response already sent by handler
[INFO 2026-03-07T19:40:56.070755600] [4] Raw length bytes: 00 00 00 17, messageLength=23
[INFO 2026-03-07T19:40:56.070755600] [4] Received commandString = 'PROCESS_AUDIO;2;512;512'
[INFO 2026-03-07T19:40:56.070755600] [4] Command = PROCESS_AUDIO, argsCount=3
[INFO 2026-03-07T19:40:56.071755800] [4] Response already sent by handler
[INFO 2026-03-07T19:40:57.073452800] [5] Raw length bytes: 00 00 00 17, messageLength=23
[INFO 2026-03-07T19:40:57.074449500] [5] Received commandString = 'PROCESS_AUDIO;2;512;512'
[INFO 2026-03-07T19:40:57.075450800] [5] Command = PROCESS_AUDIO, argsCount=3
[INFO 2026-03-07T19:40:57.076450900] [5] Response already sent by handler
[INFO 2026-03-07T19:40:58.088113400] [6] Raw length bytes: 00 00 00 17, messageLength=23
[INFO 2026-03-07T19:40:58.088113400] [6] Received commandString = 'PROCESS_AUDIO;2;512;512'
[INFO 2026-03-07T19:40:58.089118300] [6] Command = PROCESS_AUDIO, argsCount=3
[INFO 2026-03-07T19:40:58.090118500] [6] Response already sent by handler
[INFO 2026-03-07T19:40:59.098568700] [7] Raw length bytes: 00 00 00 17, messageLength=23
[INFO 2026-03-07T19:40:59.099571100] [7] Received commandString = 'PROCESS_AUDIO;2;512;512'
[INFO 2026-03-07T19:40:59.099571100] [7] Command = PROCESS_AUDIO, argsCount=3
[INFO 2026-03-07T19:40:59.100572700] [7] Response already sent by handler
[INFO 2026-03-07T19:41:00.107497500] [8] Raw length bytes: 00 00 00 17, messageLength=23
[INFO 2026-03-07T19:41:00.108382200] [8] Received commandString = 'PROCESS_AUDIO;2;512;512'
[INFO 2026-03-07T19:41:00.108382200] [8] Command = PROCESS_AUDIO, argsCount=3
[INFO 2026-03-07T19:41:00.111416900] [8] Response already sent by handler
[INFO 2026-03-07T19:41:01.123958800] [9] Raw length bytes: 00 00 00 17, messageLength=23
[INFO 2026-03-07T19:41:01.123958800] [9] Received commandString = 'PROCESS_AUDIO;2;512;512'
[INFO 2026-03-07T19:41:01.123958800] [9] Command = PROCESS_AUDIO, argsCount=3
[INFO 2026-03-07T19:41:01.124956500] [9] Response already sent by handler
[INFO 2026-03-07T19:41:02.139412300] [10] Raw length bytes: 00 00 00 17, messageLength=23
[INFO 2026-03-07T19:41:02.139412300] [10] Received commandString = 'PROCESS_AUDIO;2;512;512'
[INFO 2026-03-07T19:41:02.139412300] [10] Command = PROCESS_AUDIO, argsCount=3
[INFO 2026-03-07T19:41:02.141422100] [10] Response already sent by handler
[INFO 2026-03-07T19:41:03.146578200] [11] Raw length bytes: 00 00 00 17, messageLength=23
[INFO 2026-03-07T19:41:03.147581700] [11] Received commandString = 'PROCESS_AUDIO;2;512;512'
[INFO 2026-03-07T19:41:03.147581700] [11] Command = PROCESS_AUDIO, argsCount=3
[INFO 2026-03-07T19:41:03.148579200] [11] Response already sent by handler
[INFO 2026-03-07T19:41:04.163567900] [12] Raw length bytes: 00 00 00 17, messageLength=23
[INFO 2026-03-07T19:41:04.164570200] [12] Received commandString = 'PROCESS_AUDIO;2;512;512'
[INFO 2026-03-07T19:41:04.164570200] [12] Command = PROCESS_AUDIO, argsCount=3
[INFO 2026-03-07T19:41:04.165572800] [12] Response already sent by handler
[INFO 2026-03-07T19:41:05.181558700] [13] Raw length bytes: 00 00 00 17, messageLength=23
[INFO 2026-03-07T19:41:05.182458] [13] Received commandString = 'PROCESS_AUDIO;2;512;512'
[INFO 2026-03-07T19:41:05.182458] [13] Command = PROCESS_AUDIO, argsCount=3
[INFO 2026-03-07T19:41:05.182458] [13] Response already sent by handler
[INFO 2026-03-07T19:41:06.190584700] [14] Raw length bytes: 00 00 00 17, messageLength=23
[INFO 2026-03-07T19:41:06.191586600] [14] Received commandString = 'PROCESS_AUDIO;2;512;512'
[INFO 2026-03-07T19:41:06.191586600] [14] Command = PROCESS_AUDIO, argsCount=3
[INFO 2026-03-07T19:41:06.193590400] [14] Response already sent by handler
[INFO 2026-03-07T19:41:07.196119500] [15] Raw length bytes: 00 00 00 17, messageLength=23
[INFO 2026-03-07T19:41:07.196119500] [15] Received commandString = 'PROCESS_AUDIO;2;512;512'
[INFO 2026-03-07T19:41:07.197118900] [15] Command = PROCESS_AUDIO, argsCount=3
[INFO 2026-03-07T19:41:07.197118900] [15] Response already sent by handler
[INFO 2026-03-07T19:41:08.201475500] [16] Raw length bytes: 00 00 00 17, messageLength=23
[INFO 2026-03-07T19:41:08.202481400] [16] Received commandString = 'PROCESS_AUDIO;2;512;512'
[INFO 2026-03-07T19:41:08.202481400] [16] Command = PROCESS_AUDIO, argsCount=3
[INFO 2026-03-07T19:41:08.203480] [16] Response already sent by handler
[INFO 2026-03-07T19:41:09.208802] [17] Raw length bytes: 00 00 00 17, messageLength=23
[INFO 2026-03-07T19:41:09.208802] [17] Received commandString = 'PROCESS_AUDIO;2;512;512'
[INFO 2026-03-07T19:41:09.209686] [17] Command = PROCESS_AUDIO, argsCount=3
[INFO 2026-03-07T19:41:09.209686] [17] Response already sent by handler
[INFO 2026-03-07T19:41:10.223135900] [18] Raw length bytes: 00 00 00 17, messageLength=23
[INFO 2026-03-07T19:41:10.224147600] [18] Received commandString = 'PROCESS_AUDIO;2;512;512'
[INFO 2026-03-07T19:41:10.224147600] [18] Command = PROCESS_AUDIO, argsCount=3
[INFO 2026-03-07T19:41:10.224147600] [18] Response already sent by handler
[INFO 2026-03-07T19:41:11.238282900] [19] Raw length bytes: 00 00 00 17, messageLength=23
[INFO 2026-03-07T19:41:11.239190] [19] Received commandString = 'PROCESS_AUDIO;2;512;512'
[INFO 2026-03-07T19:41:11.239190] [19] Command = PROCESS_AUDIO, argsCount=3
[INFO 2026-03-07T19:41:11.239190] [19] Response already sent by handler
[INFO 2026-03-07T19:41:11.419106400] [20] Raw length bytes: 00 00 00 10, messageLength=16
[INFO 2026-03-07T19:41:11.419106400] [20] Received commandString = 'TERMINATE_PLUGIN'
[INFO 2026-03-07T19:41:11.420103200] [20] Command = TERMINATE_PLUGIN, argsCount=0
[INFO 2026-03-07T19:41:11.420103200] Plugin terminated
[INFO 2026-03-07T19:41:11.420103200] [20] Sending response: OK:Plugin terminated
[INFO 2026-03-07T19:41:11.420103200] [21] Client disconnected while reading length
[INFO 2026-03-07T19:41:11.420103200] Client socket closed
