[INFO 2026-03-07T16:58:30.630300900] (* ^ ω ^) / Main Loader Class \ (^ ω ^ *) File logging initialized
[INFO 2026-03-07T16:58:30.740290100] (* ^ ω ^) / Main Loader Class \ (^ ω ^ *) Root stage reference set
[INFO 2026-03-07T16:58:30.821292800] (* ^ ω ^) / Main Loader Class \ (^ ω ^ *) Main scene created with root node
[INFO 2026-03-07T16:58:30.833290400] (* ^ ω ^) / Main Loader Class \ (^ ω ^ *) Stage configured with title: Ebanina (Mizuki): v1.4.7 - Mizuki - [rf.ebanina.ebanina.Music.start(Music.java:316)] :: 2026-03-07T16:58:30.824291700[INFO] (* ^ ω ^) / Main Loader Class \ (^ ω ^ *) Window geometry restored from session
[INFO 2026-03-07T16:58:31.075517600] (* ^ ω ^) / Main Loader Class \ (^ ω ^ *) Stage displayed with max constraints
[INFO 2026-03-07T16:58:31.081515200] (* ^ ω ^) / Main Loader Class \ (^ ω ^ *) Animations controller initialized
[INFO 2026-03-07T16:58:31.083519600] (* ^ ω ^) / Main Loader Class \ (^ ω ^ *) Exit event handler registered
[INFO 2026-03-07T16:58:31.184519800] (* ^ ω ^) / Main Loader Class \ (^ ω ^ *) Configuration FXML converter executed
[INFO 2026-03-07T16:58:31.185517200] (* ^ ω ^) / Main Loader Class \ (^ ω ^ *) Playlist cursorus prepare
[INFO 2026-03-07T16:58:31.293517] (* ^ ω ^) / Main Loader Class \ (^ ω ^ *) GlobalScreen native hook registered successfully
[INFO 2026-03-07T16:58:31.295514700] (* ^ ω ^) / Main Loader Class \ (^ ω ^ *) KeyBindingController initialized and listeners registered
[PROFILER 2026-03-07T16:58:31.302517300] (* ^ ω ^) / Main Loader Class \ (^ ω ^ *) 1_772_891_911_302 * Root UI initialization start
[PROFILER 2026-03-07T16:58:31.645580400] (* ^ ω ^) / Main Loader Class \ (^ ω ^ *) 1_772_891_911_641 (Δ 339 ms) * Root UI initialization complete
[INFO 2026-03-07T16:58:31.654579900] (* ^ ω ^) / Main Loader Class \ (^ ω ^ *) Media cache (global map) initialized
[INFO 2026-03-07T16:58:31.758578200] (* ^ ω ^) / Main Loader Class \ (^ ω ^ *) Current track media loaded
[INFO 2026-03-07T16:58:31.763582200] (* ^ ω ^) / Main Loader Class \ (^ ω ^ *) MediaPlayer updated with new track
[INFO 2026-03-07T16:58:32.002576500] (* ^ ω ^) / Main Loader Class \ (^ ω ^ *) Root UI final setup complete
[INFO 2026-03-07T16:58:32.015576500] (* ^ ω ^) / Main Loader Class \ (^ ω ^ *) All UI handlers initialized
[INFO 2026-03-07T16:58:32.016585800] (* ^ ω ^) / Main Loader Class \ (^ ω ^ *) MediaProcessor fully initialized
[INFO 2026-03-07T16:58:32.018576600] (* ^ ω ^) / Main Loader Class \ (^ ω ^ *) Scene finalized and key listeners setup
[INFO 2026-03-07T16:58:32.021974100] (* ^ ω ^) / Main Loader Class \ (^ ω ^ *) User session loaded
[INFO 2026-03-07T16:58:32.024577600] (* ^ ω ^) / Main Loader Class \ (^ ω ^ *) All mods loaded from folder
[INFO 2026-03-07T16:58:32.043575300] VST Host уже запущен на localhost:888
[INFO 2026-03-07T16:58:32.045576900] Подключение к VST Host установлено
[PROFILER 2026-03-07T16:58:32.045576900] (* ^ ω ^) / Main Loader Class \ (^ ω ^ *) 1_772_891_912_045 (Δ 404 ms) * Application ENDUP Time
[WARN 2026-03-07T16:58:34.436576900SUCCESS: 78330 bytes] (* ^ ω ^) / Main Loader Class \ (^ ω ^ *) Focus listener error: icon can not be null.
Preview: {"tracks":{"href":"https://api.spotify.com/v1/search?offset=0&limit=20&query=06.%20DJ%20Squeeky%20-%20Victim%20Of%20A%20%20Pimp%20Shit.wav&type=track&locale=*","limit":20,"next":"https://api.spotify.c
SUCCESS: 78330 bytes
Preview: {"tracks":{"href":"https://api.spotify.com/v1/search?offset=0&limit=20&query=06.%20DJ%20Squeeky%20-%20Victim%20Of%20A%20%20Pimp%20Shit.wav&type=track&locale=*","limit":20,"next":"https://api.spotify.c
[INFO 2026-03-07T16:58:38.314092500] (* ^ ω ^) / Main Loader Class \ (^ ω ^ *) Focus gained - App title restored
[INFO 2026-03-07T16:59:08.786687500] (* ^ ω ^) / Main Loader Class \ (^ ω ^ *) Focus lost - Track title: Ghostemane - Hexada - [rf.ebanina.ebanina.Music.lambda$start$2(Music.java:359)] :: 2026-03-07T16:58:50.153281600[INFO] (* ^ ω ^) / Main Loader Class \ (^ ω ^ *) Focus gained - App title restored
[INFO 2026-03-07T16:59:13.442200600] (* ^ ω ^) / Main Loader Class \ (^ ω ^ *) Focus lost - Track title: Ghostemane - Euronymous - [rf.ebanina.ebanina.Music.lambda$start$2(Music.java:359)] :: 2026-03-07T16:59:11.942126500[INFO] (* ^ ω ^) / Main Loader Class \ (^ ω ^ *) Focus gained - App title restored
[INFO 2026-03-07T16:59:15.378197] (* ^ ω ^) / Main Loader Class \ (^ ω ^ *) Focus lost - Track title: Ghostemane - Euronymous - [rf.ebanina.ebanina.Music.lambda$start$2(Music.java:359)] :: 2026-03-07T16:59:13.716824800[INFO] (* ^ ω ^) / Main Loader Class \ (^ ω ^ *) Focus gained - App title restored
[INFO 2026-03-07T16:59:19.190174700] (* ^ ω ^) / Main Loader Class \ (^ ω ^ *) Focus lost - Track title: Ghostemane - Euronymous - [rf.ebanina.ebanina.Music.lambda$start$2(Music.java:359)] :: 2026-03-07T16:59:15.502124300[INFO] (* ^ ω ^) / Main Loader Class \ (^ ω ^ *) Focus gained - App title restored
[INFO 2026-03-07T16:59:53.711212600] (* ^ ω ^) / Main Loader Class \ (^ ω ^ *) Focus lost - Track title: Ghostemane - Euronymous - [rf.ebanina.ebanina.Music.lambda$start$2(Music.java:359)] :: 2026-03-07T16:59:19.416300800[INFO] (* ^ ω ^) / Main Loader Class \ (^ ω ^ *) Focus gained - App title restored
[INFO 2026-03-07T17:01:57.267330100] (* ^ ω ^) / Main Loader Class \ (^ ω ^ *) Focus lost - Track title: Ghostemane - Euronymous - [rf.ebanina.ebanina.Music.lambda$start$2(Music.java:359)] :: 2026-03-07T16:59:53.884759100[INFO] (* ^ ω ^) / Main Loader Class \ (^ ω ^ *) Focus gained - App title restored
[INFO 2026-03-07T17:02:02.764800500] (* ^ ω ^) / Main Loader Class \ (^ ω ^ *) Focus lost - Track title: Ghostemane - D(R)Own - [rf.ebanina.ebanina.Music.lambda$start$2(Music.java:359)] :: 2026-03-07T17:02:01.275750200[INFO] (* ^ ω ^) / Main Loader Class \ (^ ω ^ *) Focus gained - App title restored
[INFO 2026-03-07T17:02:06.724093] (* ^ ω ^) / Main Loader Class \ (^ ω ^ *) Focus lost - Track title: Ghostemane - D(R)Own - [rf.ebanina.ebanina.Music.lambda$start$2(Music.java:359)] :: 2026-03-07T17:02:02.892064600[INFO] (* ^ ω ^) / Main Loader Class \ (^ ω ^ *) Focus gained - App title restored
[INFO 2026-03-07T17:02:12.274109200] (* ^ ω ^) / Main Loader Class \ (^ ω ^ *) Focus lost - Track title: Ghostemane - D(R)Own - [rf.ebanina.ebanina.Music.lambda$start$2(Music.java:359)] :: 2026-03-07T17:02:07.102311500[INFO] (* ^ ω ^) / Main Loader Class \ (^ ω ^ *) Focus gained - App title restored
[INFO 2026-03-07T17:02:31.013572900] (* ^ ω ^) / Main Loader Class \ (^ ω ^ *) Focus lost - Track title: Ghostemane - D(R)Own - [rf.ebanina.ebanina.Music.lambda$start$2(Music.java:359)] :: 2026-03-07T17:02:12.541756900[INFO] (* ^ ω ^) / Main Loader Class \ (^ ω ^ *) Focus gained - App title restored
[INFO 2026-03-07T17:02:44.110514700] (* ^ ω ^) / Main Loader Class \ (^ ω ^ *) Focus lost - Track title: Ghostemane - D(R)Own - [rf.ebanina.ebanina.Music.lambda$start$2(Music.java:359)] :: 2026-03-07T17:02:31.163039[INFO] (* ^ ω ^) / Main Loader Class \ (^ ω ^ *) Focus gained - App title restored
[INFO 2026-03-07T17:02:47.206322200] (* ^ ω ^) / Main Loader Class \ (^ ω ^ *) Focus lost - Track title: Ghostemane - D(R)Own - [rf.ebanina.ebanina.Music.lambda$start$2(Music.java:359)] :: 2026-03-07T17:02:44.438598700[INFO] (* ^ ω ^) / Main Loader Class \ (^ ω ^ *) Focus gained - App title restored
[INFO 2026-03-07T17:03:50.342080300] (* ^ ω ^) / Main Loader Class \ (^ ω ^ *) Focus lost - Track title: Ghostemane - D(R)Own - [rf.ebanina.ebanina.Music.lambda$start$2(Music.java:359)] :: 2026-03-07T17:02:47.334952100[INFO] (* ^ ω ^) / Main Loader Class \ (^ ω ^ *) Focus gained - App title restored
[INFO 2026-03-07T17:05:27.366089800] (* ^ ω ^) / Main Loader Class \ (^ ω ^ *) Focus lost - Track title: Ghostemane - Nails - [rf.ebanina.ebanina.Music.lambda$start$2(Music.java:359)] :: 2026-03-07T17:03:56.572847200[INFO] (* ^ ω ^) / Main Loader Class \ (^ ω ^ *) Focus gained - App title restored
[INFO 2026-03-07T17:05:34.096285300] (* ^ ω ^) / Main Loader Class \ (^ ω ^ *) Focus lost - Track title: Ghostemane - Nails - [rf.ebanina.ebanina.Music.lambda$start$2(Music.java:359)] :: 2026-03-07T17:05:29.155785[INFO] (* ^ ω ^) / Main Loader Class \ (^ ω ^ *) Focus gained - App title restored
[INFO 2026-03-07T17:05:47.481229200] (* ^ ω ^) / Main Loader Class \ (^ ω ^ *) Focus lost - Track title: Ghostemane - Black Blood - [rf.ebanina.ebanina.Music.lambda$start$2(Music.java:359)] :: 2026-03-07T17:05:44.447801[INFO] (* ^ ω ^) / Main Loader Class \ (^ ω ^ *) Focus gained - App title restored
[INFO 2026-03-07T17:05:51.741681100] (* ^ ω ^) / Main Loader Class \ (^ ω ^ *) Focus lost - Track title: Ghostemane - Black Blood - [rf.ebanina.ebanina.Music.lambda$start$2(Music.java:359)] :: 2026-03-07T17:05:47.760021900[INFO] (* ^ ω ^) / Main Loader Class \ (^ ω ^ *) Focus gained - App title restored
[INFO 2026-03-07T17:06:13.840637800] (* ^ ω ^) / Main Loader Class \ (^ ω ^ *) Focus lost - Track title: Ghostemane - Black Blood - [rf.ebanina.ebanina.Music.lambda$start$2(Music.java:359)] :: 2026-03-07T17:05:51.839303300[INFO] (* ^ ω ^) / Main Loader Class \ (^ ω ^ *) Focus gained - App title restored
[INFO 2026-03-07T17:06:39.346178600] (* ^ ω ^) / Main Loader Class \ (^ ω ^ *) Focus lost - Track title: Ghostemane - Black Blood - [rf.ebanina.ebanina.Music.lambda$start$2(Music.java:359)] :: 2026-03-07T17:06:14.699291400[INFO] (* ^ ω ^) / Main Loader Class \ (^ ω ^ *) Focus gained - App title restored
[INFO 2026-03-07T17:07:04.307297500] (* ^ ω ^) / Main Loader Class \ (^ ω ^ *) Focus lost - Track title: Ghostemane - Until the Light Takes Us - [rf.ebanina.ebanina.Music.lambda$start$2(Music.java:359)] :: 2026-03-07T17:06:51.748458500[INFO] (* ^ ω ^) / Main Loader Class \ (^ ω ^ *) Focus gained - App title restored
[INFO 2026-03-07T17:07:10.546780300] (* ^ ω ^) / Main Loader Class \ (^ ω ^ *) Focus lost - Track title: Ghostemane - Plagues - [rf.ebanina.ebanina.Music.lambda$start$2(Music.java:359)] :: 2026-03-07T17:07:09.380216400[INFO] (* ^ ω ^) / Main Loader Class \ (^ ω ^ *) Focus gained - App title restored
[INFO 2026-03-07T17:07:12.697435500] (* ^ ω ^) / Main Loader Class \ (^ ω ^ *) Focus lost - Track title: Ghostemane - Plagues - [rf.ebanina.ebanina.Music.lambda$start$2(Music.java:359)] :: 2026-03-07T17:07:11.331320400[INFO] (* ^ ω ^) / Main Loader Class \ (^ ω ^ *) Focus gained - App title restored
[INFO 2026-03-07T17:09:49.788312] (* ^ ω ^) / Main Loader Class \ (^ ω ^ *) Focus lost - Track title: Ghostemane - Plagues - [rf.ebanina.ebanina.Music.lambda$start$2(Music.java:359)] :: 2026-03-07T17:07:13.896471100[INFO] (* ^ ω ^) / Main Loader Class \ (^ ω ^ *) Focus gained - App title restored
[INFO 2026-03-07T17:40:37.357143700] (* ^ ω ^) / Main Loader Class \ (^ ω ^ *) Focus lost - Track title: Ghostemane - Plagues - [rf.ebanina.ebanina.Music.lambda$start$2(Music.java:359)] :: 2026-03-07T17:09:54.696916900[INFO] (* ^ ω ^) / Main Loader Class \ (^ ω ^ *) Focus gained - App title restored
[INFO 2026-03-07T17:40:42.533731800] (* ^ ω ^) / Main Loader Class \ (^ ω ^ *) Focus lost - Track title: Ghostemane - Polaris - [rf.ebanina.ebanina.Music.lambda$start$2(Music.java:359)] :: 2026-03-07T17:40:41.021187200[INFO] (* ^ ω ^) / Main Loader Class \ (^ ω ^ *) Focus gained - App title restored
[INFO 2026-03-07T17:42:31.229132800] (* ^ ω ^) / Main Loader Class \ (^ ω ^ *) Focus lost - Track title: Kordhell - Murder In My Mind - [rf.ebanina.ebanina.Music.lambda$start$2(Music.java:359)] :: 2026-03-07T17:41:00.504578100[INFO] (* ^ ω ^) / Main Loader Class \ (^ ω ^ *) Focus gained - App title restored
[INFO 2026-03-07T17:42:58.352463500] (* ^ ω ^) / Main Loader Class \ (^ ω ^ *) Focus lost - Track title: Kordhell - Murder In My Mind - [rf.ebanina.ebanina.Music.lambda$start$2(Music.java:359)] :: 2026-03-07T17:42:31.954489300[INFO] (* ^ ω ^) / Main Loader Class \ (^ ω ^ *) Focus gained - App title restored
[INFO 2026-03-07T17:43:22.717696300] (* ^ ω ^) / Main Loader Class \ (^ ω ^ *) Focus lost - Track title: Kordhell - Murder In My Mind - [rf.ebanina.ebanina.Music.lambda$start$2(Music.java:359)] :: 2026-03-07T17:42:58.644649400[INFO] (* ^ ω ^) / Main Loader Class \ (^ ω ^ *) Focus gained - App title restored
[INFO 2026-03-07T17:43:23.944551100] (* ^ ω ^) / Main Loader Class \ (^ ω ^ *) Focus lost - Track title: Dxrk ダーク, Kordhell - UNHOLY - [rf.ebanina.ebanina.Music.lambda$start$2(Music.java:359)] :: 2026-03-07T17:43:23.854267400[INFO] (* ^ ω ^) / Main Loader Class \ (^ ω ^ *) Focus gained - App title restored
[INFO 2026-03-07T17:43:33.467084100] (* ^ ω ^) / Main Loader Class \ (^ ω ^ *) Focus lost - Track title: Dxrk ダーク, Kordhell - UNHOLY - [rf.ebanina.ebanina.Music.lambda$start$2(Music.java:359)] :: 2026-03-07T17:43:25.895686[INFO] (* ^ ω ^) / Main Loader Class \ (^ ω ^ *) Focus gained - App title restored
[INFO 2026-03-07T17:45:15.421131600] (* ^ ω ^) / Main Loader Class \ (^ ω ^ *) Focus lost - Track title: my!lane - This Feeling - [rf.ebanina.ebanina.Music.lambda$start$2(Music.java:359)] :: 2026-03-07T17:43:38.460898400[INFO] (* ^ ω ^) / Main Loader Class \ (^ ω ^ *) Focus gained - App title restored
[INFO 2026-03-07T17:46:05.902172400] (* ^ ω ^) / Main Loader Class \ (^ ω ^ *) Focus lost - Track title: my!lane - This Feeling - [rf.ebanina.ebanina.Music.lambda$start$2(Music.java:359)] :: 2026-03-07T17:45:15.754359700[INFO] (* ^ ω ^) / Main Loader Class \ (^ ω ^ *) Focus gained - App title restored
SUCCESS: 78581 bytes
Preview: {"tracks":{"href":"https://api.spotify.com/v1/search?offset=0&limit=20&query=06.%20DJ%20Squeeky%20-%20Victim%20Of%20A%20%20Pimp%20Shit.wav&type=track&locale=*","limit":20,"next":"https://api.spotify.c
SUCCESS: 78581 bytes
Preview: {"tracks":{"href":"https://api.spotify.com/v1/search?offset=0&limit=20&query=06.%20DJ%20Squeeky%20-%20Victim%20Of%20A%20%20Pimp%20Shit.wav&type=track&locale=*","limit":20,"next":"https://api.spotify.c
[INFO 2026-03-07T17:47:04.118658500] (* ^ ω ^) / Main Loader Class \ (^ ω ^ *) Focus lost - Track title: KSLV Noh - Override - [rf.ebanina.ebanina.Music.lambda$start$2(Music.java:359)] :: 2026-03-07T17:46:19.960432100[INFO] (* ^ ω ^) / Main Loader Class \ (^ ω ^ *) Focus gained - App title restored
[INFO 2026-03-07T17:47:51.312249300] (* ^ ω ^) / Main Loader Class \ (^ ω ^ *) Focus lost - Track title: KSLV Noh - Override - [rf.ebanina.ebanina.Music.lambda$start$2(Music.java:359)] :: 2026-03-07T17:47:04.239364[INFO] (* ^ ω ^) / Main Loader Class \ (^ ω ^ *) Focus gained - App title restored
[INFO 2026-03-07T17:48:32.527100300] (* ^ ω ^) / Main Loader Class \ (^ ω ^ *) Focus lost - Track title: Scxr soul & Sx1nxwy - DEMONS IN MY SOUL - [rf.ebanina.ebanina.Music.lambda$start$2(Music.java:359)] :: 2026-03-07T17:48:23.191989100[INFO] (* ^ ω ^) / Main Loader Class \ (^ ω ^ *) Focus gained - App title restored
[INFO 2026-03-07T17:48:40.362131700] (* ^ ω ^) / Main Loader Class \ (^ ω ^ *) Focus lost - Track title: Scxr soul & Sx1nxwy - DEMONS IN MY SOUL - [rf.ebanina.ebanina.Music.lambda$start$2(Music.java:359)] :: 2026-03-07T17:48:33.061266300[INFO] (* ^ ω ^) / Main Loader Class \ (^ ω ^ *) Focus gained - App title restored
[INFO 2026-03-07T17:48:47.425243] (* ^ ω ^) / Main Loader Class \ (^ ω ^ *) Focus lost - Track title: KUTE - TECHNO KILLA - [rf.ebanina.ebanina.Music.lambda$start$2(Music.java:359)] :: 2026-03-07T17:48:43.463148[INFO] (* ^ ω ^) / Main Loader Class \ (^ ω ^ *) Focus gained - App title restored
[INFO 2026-03-07T17:49:02.820512800] (* ^ ω ^) / Main Loader Class \ (^ ω ^ *) Focus lost - Track title: KUTE - TECHNO KILLA - [rf.ebanina.ebanina.Music.lambda$start$2(Music.java:359)] :: 2026-03-07T17:48:48.011243100[INFO] (* ^ ω ^) / Main Loader Class \ (^ ω ^ *) Focus gained - App title restored
[INFO 2026-03-07T17:49:04.150121900] (* ^ ω ^) / Main Loader Class \ (^ ω ^ *) Focus lost - Track title: KUTE - TECHNO KILLA - [rf.ebanina.ebanina.Music.lambda$start$2(Music.java:359)] :: 2026-03-07T17:49:02.977433100[INFO] (* ^ ω ^) / Main Loader Class \ (^ ω ^ *) Focus gained - App title restored
[INFO 2026-03-07T17:49:26.082390300] (* ^ ω ^) / Main Loader Class \ (^ ω ^ *) Focus lost - Track title: KUTE - TECHNO KILLA - [rf.ebanina.ebanina.Music.lambda$start$2(Music.java:359)] :: 2026-03-07T17:49:04.801109900[INFO] (* ^ ω ^) / Main Loader Class \ (^ ω ^ *) Focus gained - App title restored
[INFO 2026-03-07T17:49:46.973732300] (* ^ ω ^) / Main Loader Class \ (^ ω ^ *) Focus lost - Track title: KUTE - TECHNO KILLA - [rf.ebanina.ebanina.Music.lambda$start$2(Music.java:359)] :: 2026-03-07T17:49:26.438631[INFO] (* ^ ω ^) / Main Loader Class \ (^ ω ^ *) Focus gained - App title restored
[INFO 2026-03-07T17:50:03.800643400] (* ^ ω ^) / Main Loader Class \ (^ ω ^ *) Focus lost - Track title: KUTE - TECHNO KILLA - [rf.ebanina.ebanina.Music.lambda$start$2(Music.java:359)] :: 2026-03-07T17:49:47.310413[INFO] (* ^ ω ^) / Main Loader Class \ (^ ω ^ *) Focus gained - App title restored
[INFO 2026-03-07T17:50:11.313139] (* ^ ω ^) / Main Loader Class \ (^ ω ^ *) Focus lost - Track title: KUTE - TECHNO KILLA - [rf.ebanina.ebanina.Music.lambda$start$2(Music.java:359)] :: 2026-03-07T17:50:04.023093800[INFO] (* ^ ω ^) / Main Loader Class \ (^ ω ^ *) Focus gained - App title restored
[INFO 2026-03-07T17:50:31.809309400] (* ^ ω ^) / Main Loader Class \ (^ ω ^ *) Focus lost - Track title: KUTE - TECHNO KILLA - [rf.ebanina.ebanina.Music.lambda$start$2(Music.java:359)] :: 2026-03-07T17:50:11.461132300[INFO] (* ^ ω ^) / Main Loader Class \ (^ ω ^ *) Focus gained - App title restored
[INFO 2026-03-07T17:50:41.306069700] (* ^ ω ^) / Main Loader Class \ (^ ω ^ *) Focus lost - Track title: KUTE, Kordhell - Dead On Arrival - [rf.ebanina.ebanina.Music.lambda$start$2(Music.java:359)] :: 2026-03-07T17:50:36.123860800[INFO] (* ^ ω ^) / Main Loader Class \ (^ ω ^ *) Focus gained - App title restored
[INFO 2026-03-07T17:51:25.595062100] (* ^ ω ^) / Main Loader Class \ (^ ω ^ *) Focus lost - Track title: KUTE, Kordhell - Dead On Arrival - [rf.ebanina.ebanina.Music.lambda$start$2(Music.java:359)] :: 2026-03-07T17:50:41.959861[INFO] (* ^ ω ^) / Main Loader Class \ (^ ω ^ *) Focus gained - App title restored
[INFO 2026-03-07T17:51:45.407658500] (* ^ ω ^) / Main Loader Class \ (^ ω ^ *) Focus lost - Track title: KUTE, Kordhell - Dead On Arrival - [rf.ebanina.ebanina.Music.lambda$start$2(Music.java:359)] :: 2026-03-07T17:51:25.979226600[INFO] (* ^ ω ^) / Main Loader Class \ (^ ω ^ *) Focus gained - App title restored
[INFO 2026-03-07T17:51:54.771917300] (* ^ ω ^) / Main Loader Class \ (^ ω ^ *) Focus lost - Track title: KUTE, RAZIHEL - ANUBIS - [rf.ebanina.ebanina.Music.lambda$start$2(Music.java:359)] :: 2026-03-07T17:51:47.887565600[INFO] (* ^ ω ^) / Main Loader Class \ (^ ω ^ *) Focus gained - App title restored
[INFO 2026-03-07T17:52:18.534263200] (* ^ ω ^) / Main Loader Class \ (^ ω ^ *) Focus lost - Track title: Kordhell - Wig Split - [rf.ebanina.ebanina.Music.lambda$start$2(Music.java:359)] :: 2026-03-07T17:52:02.589914800[INFO] (* ^ ω ^) / Main Loader Class \ (^ ω ^ *) Focus gained - App title restored
[INFO 2026-03-07T17:52:45.540622100] (* ^ ω ^) / Main Loader Class \ (^ ω ^ *) Focus lost - Track title: GraveChill - Twilight - [rf.ebanina.ebanina.Music.lambda$start$2(Music.java:359)] :: 2026-03-07T17:52:42.272081[INFO] (* ^ ω ^) / Main Loader Class \ (^ ω ^ *) Focus gained - App title restored
[INFO 2026-03-07T17:52:57.377252600] (* ^ ω ^) / Main Loader Class \ (^ ω ^ *) Focus lost - Track title: GraveChill, JXXPSINNXR - ENDLESS VOID - [rf.ebanina.ebanina.Music.lambda$start$2(Music.java:359)] :: 2026-03-07T17:52:47.612081300[INFO] (* ^ ω ^) / Main Loader Class \ (^ ω ^ *) Focus gained - App title restored
[INFO 2026-03-07T17:53:02.167482] (* ^ ω ^) / Main Loader Class \ (^ ω ^ *) Focus lost - Track title: GraveChill, JXXPSINNXR - ENDLESS VOID - [rf.ebanina.ebanina.Music.lambda$start$2(Music.java:359)] :: 2026-03-07T17:52:57.527306100[INFO] (* ^ ω ^) / Main Loader Class \ (^ ω ^ *) Focus gained - App title restored
[INFO 2026-03-07T17:53:06.726156300] (* ^ ω ^) / Main Loader Class \ (^ ω ^ *) Focus lost - Track title: GraveChill, JXXPSINNXR - ENDLESS VOID - [rf.ebanina.ebanina.Music.lambda$start$2(Music.java:359)] :: 2026-03-07T17:53:02.686333800[INFO] (* ^ ω ^) / Main Loader Class \ (^ ω ^ *) Focus gained - App title restored
[INFO 2026-03-07T17:55:02.501296] (* ^ ω ^) / Main Loader Class \ (^ ω ^ *) Focus lost - Track title: GraveChill, JXXPSINNXR - ENDLESS VOID - [rf.ebanina.ebanina.Music.lambda$start$2(Music.java:359)] :: 2026-03-07T17:53:06.884422200[INFO] (* ^ ω ^) / Main Loader Class \ (^ ω ^ *) Focus gained - App title restored
[INFO 2026-03-07T17:55:37.933100] (* ^ ω ^) / Main Loader Class \ (^ ω ^ *) Focus lost - Track title: SHPACKYOU - Paradise - [rf.ebanina.ebanina.Music.lambda$start$2(Music.java:359)] :: 2026-03-07T17:55:20.836628900[INFO] (* ^ ω ^) / Main Loader Class \ (^ ω ^ *) Focus gained - App title restored
[INFO 2026-03-07T17:56:02.086325] (* ^ ω ^) / Main Loader Class \ (^ ω ^ *) Focus lost - Track title: SHPACKYOU - Paradise - [rf.ebanina.ebanina.Music.lambda$start$2(Music.java:359)] :: 2026-03-07T17:55:38.253061200[INFO] (* ^ ω ^) / Main Loader Class \ (^ ω ^ *) Focus gained - App title restored
[INFO 2026-03-07T17:56:23.110071900] (* ^ ω ^) / Main Loader Class \ (^ ω ^ *) Focus lost - Track title: SHPACKYOU - Paradise - [rf.ebanina.ebanina.Music.lambda$start$2(Music.java:359)] :: 2026-03-07T17:56:02.217543200[INFO] (* ^ ω ^) / Main Loader Class \ (^ ω ^ *) Focus gained - App title restored
[INFO 2026-03-07T17:56:41.270063100] (* ^ ω ^) / Main Loader Class \ (^ ω ^ *) Focus lost - Track title: SHPACKYOU - Paradise - [rf.ebanina.ebanina.Music.lambda$start$2(Music.java:359)] :: 2026-03-07T17:56:23.373199200[INFO] (* ^ ω ^) / Main Loader Class \ (^ ω ^ *) Focus gained - App title restored
[INFO 2026-03-07T17:56:59.094318300] (* ^ ω ^) / Main Loader Class \ (^ ω ^ *) Focus lost - Track title: SHPACKYOU - Paradise - [rf.ebanina.ebanina.Music.lambda$start$2(Music.java:359)] :: 2026-03-07T17:56:41.466208[INFO] (* ^ ω ^) / Main Loader Class \ (^ ω ^ *) Focus gained - App title restored
[INFO 2026-03-07T17:58:12.711996400] (* ^ ω ^) / Main Loader Class \ (^ ω ^ *) Focus lost - Track title: SHPACKYOU$ - - Wrong Way - [rf.ebanina.ebanina.Music.lambda$start$2(Music.java:359)] :: 2026-03-07T17:57:00.657688200[INFO] (* ^ ω ^) / Main Loader Class \ (^ ω ^ *) Focus gained - App title restored
[INFO 2026-03-07T17:58:38.159550700] (* ^ ω ^) / Main Loader Class \ (^ ω ^ *) Focus lost - Track title: DVRST, mylane - Close Feeling - [rf.ebanina.ebanina.Music.lambda$start$2(Music.java:359)] :: 2026-03-07T17:58:22.407193800[INFO] (* ^ ω ^) / Main Loader Class \ (^ ω ^ *) Focus gained - App title restored
[INFO 2026-03-07T17:58:49.565189] (* ^ ω ^) / Main Loader Class \ (^ ω ^ *) Focus lost - Track title: DVRST, mylane - Close Feeling - [rf.ebanina.ebanina.Music.lambda$start$2(Music.java:359)] :: 2026-03-07T17:58:38.431066500[INFO] (* ^ ω ^) / Main Loader Class \ (^ ω ^ *) Focus gained - App title restored
[INFO 2026-03-07T17:59:03.805240600] (* ^ ω ^) / Main Loader Class \ (^ ω ^ *) Focus lost - Track title: DVRST, mylane - Close Feeling - [rf.ebanina.ebanina.Music.lambda$start$2(Music.java:359)] :: 2026-03-07T17:58:49.710406900[INFO] (* ^ ω ^) / Main Loader Class \ (^ ω ^ *) Focus gained - App title restored
[INFO 2026-03-07T17:59:38.393237200] (* ^ ω ^) / Main Loader Class \ (^ ω ^ *) Focus lost - Track title: DVRST, mylane - Close Feeling - [rf.ebanina.ebanina.Music.lambda$start$2(Music.java:359)] :: 2026-03-07T17:59:04.328351500[INFO] (* ^ ω ^) / Main Loader Class \ (^ ω ^ *) Focus gained - App title restored
[INFO 2026-03-07T17:59:48.367114700] (* ^ ω ^) / Main Loader Class \ (^ ω ^ *) Focus lost - Track title: DVRST, mylane - Close Feeling - [rf.ebanina.ebanina.Music.lambda$start$2(Music.java:359)] :: 2026-03-07T17:59:38.580205900[INFO] (* ^ ω ^) / Main Loader Class \ (^ ω ^ *) Focus gained - App title restored
[INFO 2026-03-07T17:59:54.144101700] (* ^ ω ^) / Main Loader Class \ (^ ω ^ *) Focus lost - Track title: DVRST - I'M SORRY - [rf.ebanina.ebanina.Music.lambda$start$2(Music.java:359)] :: 2026-03-07T17:59:49.741860100[INFO] (* ^ ω ^) / Main Loader Class \ (^ ω ^ *) Focus gained - App title restored
[INFO 2026-03-07T17:59:55.032192700] (* ^ ω ^) / Main Loader Class \ (^ ω ^ *) Focus lost - Track title: DVRST - I'M SORRY - [rf.ebanina.ebanina.Music.lambda$start$2(Music.java:359)] :: 2026-03-07T17:59:54.678216400[INFO] (* ^ ω ^) / Main Loader Class \ (^ ω ^ *) Focus gained - App title restored
[INFO 2026-03-07T18:00:07.413440400] (* ^ ω ^) / Main Loader Class \ (^ ω ^ *) Focus lost - Track title: DVRST - I'M SORRY - [rf.ebanina.ebanina.Music.lambda$start$2(Music.java:359)] :: 2026-03-07T17:59:58.126376700[INFO] (* ^ ω ^) / Main Loader Class \ (^ ω ^ *) Focus gained - App title restored
[INFO 2026-03-07T18:00:12.468367300] (* ^ ω ^) / Main Loader Class \ (^ ω ^ *) Focus lost - Track title: DVRST - I'M SORRY - [rf.ebanina.ebanina.Music.lambda$start$2(Music.java:359)] :: 2026-03-07T18:00:07.577149600[INFO] (* ^ ω ^) / Main Loader Class \ (^ ω ^ *) Focus gained - App title restored
[INFO 2026-03-07T18:00:32.788161900] (* ^ ω ^) / Main Loader Class \ (^ ω ^ *) Focus lost - Track title: DVRST - I'M SORRY - [rf.ebanina.ebanina.Music.lambda$start$2(Music.java:359)] :: 2026-03-07T18:00:12.592241700[INFO] (* ^ ω ^) / Main Loader Class \ (^ ω ^ *) Focus gained - App title restored
[INFO 2026-03-07T18:00:51.922240900] (* ^ ω ^) / Main Loader Class \ (^ ω ^ *) Focus lost - Track title: DVRST - I'M SORRY - [rf.ebanina.ebanina.Music.lambda$start$2(Music.java:359)] :: 2026-03-07T18:00:33.217411200[INFO] (* ^ ω ^) / Main Loader Class \ (^ ω ^ *) Focus gained - App title restored
[INFO 2026-03-07T18:02:05.194925100] (* ^ ω ^) / Main Loader Class \ (^ ω ^ *) Focus lost - Track title: DVRST - I'M SORRY - [rf.ebanina.ebanina.Music.lambda$start$2(Music.java:359)] :: 2026-03-07T18:00:52.126076200[INFO] (* ^ ω ^) / Main Loader Class \ (^ ω ^ *) Focus gained - App title restored
[INFO 2026-03-07T18:02:31.559192800] (* ^ ω ^) / Main Loader Class \ (^ ω ^ *) Focus lost - Track title: DVRST - I'M SORRY - [rf.ebanina.ebanina.Music.lambda$start$2(Music.java:359)] :: 2026-03-07T18:02:07.573554200[INFO] (* ^ ω ^) / Main Loader Class \ (^ ω ^ *) Focus gained - App title restored
[INFO 2026-03-07T18:02:47.666133300] (* ^ ω ^) / Main Loader Class \ (^ ω ^ *) Focus lost - Track title: DVRST, OSTAVITSLED - Epiphany - [rf.ebanina.ebanina.Music.lambda$start$2(Music.java:359)] :: 2026-03-07T18:02:32.091272100[INFO] (* ^ ω ^) / Main Loader Class \ (^ ω ^ *) Focus gained - App title restored
[INFO 2026-03-07T18:02:59.968742100] (* ^ ω ^) / Main Loader Class \ (^ ω ^ *) Focus lost - Track title: DVRST, OSTAVITSLED - Epiphany - [rf.ebanina.ebanina.Music.lambda$start$2(Music.java:359)] :: 2026-03-07T18:02:47.906757200[INFO] (* ^ ω ^) / Main Loader Class \ (^ ω ^ *) Focus gained - App title restored
[INFO 2026-03-07T18:03:17.285346600] (* ^ ω ^) / Main Loader Class \ (^ ω ^ *) Focus lost - Track title: DVRST, OSTAVITSLED - Epiphany - [rf.ebanina.ebanina.Music.lambda$start$2(Music.java:359)] :: 2026-03-07T18:03:00.166721600[INFO] (* ^ ω ^) / Main Loader Class \ (^ ω ^ *) Focus gained - App title restored
[INFO 2026-03-07T18:03:18.943368800] (* ^ ω ^) / Main Loader Class \ (^ ω ^ *) Focus lost - Track title: DVRST, OSTAVITSLED - Epiphany - [rf.ebanina.ebanina.Music.lambda$start$2(Music.java:359)] :: 2026-03-07T18:03:17.660422300[INFO] (* ^ ω ^) / Main Loader Class \ (^ ω ^ *) Focus gained - App title restored
[INFO 2026-03-07T18:04:07.970252500] (* ^ ω ^) / Main Loader Class \ (^ ω ^ *) Focus lost - Track title: DVRST, OSTAVITSLED - Epiphany - [rf.ebanina.ebanina.Music.lambda$start$2(Music.java:359)] :: 2026-03-07T18:03:19.068487500[INFO] (* ^ ω ^) / Main Loader Class \ (^ ω ^ *) Focus gained - App title restored
[INFO 2026-03-07T18:04:12.272299600] (* ^ ω ^) / Main Loader Class \ (^ ω ^ *) Focus lost - Track title: DVRST - Dream Space (Sped Up) - [rf.ebanina.ebanina.Music.lambda$start$2(Music.java:359)] :: 2026-03-07T18:04:09.199094400[INFO] (* ^ ω ^) / Main Loader Class \ (^ ω ^ *) Focus gained - App title restored
[INFO 2026-03-07T18:04:23.818640200] (* ^ ω ^) / Main Loader Class \ (^ ω ^ *) Focus lost - Track title: DVRST - Dream Space (Sped Up) - [rf.ebanina.ebanina.Music.lambda$start$2(Music.java:359)] :: 2026-03-07T18:04:13.719363900[INFO] (* ^ ω ^) / Main Loader Class \ (^ ω ^ *) Focus gained - App title restored
[INFO 2026-03-07T18:04:43.900310900] (* ^ ω ^) / Main Loader Class \ (^ ω ^ *) Focus lost - Track title: DVRST - Dream Space (Sped Up) - [rf.ebanina.ebanina.Music.lambda$start$2(Music.java:359)] :: 2026-03-07T18:04:23.972922800[INFO] (* ^ ω ^) / Main Loader Class \ (^ ω ^ *) Focus gained - App title restored
[INFO 2026-03-07T18:06:30.644189700] (* ^ ω ^) / Main Loader Class \ (^ ω ^ *) Focus lost - Track title: DVRST - Dream Space (Sped Up) - [rf.ebanina.ebanina.Music.lambda$start$2(Music.java:359)] :: 2026-03-07T18:04:45.119848800[INFO] (* ^ ω ^) / Main Loader Class \ (^ ω ^ *) Focus gained - App title restored
SUCCESS: 75002 bytes
Preview: {"tracks":{"href":"https://api.spotify.com/v1/search?offset=0&limit=20&query=flanger.wav&type=track&locale=*","limit":20,"next":"https://api.spotify.com/v1/search?offset=20&limit=20&query=flanger.wav&
SUCCESS: 78798 bytes
Preview: {"tracks":{"href":"https://api.spotify.com/v1/search?offset=0&limit=20&query=Kordhell%20-%20Wig%20Split%20%28online-audio-converter.com%29.wav&type=track&locale=*","limit":20,"next":"https://api.spoti
SUCCESS: 74509 bytes
Preview: {"tracks":{"href":"https://api.spotify.com/v1/search?offset=0&limit=20&query=flanger.wav&type=track&locale=*","limit":20,"next":"https://api.spotify.com/v1/search?offset=20&limit=20&query=flanger.wav&
SUCCESS: 78798 bytes
Preview: {"tracks":{"href":"https://api.spotify.com/v1/search?offset=0&limit=20&query=Kordhell%20-%20Wig%20Split%20%28online-audio-converter.com%29.wav&type=track&locale=*","limit":20,"next":"https://api.spoti
[INFO 2026-03-07T18:08:14.042248500] (* ^ ω ^) / Main Loader Class \ (^ ω ^ *) Focus lost - Track title: MAXPVNK - Wind Of Change - [rf.ebanina.ebanina.Music.lambda$start$2(Music.java:359)] :: 2026-03-07T18:06:40.283279700[INFO] (* ^ ω ^) / Main Loader Class \ (^ ω ^ *) Focus gained - App title restored
[INFO 2026-03-07T18:08:21.983111400] (* ^ ω ^) / Main Loader Class \ (^ ω ^ *) Focus lost - Track title: plenka - Cascade - [rf.ebanina.ebanina.Music.lambda$start$2(Music.java:359)] :: 2026-03-07T18:08:20.563471300[INFO] (* ^ ω ^) / Main Loader Class \ (^ ω ^ *) Focus gained - App title restored
[INFO 2026-03-07T18:08:24.449191900] (* ^ ω ^) / Main Loader Class \ (^ ω ^ *) Focus lost - Track title: plenka - Cascade - [rf.ebanina.ebanina.Music.lambda$start$2(Music.java:359)] :: 2026-03-07T18:08:22.521261400[INFO] (* ^ ω ^) / Main Loader Class \ (^ ω ^ *) Focus gained - App title restored
[INFO 2026-03-07T18:08:50.678107400] (* ^ ω ^) / Main Loader Class \ (^ ω ^ *) Focus lost - Track title: DVRST - Close Eyes - [rf.ebanina.ebanina.Music.lambda$start$2(Music.java:359)] :: 2026-03-07T18:08:34.065142700[INFO] (* ^ ω ^) / Main Loader Class \ (^ ω ^ *) Focus gained - App title restored
[INFO 2026-03-07T18:09:22.090603700] (* ^ ω ^) / Main Loader Class \ (^ ω ^ *) Focus lost - Track title: DVRST - Close Eyes - [rf.ebanina.ebanina.Music.lambda$start$2(Music.java:359)] :: 2026-03-07T18:08:51.405680600[INFO] (* ^ ω ^) / Main Loader Class \ (^ ω ^ *) Focus gained - App title restored
[INFO 2026-03-07T18:09:40.105171300] (* ^ ω ^) / Main Loader Class \ (^ ω ^ *) Focus lost - Track title: DVRST - Close Eyes - [rf.ebanina.ebanina.Music.lambda$start$2(Music.java:359)] :: 2026-03-07T18:09:23.062073400[INFO] (* ^ ω ^) / Main Loader Class \ (^ ω ^ *) Focus gained - App title restored
[INFO 2026-03-07T18:09:43.483141100] (* ^ ω ^) / Main Loader Class \ (^ ω ^ *) Focus lost - Track title: DVRST - Close Eyes - [rf.ebanina.ebanina.Music.lambda$start$2(Music.java:359)] :: 2026-03-07T18:09:40.653223100[INFO] (* ^ ω ^) / Main Loader Class \ (^ ω ^ *) Focus gained - App title restored
[INFO 2026-03-07T18:10:12.539370200] (* ^ ω ^) / Main Loader Class \ (^ ω ^ *) Focus lost - Track title: DVRST - Close Eyes - [rf.ebanina.ebanina.Music.lambda$start$2(Music.java:359)] :: 2026-03-07T18:09:43.912074700[INFO] (* ^ ω ^) / Main Loader Class \ (^ ω ^ *) Focus gained - App title restored
[INFO 2026-03-07T18:10:28.489261600] (* ^ ω ^) / Main Loader Class \ (^ ω ^ *) Focus lost - Track title: DVRST - Close Eyes - [rf.ebanina.ebanina.Music.lambda$start$2(Music.java:359)] :: 2026-03-07T18:10:12.927495700[INFO] (* ^ ω ^) / Main Loader Class \ (^ ω ^ *) Focus gained - App title restored
[INFO 2026-03-07T18:17:59.144078700] (* ^ ω ^) / Main Loader Class \ (^ ω ^ *) Focus lost - Track title: glichery - - Heavenly Key - [rf.ebanina.ebanina.Music.lambda$start$2(Music.java:359)] :: 2026-03-07T18:10:34.169139500[INFO] (* ^ ω ^) / Main Loader Class \ (^ ω ^ *) Focus gained - App title restored
[INFO 2026-03-07T18:25:57.714110100] (* ^ ω ^) / Main Loader Class \ (^ ω ^ *) Focus lost - Track title: WEEDMANE, Suicideyear - SUICIDE YEAR - [rf.ebanina.ebanina.Music.lambda$start$2(Music.java:359)] :: 2026-03-07T18:18:06.763307600[INFO] (* ^ ω ^) / Main Loader Class \ (^ ω ^ *) Focus gained - App title restored
[INFO 2026-03-07T18:26:01.758122700] (* ^ ω ^) / Main Loader Class \ (^ ω ^ *) Focus lost - Track title: WEEDMANE, Suicideyear - SUICIDE YEAR - [rf.ebanina.ebanina.Music.lambda$start$2(Music.java:359)] :: 2026-03-07T18:25:59.463411[INFO] (* ^ ω ^) / Main Loader Class \ (^ ω ^ *) Focus gained - App title restored
[INFO 2026-03-07T18:26:40.345253500] (* ^ ω ^) / Main Loader Class \ (^ ω ^ *) Focus lost - Track title: WEEDMANE, Suicideyear - SUICIDE YEAR - [rf.ebanina.ebanina.Music.lambda$start$2(Music.java:359)] :: 2026-03-07T18:26:01.855471800[INFO] (* ^ ω ^) / Main Loader Class \ (^ ω ^ *) Focus gained - App title restored
SUCCESS: 77537 bytes
Preview: {"tracks":{"href":"https://api.spotify.com/v1/search?offset=0&limit=20&query=06.%20DJ%20Squeeky%20-%20Victim%20Of%20A%20%20Pimp%20Shit.wav&type=track&locale=*","limit":20,"next":"https://api.spotify.c
SUCCESS: 77537 bytes
Preview: {"tracks":{"href":"https://api.spotify.com/v1/search?offset=0&limit=20&query=06.%20DJ%20Squeeky%20-%20Victim%20Of%20A%20%20Pimp%20Shit.wav&type=track&locale=*","limit":20,"next":"https://api.spotify.c
SUCCESS: 77537 bytes
Preview: {"tracks":{"href":"https://api.spotify.com/v1/search?offset=0&limit=20&query=06.%20DJ%20Squeeky%20-%20Victim%20Of%20A%20%20Pimp%20Shit.wav&type=track&locale=*","limit":20,"next":"https://api.spotify.c
SUCCESS: 77537 bytes
Preview: {"tracks":{"href":"https://api.spotify.com/v1/search?offset=0&limit=20&query=06.%20DJ%20Squeeky%20-%20Victim%20Of%20A%20%20Pimp%20Shit.wav&type=track&locale=*","limit":20,"next":"https://api.spotify.c
[INFO 2026-03-07T18:26:58.741464300] (* ^ ω ^) / Main Loader Class \ (^ ω ^ *) Focus lost - Track title: Ghostemane - Euronymous - [rf.ebanina.ebanina.Music.lambda$start$2(Music.java:359)] :: 2026-03-07T18:26:49.591812700[INFO] (* ^ ω ^) / Main Loader Class \ (^ ω ^ *) Focus gained - App title restored
[INFO 2026-03-07T18:43:12.980551300] (* ^ ω ^) / Main Loader Class \ (^ ω ^ *) Focus lost - Track title: Ghostemane - Euronymous - [rf.ebanina.ebanina.Music.lambda$start$2(Music.java:359)] :: 2026-03-07T18:26:59.311342800[INFO] (* ^ ω ^) / Main Loader Class \ (^ ω ^ *) Focus gained - App title restored
[INFO 2026-03-07T18:43:15.437574100] (* ^ ω ^) / Main Loader Class \ (^ ω ^ *) Focus lost - Track title: Ghostemane - Hexada - [rf.ebanina.ebanina.Music.lambda$start$2(Music.java:359)] :: 2026-03-07T18:43:14.010848400[INFO] (* ^ ω ^) / Main Loader Class \ (^ ω ^ *) Focus gained - App title restored
[INFO 2026-03-07T18:43:23.219293300] (* ^ ω ^) / Main Loader Class \ (^ ω ^ *) Focus lost - Track title: Ghostemane - Nails - [rf.ebanina.ebanina.Music.lambda$start$2(Music.java:359)] :: 2026-03-07T18:43:22.133066900[INFO] (* ^ ω ^) / Main Loader Class \ (^ ω ^ *) Focus gained - App title restored
[INFO 2026-03-07T18:45:53.721445400] (* ^ ω ^) / Main Loader Class \ (^ ω ^ *) Focus lost - Track title: Ghostemane - Nails - [rf.ebanina.ebanina.Music.lambda$start$2(Music.java:359)] :: 2026-03-07T18:43:25.238360800[INFO] (* ^ ω ^) / Main Loader Class \ (^ ω ^ *) Focus gained - App title restored
[INFO 2026-03-07T18:46:25.568283700] (* ^ ω ^) / Main Loader Class \ (^ ω ^ *) Focus lost - Track title: Ghostemane - Nails - [rf.ebanina.ebanina.Music.lambda$start$2(Music.java:359)] :: 2026-03-07T18:45:57.857093900[INFO] (* ^ ω ^) / Main Loader Class \ (^ ω ^ *) Focus gained - App title restored
[INFO 2026-03-07T18:47:34.495287700] (* ^ ω ^) / Main Loader Class \ (^ ω ^ *) Focus lost - Track title: Ghostemane - Nails - [rf.ebanina.ebanina.Music.lambda$start$2(Music.java:359)] :: 2026-03-07T18:46:26.116075800[INFO] (* ^ ω ^) / Main Loader Class \ (^ ω ^ *) Focus gained - App title restored
[INFO 2026-03-07T18:50:56.080100100] (* ^ ω ^) / Main Loader Class \ (^ ω ^ *) Focus lost - Track title: Ghostemane - Rake - [rf.ebanina.ebanina.Music.lambda$start$2(Music.java:359)] :: 2026-03-07T18:47:40.157198[INFO] (* ^ ω ^) / Main Loader Class \ (^ ω ^ *) Focus gained - App title restored
[INFO 2026-03-07T18:52:43.140244700] (* ^ ω ^) / Main Loader Class \ (^ ω ^ *) Focus lost - Track title: Ghostemane - Somewhere Between Happiness and the Bottom of the Lake - [rf.ebanina.ebanina.Music.lambda$start$2(Music.java:359)] :: 2026-03-07T18:51:03.958462100[INFO] (* ^ ω ^) / Main Loader Class \ (^ ω ^ *) Focus gained - App title restored
[INFO 2026-03-07T18:52:53.239402] (* ^ ω ^) / Main Loader Class \ (^ ω ^ *) Focus lost - Track title: Sadfriendd, Towa - Pumpfake - [rf.ebanina.ebanina.Music.lambda$start$2(Music.java:359)] :: 2026-03-07T18:52:51.716150200[INFO] (* ^ ω ^) / Main Loader Class \ (^ ω ^ *) Focus gained - App title restored
[INFO 2026-03-07T18:53:57.779325100] (* ^ ω ^) / Main Loader Class \ (^ ω ^ *) Focus lost - Track title: Sadfriendd, Towa - Pumpfake - [rf.ebanina.ebanina.Music.lambda$start$2(Music.java:359)] :: 2026-03-07T18:52:53.759757400[INFO] (* ^ ω ^) / Main Loader Class \ (^ ω ^ *) Focus gained - App title restored
[INFO 2026-03-07T18:54:08.398306100] (* ^ ω ^) / Main Loader Class \ (^ ω ^ *) Focus lost - Track title: scarlxrd - Heart Attack - [rf.ebanina.ebanina.Music.lambda$start$2(Music.java:359)] :: 2026-03-07T18:54:01.942192700[INFO] (* ^ ω ^) / Main Loader Class \ (^ ω ^ *) Focus gained - App title restored
[INFO 2026-03-07T18:54:17.872463400] (* ^ ω ^) / Main Loader Class \ (^ ω ^ *) Focus lost - Track title: PLAYAPHONK - EXPLODING LIFE - [rf.ebanina.ebanina.Music.lambda$start$2(Music.java:359)] :: 2026-03-07T18:54:16.746346[INFO] (* ^ ω ^) / Main Loader Class \ (^ ω ^ *) Focus gained - App title restored
[INFO 2026-03-07T18:54:21.966504900] (* ^ ω ^) / Main Loader Class \ (^ ω ^ *) Focus lost - Track title: PlayaPhonk - KERAUNOS - [rf.ebanina.ebanina.Music.lambda$start$2(Music.java:359)] :: 2026-03-07T18:54:19.750398[INFO] (* ^ ω ^) / Main Loader Class \ (^ ω ^ *) Focus gained - App title restored
[INFO 2026-03-07T18:54:25.465690800] (* ^ ω ^) / Main Loader Class \ (^ ω ^ *) Focus lost - Track title: PlayaPhonk - KERAUNOS - [rf.ebanina.ebanina.Music.lambda$start$2(Music.java:359)] :: 2026-03-07T18:54:22.489538200[INFO] (* ^ ω ^) / Main Loader Class \ (^ ω ^ *) Focus gained - App title restored
[INFO 2026-03-07T18:56:55.148073200] (* ^ ω ^) / Main Loader Class \ (^ ω ^ *) Focus lost - Track title: PlayaPhonk - KERAUNOS - [rf.ebanina.ebanina.Music.lambda$start$2(Music.java:359)] :: 2026-03-07T18:54:25.582526[INFO] (* ^ ω ^) / Main Loader Class \ (^ ω ^ *) Focus gained - App title restored
[INFO 2026-03-07T18:57:04.083388500] (* ^ ω ^) / Main Loader Class \ (^ ω ^ *) Focus lost - Track title: Towa, DJ XBOX360, MASKFACE CRICK - GOT MY GLOCK - [rf.ebanina.ebanina.Music.lambda$start$2(Music.java:359)] :: 2026-03-07T18:57:01.941195500[INFO] (* ^ ω ^) / Main Loader Class \ (^ ω ^ *) Focus gained - App title restored
[INFO 2026-03-07T18:58:33.495443300] (* ^ ω ^) / Main Loader Class \ (^ ω ^ *) Focus lost - Track title: Towa, DJ XBOX360, MASKFACE CRICK - GOT MY GLOCK - [rf.ebanina.ebanina.Music.lambda$start$2(Music.java:359)] :: 2026-03-07T18:57:07.531215200[INFO] (* ^ ω ^) / Main Loader Class \ (^ ω ^ *) Focus gained - App title restored
[INFO 2026-03-07T18:59:53.841128800] (* ^ ω ^) / Main Loader Class \ (^ ω ^ *) Focus lost - Track title: SCXR SOUL, sxdboy - DEMONS IN MY SOUL 2  MEMPHIS HOUSE - [rf.ebanina.ebanina.Music.lambda$start$2(Music.java:359)] :: 2026-03-07T18:58:38.893201200[INFO] (* ^ ω ^) / Main Loader Class \ (^ ω ^ *) Focus gained - App title restored
[INFO 2026-03-07T19:01:08.005449300] (* ^ ω ^) / Main Loader Class \ (^ ω ^ *) Focus lost - Track title: SCXR SOUL, sxdboy - DEMONS IN MY SOUL 2  MEMPHIS HOUSE - [rf.ebanina.ebanina.Music.lambda$start$2(Music.java:359)] :: 2026-03-07T18:59:56.400124200[INFO] (* ^ ω ^) / Main Loader Class \ (^ ω ^ *) Focus gained - App title restored
