[INFO 2026-03-06T21:44:41.250773800] (* ^ ω ^) / Main Loader Class \ (^ ω ^ *) File logging initialized
[INFO 2026-03-06T21:44:41.374774800] (* ^ ω ^) / Main Loader Class \ (^ ω ^ *) Root stage reference set
[INFO 2026-03-06T21:44:41.464778300] (* ^ ω ^) / Main Loader Class \ (^ ω ^ *) Main scene created with root node
[INFO 2026-03-06T21:44:41.476770700] (* ^ ω ^) / Main Loader Class \ (^ ω ^ *) Stage configured with title: Ebanina (Mizuki): v1.4.7 - Mizuki - [rf.ebanina.ebanina.Music.start(Music.java:315)] :: 2026-03-06T21:44:41.468773300[INFO] (* ^ ω ^) / Main Loader Class \ (^ ω ^ *) Window geometry restored from session
[INFO 2026-03-06T21:44:41.856772800] (* ^ ω ^) / Main Loader Class \ (^ ω ^ *) Stage displayed with max constraints
[INFO 2026-03-06T21:44:41.859777500] (* ^ ω ^) / Main Loader Class \ (^ ω ^ *) Animations controller initialized
[INFO 2026-03-06T21:44:41.861788900] (* ^ ω ^) / Main Loader Class \ (^ ω ^ *) Exit event handler registered
[INFO 2026-03-06T21:44:41.994795200] (* ^ ω ^) / Main Loader Class \ (^ ω ^ *) Configuration FXML converter executed
[INFO 2026-03-06T21:44:41.995774700] (* ^ ω ^) / Main Loader Class \ (^ ω ^ *) Playlist cursorus prepare
[INFO 2026-03-06T21:44:42.089774] (* ^ ω ^) / Main Loader Class \ (^ ω ^ *) GlobalScreen native hook registered successfully
[INFO 2026-03-06T21:44:42.091780500] (* ^ ω ^) / Main Loader Class \ (^ ω ^ *) KeyBindingController initialized and listeners registered
[PROFILER 2026-03-06T21:44:42.099771400] (* ^ ω ^) / Main Loader Class \ (^ ω ^ *) 1_772_822_682_098 * Root UI initialization start
[PROFILER 2026-03-06T21:44:42.426771500] (* ^ ω ^) / Main Loader Class \ (^ ω ^ *) 1_772_822_682_423 (Δ 325 ms) * Root UI initialization complete
[INFO 2026-03-06T21:44:42.440776600] (* ^ ω ^) / Main Loader Class \ (^ ω ^ *) Media cache (global map) initialized
[INFO 2026-03-06T21:44:42.612771600] (* ^ ω ^) / Main Loader Class \ (^ ω ^ *) Current track media loaded
[INFO 2026-03-06T21:44:42.626783200] (* ^ ω ^) / Main Loader Class \ (^ ω ^ *) MediaPlayer updated with new track
[INFO 2026-03-06T21:44:43.136771600] (* ^ ω ^) / Main Loader Class \ (^ ω ^ *) Root UI final setup complete
[INFO 2026-03-06T21:44:43.213771700] (* ^ ω ^) / Main Loader Class \ (^ ω ^ *) All UI handlers initialized
[INFO 2026-03-06T21:44:43.217772300] (* ^ ω ^) / Main Loader Class \ (^ ω ^ *) MediaProcessor fully initialized
[INFO 2026-03-06T21:44:43.250773600] (* ^ ω ^) / Main Loader Class \ (^ ω ^ *) Scene finalized and key listeners setup
[INFO 2026-03-06T21:44:43.266772100] (* ^ ω ^) / Main Loader Class \ (^ ω ^ *) User session loaded
[INFO 2026-03-06T21:44:43.274773100] (* ^ ω ^) / Main Loader Class \ (^ ω ^ *) All mods loaded from folder
[INFO 2026-03-06T21:44:43.304038200] VST Host уже запущен на localhost:888
[INFO 2026-03-06T21:44:43.312771600] Подключение к VST Host установлено
[PROFILER 2026-03-06T21:44:43.314773] (* ^ ω ^) / Main Loader Class \ (^ ω ^ *) 1_772_822_683_314 (Δ 891 ms) * Application ENDUP Time
[WARN 2026-03-06T21:44:47.777889700] (* ^ ω ^) / Main Loader Class \ (^ ω ^ *) Focus listener error: icon can not be null. - [rf.ebanina.ebanina.Music.lambda$start$2(Music.java:367)] :: 2026-03-06T21:44:47.020777400[INFO] (* ^ ω ^) / Main Loader Class \ (^ ω ^ *) Focus gained - App title restored
SUCCESS: 77828 bytes
Preview: {"tracks":{"href":"https://api.spotify.com/v1/search?offset=0&limit=20&query=06.%20DJ%20Squeeky%20-%20Victim%20Of%20A%20%20Pimp%20Shit.wav&type=track&locale=*","limit":20,"next":"https://api.spotify.c
SUCCESS: 77828 bytes
Preview: {"tracks":{"href":"https://api.spotify.com/v1/search?offset=0&limit=20&query=06.%20DJ%20Squeeky%20-%20Victim%20Of%20A%20%20Pimp%20Shit.wav&type=track&locale=*","limit":20,"next":"https://api.spotify.c
[INFO 2026-03-06T21:45:10.771047600] (* ^ ω ^) / Main Loader Class \ (^ ω ^ *) Focus lost - Track title: Archez - Suxcess - [rf.ebanina.ebanina.Music.lambda$start$2(Music.java:358)] :: 2026-03-06T21:44:50.317250900[INFO] (* ^ ω ^) / Main Loader Class \ (^ ω ^ *) Focus gained - App title restored
