[INFO 2026-03-06T22:12:28.511547200] (* ^ ω ^) / Main Loader Class \ (^ ω ^ *) File logging initialized
[INFO 2026-03-06T22:12:28.623551900] (* ^ ω ^) / Main Loader Class \ (^ ω ^ *) Root stage reference set
[INFO 2026-03-06T22:12:28.703553700] (* ^ ω ^) / Main Loader Class \ (^ ω ^ *) Main scene created with root node
[INFO 2026-03-06T22:12:28.712546300] (* ^ ω ^) / Main Loader Class \ (^ ω ^ *) Stage configured with title: Ebanina (Mizuki): v1.4.7 - Mizuki - [rf.ebanina.ebanina.Music.start(Music.java:315)] :: 2026-03-06T22:12:28.706549[INFO] (* ^ ω ^) / Main Loader Class \ (^ ω ^ *) Window geometry restored from session
[INFO 2026-03-06T22:12:29.084097900] (* ^ ω ^) / Main Loader Class \ (^ ω ^ *) Stage displayed with max constraints
[INFO 2026-03-06T22:12:29.088100100] (* ^ ω ^) / Main Loader Class \ (^ ω ^ *) Animations controller initialized
[INFO 2026-03-06T22:12:29.091097300] (* ^ ω ^) / Main Loader Class \ (^ ω ^ *) Exit event handler registered
[INFO 2026-03-06T22:12:29.218098500] (* ^ ω ^) / Main Loader Class \ (^ ω ^ *) Configuration FXML converter executed
[INFO 2026-03-06T22:12:29.219097900] (* ^ ω ^) / Main Loader Class \ (^ ω ^ *) Playlist cursorus prepare
[INFO 2026-03-06T22:12:29.322655300] (* ^ ω ^) / Main Loader Class \ (^ ω ^ *) GlobalScreen native hook registered successfully
[INFO 2026-03-06T22:12:29.323657500] (* ^ ω ^) / Main Loader Class \ (^ ω ^ *) KeyBindingController initialized and listeners registered
[PROFILER 2026-03-06T22:12:29.330654] (* ^ ω ^) / Main Loader Class \ (^ ω ^ *) 1_772_824_349_329 * Root UI initialization start
[PROFILER 2026-03-06T22:12:29.964654800] (* ^ ω ^) / Main Loader Class \ (^ ω ^ *) 1_772_824_349_928 (Δ 599 ms) * Root UI initialization complete
[INFO 2026-03-06T22:12:29.995658100] (* ^ ω ^) / Main Loader Class \ (^ ω ^ *) Media cache (global map) initialized
[INFO 2026-03-06T22:12:30.276658] (* ^ ω ^) / Main Loader Class \ (^ ω ^ *) Current track media loaded
[INFO 2026-03-06T22:12:30.285655100] (* ^ ω ^) / Main Loader Class \ (^ ω ^ *) MediaPlayer updated with new track
[INFO 2026-03-06T22:12:31.055650800] (* ^ ω ^) / Main Loader Class \ (^ ω ^ *) Root UI final setup complete
[INFO 2026-03-06T22:12:31.092653600] (* ^ ω ^) / Main Loader Class \ (^ ω ^ *) All UI handlers initialized
[INFO 2026-03-06T22:12:31.093652100] (* ^ ω ^) / Main Loader Class \ (^ ω ^ *) MediaProcessor fully initialized
[INFO 2026-03-06T22:12:31.094886300] (* ^ ω ^) / Main Loader Class \ (^ ω ^ *) Scene finalized and key listeners setup
[INFO 2026-03-06T22:12:31.098674400] (* ^ ω ^) / Main Loader Class \ (^ ω ^ *) User session loaded
[INFO 2026-03-06T22:12:31.101654300] (* ^ ω ^) / Main Loader Class \ (^ ω ^ *) All mods loaded from folder
[INFO 2026-03-06T22:12:31.164996100] Запуск VST Host (localhost:888, буфер=512, каналы=2)...
[INFO]IPCHost: [INFO] ✓ VST Host started on localhost:888 - [rf.ebanina.vst.Host.main(Host.java:112)] :: 2026-03-06T22:12:31.854656100- [rf.ebanina.ebanina.Player.AudioPlugins.IPCHost.readHostOutput(IPCHost.java:181)] ::2026-03-06T22:12:31.859653200[INFO]IPCHost: [INFO] Waiting for connections... (Ctrl+C to stop) - [rf.ebanina.vst.Host.main(Host.java:113)] :: 2026-03-06T22:12:31.864658200- [rf.ebanina.ebanina.Player.AudioPlugins.IPCHost.readHostOutput(IPCHost.java:181)] ::2026-03-06T22:12:31.865652600[INFO]VST Host успешно запущен и подключён- [rf.ebanina.ebanina.Player.AudioPlugins.IPCHost.start(IPCHost.java:113)] ::2026-03-06T22:12:32.243287900[PROFILER](* ^ ω ^) / Main Loader Class \ (^ ω ^ *)1_772_824_352_245 (Δ 2317 ms) * Application ENDUP Time- [[INFO]IPCHost: [INFO] ✓ Client connected - [rf.ebanina.vst.Host.main(Host.java:125)] :: 2026-03-06T22:12:32.245293800- [rf.ebanina.ebanina.Music.start(Music.java:533)] ::rf.ebanina.ebanina.Player.AudioPlugins.IPCHost.readHostOutput(IPCHost.java:181)] ::2026-03-06T22:12:32.2452938002026-03-06T22:12:32.246286200[INFO]IPCHost: [INFO] Client disconnected. Waiting for next connection... - [rf.ebanina.vst.Host.main(Host.java:134)] :: 2026-03-06T22:12:32.247289900- [rf.ebanina.ebanina.Player.AudioPlugins.IPCHost.readHostOutput(IPCHost.java:181)] ::2026-03-06T22:12:32.248287800[INFO]IPCHost: [INFO] Client socket closed - [rf.ebanina.vst.Host.main(Host.java:295)] :: 2026-03-06T22:12:32.248287800- [rf.ebanina.ebanina.Player.AudioPlugins.IPCHost.readHostOutput(IPCHost.java:181)] ::2026-03-06T22:12:32.249286200[WARN](* ^ ω ^) / Main Loader Class \ (^ ω ^ *)Focus listener error: icon can not be null.- [rf.ebanina.ebanina.Music.lambda$start$2(Music.java:367)] ::2026-03-06T22:12:33.829495900[INFO](* ^ ω ^) / Main Loader Class \ (^ ω ^ *)Focus gained - App title restored- [rf.ebanina.ebanina.Music.lambda$start$2(Music.java:363)] ::2026-03-06T22:12:35.360167700[INFO]Подключение к VST Host установлено- [rf.ebanina.ebanina.Player.AudioPlugins.IPCHost.connect(IPCHost.java:211)] ::2026-03-06T22:12:35.452175300[INFO]IPCHost: [INFO] ✓ Client connected - [rf.ebanina.vst.Host.main(Host.java:125)] :: 2026-03-06T22:12:35.452175300- [rf.ebanina.ebanina.Player.AudioPlugins.IPCHost.readHostOutput(IPCHost.java:181)] ::2026-03-06T22:12:35.453173200[INFO]IPCHost: [INFO] Client disconnected. Waiting for next connection... - [rf.ebanina.vst.Host.main(Host.java:134)] :: 2026-03-06T22:12:35.455171400- [rf.ebanina.ebanina.Player.AudioPlugins.IPCHost.readHostOutput(IPCHost.java:181)] ::2026-03-06T22:12:35.456180300[INFO]IPCHost: [INFO] Client socket closed - [rf.ebanina.vst.Host.main(Host.java:295)] :: 2026-03-06T22:12:35.456180300- [rf.ebanina.ebanina.Player.AudioPlugins.IPCHost.readHostOutput(IPCHost.java:181)] ::2026-03-06T22:12:35.457171800[INFO]IPCHost: [INFO] ✓ Client connected - [rf.ebanina.vst.Host.main(Host.java:125)] :: 2026-03-06T22:12:35.457171800- [rf.ebanina.ebanina.Player.AudioPlugins.IPCHost.readHostOutput(IPCHost.java:181)] ::2026-03-06T22:12:35.458171600SUCCESS: 77828 bytes
Preview: {"tracks":{"href":"https://api.spotify.com/v1/search?offset=0&limit=20&query=06.%20DJ%20Squeeky%20-%20Victim%20Of%20A%20%20Pimp%20Shit.wav&type=track&locale=*","limit":20,"next":"https://api.spotify.c
SUCCESS: 77828 bytes
Preview: {"tracks":{"href":"https://api.spotify.com/v1/search?offset=0&limit=20&query=06.%20DJ%20Squeeky%20-%20Victim%20Of%20A%20%20Pimp%20Shit.wav&type=track&locale=*","limit":20,"next":"https://api.spotify.c
