[INFO 2026-03-06T21:43:48.789687800] (* ^ ω ^) / Main Loader Class \ (^ ω ^ *) File logging initialized
[INFO 2026-03-06T21:43:48.875807100] (* ^ ω ^) / Main Loader Class \ (^ ω ^ *) Root stage reference set
[INFO 2026-03-06T21:43:48.968807900] (* ^ ω ^) / Main Loader Class \ (^ ω ^ *) Main scene created with root node
[INFO 2026-03-06T21:43:48.983802600] (* ^ ω ^) / Main Loader Class \ (^ ω ^ *) Stage configured with title: Ebanina (Mizuki): v1.4.7 - Mizuki - [rf.ebanina.ebanina.Music.start(Music.java:315)] :: 2026-03-06T21:43:48.972811100[INFO] (* ^ ω ^) / Main Loader Class \ (^ ω ^ *) Window geometry restored from session
[INFO 2026-03-06T21:43:49.312805900] (* ^ ω ^) / Main Loader Class \ (^ ω ^ *) Stage displayed with max constraints
[INFO 2026-03-06T21:43:49.316805900] (* ^ ω ^) / Main Loader Class \ (^ ω ^ *) Animations controller initialized
[INFO 2026-03-06T21:43:49.318803] (* ^ ω ^) / Main Loader Class \ (^ ω ^ *) Exit event handler registered
[INFO 2026-03-06T21:43:49.480807500] (* ^ ω ^) / Main Loader Class \ (^ ω ^ *) Configuration FXML converter executed
[INFO 2026-03-06T21:43:49.481806800] (* ^ ω ^) / Main Loader Class \ (^ ω ^ *) Playlist cursorus prepare
[INFO 2026-03-06T21:43:49.562810300] (* ^ ω ^) / Main Loader Class \ (^ ω ^ *) GlobalScreen native hook registered successfully
[INFO 2026-03-06T21:43:49.565800900] (* ^ ω ^) / Main Loader Class \ (^ ω ^ *) KeyBindingController initialized and listeners registered
[PROFILER 2026-03-06T21:43:49.579811600] (* ^ ω ^) / Main Loader Class \ (^ ω ^ *) 1_772_822_629_577 * Root UI initialization start
[PROFILER 2026-03-06T21:43:50.463804300] (* ^ ω ^) / Main Loader Class \ (^ ω ^ *) 1_772_822_630_460 (Δ 883 ms) * Root UI initialization complete
[INFO 2026-03-06T21:43:50.557809200] (* ^ ω ^) / Main Loader Class \ (^ ω ^ *) Media cache (global map) initialized
[INFO 2026-03-06T21:43:50.766805700] (* ^ ω ^) / Main Loader Class \ (^ ω ^ *) Current track media loaded
[INFO 2026-03-06T21:43:50.774076] (* ^ ω ^) / Main Loader Class \ (^ ω ^ *) MediaPlayer updated with new track
[INFO 2026-03-06T21:43:51.091807100] (* ^ ω ^) / Main Loader Class \ (^ ω ^ *) Root UI final setup complete
[INFO 2026-03-06T21:43:51.136818100] (* ^ ω ^) / Main Loader Class \ (^ ω ^ *) All UI handlers initialized
[INFO 2026-03-06T21:43:51.137820200] (* ^ ω ^) / Main Loader Class \ (^ ω ^ *) MediaProcessor fully initialized
[INFO 2026-03-06T21:43:51.138807300] (* ^ ω ^) / Main Loader Class \ (^ ω ^ *) Scene finalized and key listeners setup
[INFO 2026-03-06T21:43:51.156815600] (* ^ ω ^) / Main Loader Class \ (^ ω ^ *) User session loaded
[INFO 2026-03-06T21:43:51.160807700] (* ^ ω ^) / Main Loader Class \ (^ ω ^ *) All mods loaded from folder
[INFO 2026-03-06T21:43:51.275808] VST Host уже запущен на localhost:888
[INFO 2026-03-06T21:43:51.292810500] Подключение к VST Host установлено
[PROFILER 2026-03-06T21:43:51.301805400] (* ^ ω ^) / Main Loader Class \ (^ ω ^ *) 1_772_822_631_301 (Δ 841 ms) * Application ENDUP Time
[WARN 2026-03-06T21:43:54.455804500SUCCESS: 77828 bytes] (* ^ ω ^) / Main Loader Class \ (^ ω ^ *) Focus listener error: icon can not be null.
Preview: {"tracks":{"href":"https://api.spotify.com/v1/search?offset=0&limit=20&query=06.%20DJ%20Squeeky%20-%20Victim%20Of%20A%20%20Pimp%20Shit.wav&type=track&locale=*","limit":20,"next":"https://api.spotify.c
SUCCESS: 77828 bytes
Preview: {"tracks":{"href":"https://api.spotify.com/v1/search?offset=0&limit=20&query=06.%20DJ%20Squeeky%20-%20Victim%20Of%20A%20%20Pimp%20Shit.wav&type=track&locale=*","limit":20,"next":"https://api.spotify.c
[INFO 2026-03-06T21:44:01.453599200] (* ^ ω ^) / Main Loader Class \ (^ ω ^ *) Focus gained - App title restored
[INFO 2026-03-06T21:44:06.260830900] (* ^ ω ^) / Main Loader Class \ (^ ω ^ *) Focus lost - Track title: Archez - Suxcess - [rf.ebanina.ebanina.Music.lambda$start$2(Music.java:358)] :: 2026-03-06T21:44:03.443885500[INFO] (* ^ ω ^) / Main Loader Class \ (^ ω ^ *) Focus gained - App title restored
[INFO 2026-03-06T21:44:09.938216300] (* ^ ω ^) / Main Loader Class \ (^ ω ^ *) Focus lost - Track title: Archez - Suxcess - [rf.ebanina.ebanina.Music.lambda$start$2(Music.java:358)] :: 2026-03-06T21:44:07.094517[INFO] (* ^ ω ^) / Main Loader Class \ (^ ω ^ *) Focus gained - App title restored
[INFO 2026-03-06T21:44:23.495699400] (* ^ ω ^) / Main Loader Class \ (^ ω ^ *) Focus lost - Track title: Archez - Suxcess - [rf.ebanina.ebanina.Music.lambda$start$2(Music.java:358)] :: 2026-03-06T21:44:10.564915600[INFO] (* ^ ω ^) / Main Loader Class \ (^ ω ^ *) Focus gained - App title restored
