[INFO 2026-03-06T22:26:20.205255400] (* ^ ω ^) / Main Loader Class \ (^ ω ^ *) File logging initialized
[INFO 2026-03-06T22:26:20.294257100] (* ^ ω ^) / Main Loader Class \ (^ ω ^ *) Root stage reference set
[INFO 2026-03-06T22:26:20.379256800] (* ^ ω ^) / Main Loader Class \ (^ ω ^ *) Main scene created with root node
[INFO 2026-03-06T22:26:20.393255100] (* ^ ω ^) / Main Loader Class \ (^ ω ^ *) Stage configured with title: Ebanina (Mizuki): v1.4.7 - Mizuki - [rf.ebanina.ebanina.Music.start(Music.java:315)] :: 2026-03-06T22:26:20.383253500[INFO] (* ^ ω ^) / Main Loader Class \ (^ ω ^ *) Window geometry restored from session
[INFO 2026-03-06T22:26:20.757256100] (* ^ ω ^) / Main Loader Class \ (^ ω ^ *) Stage displayed with max constraints
[INFO 2026-03-06T22:26:20.761259400] (* ^ ω ^) / Main Loader Class \ (^ ω ^ *) Animations controller initialized
[INFO 2026-03-06T22:26:20.763257800] (* ^ ω ^) / Main Loader Class \ (^ ω ^ *) Exit event handler registered
[INFO 2026-03-06T22:26:20.883255200] (* ^ ω ^) / Main Loader Class \ (^ ω ^ *) Configuration FXML converter executed
[INFO 2026-03-06T22:26:20.884494100] (* ^ ω ^) / Main Loader Class \ (^ ω ^ *) Playlist cursorus prepare
[INFO 2026-03-06T22:26:20.984254] (* ^ ω ^) / Main Loader Class \ (^ ω ^ *) GlobalScreen native hook registered successfully
[INFO 2026-03-06T22:26:20.986252700] (* ^ ω ^) / Main Loader Class \ (^ ω ^ *) KeyBindingController initialized and listeners registered
[PROFILER 2026-03-06T22:26:20.997254100] (* ^ ω ^) / Main Loader Class \ (^ ω ^ *) 1_772_825_180_996 * Root UI initialization start
[PROFILER 2026-03-06T22:26:21.356258900] (* ^ ω ^) / Main Loader Class \ (^ ω ^ *) 1_772_825_181_351 (Δ 355 ms) * Root UI initialization complete
[INFO 2026-03-06T22:26:21.375256400] (* ^ ω ^) / Main Loader Class \ (^ ω ^ *) Media cache (global map) initialized
[INFO 2026-03-06T22:26:21.629258100] (* ^ ω ^) / Main Loader Class \ (^ ω ^ *) Current track media loaded
[INFO 2026-03-06T22:26:21.633257400] (* ^ ω ^) / Main Loader Class \ (^ ω ^ *) MediaPlayer updated with new track
[INFO 2026-03-06T22:26:22.174258800] (* ^ ω ^) / Main Loader Class \ (^ ω ^ *) Root UI final setup complete
[INFO 2026-03-06T22:26:22.226256400] (* ^ ω ^) / Main Loader Class \ (^ ω ^ *) All UI handlers initialized
[INFO 2026-03-06T22:26:22.227256] (* ^ ω ^) / Main Loader Class \ (^ ω ^ *) MediaProcessor fully initialized
[INFO 2026-03-06T22:26:22.228257800] (* ^ ω ^) / Main Loader Class \ (^ ω ^ *) Scene finalized and key listeners setup
[INFO 2026-03-06T22:26:22.242258900] (* ^ ω ^) / Main Loader Class \ (^ ω ^ *) User session loaded
[INFO 2026-03-06T22:26:22.249264] (* ^ ω ^) / Main Loader Class \ (^ ω ^ *) All mods loaded from folder
[SUPPRESS 2026-03-06T22:26:22.263260500] (* ^ ω ^) / Main Loader Class \ (^ ω ^ *) {}
