[INFO 2026-03-06T22:33:43.631451900] (* ^ ω ^) / Main Loader Class \ (^ ω ^ *) File logging initialized
[INFO 2026-03-06T22:33:43.691449500] (* ^ ω ^) / Main Loader Class \ (^ ω ^ *) Root stage reference set
[INFO 2026-03-06T22:33:43.758451600] (* ^ ω ^) / Main Loader Class \ (^ ω ^ *) Main scene created with root node
[INFO 2026-03-06T22:33:43.773450700] (* ^ ω ^) / Main Loader Class \ (^ ω ^ *) Stage configured with title: Ebanina (Mizuki): v1.4.7 - Mizuki - [rf.ebanina.ebanina.Music.start(Music.java:316)] :: 2026-03-06T22:33:43.761452100[INFO] (* ^ ω ^) / Main Loader Class \ (^ ω ^ *) Window geometry restored from session
[INFO 2026-03-06T22:33:44.164451400] (* ^ ω ^) / Main Loader Class \ (^ ω ^ *) Stage displayed with max constraints
[INFO 2026-03-06T22:33:44.167451400] (* ^ ω ^) / Main Loader Class \ (^ ω ^ *) Animations controller initialized
[INFO 2026-03-06T22:33:44.169460400] (* ^ ω ^) / Main Loader Class \ (^ ω ^ *) Exit event handler registered
[INFO 2026-03-06T22:33:44.277451100] (* ^ ω ^) / Main Loader Class \ (^ ω ^ *) Configuration FXML converter executed
[INFO 2026-03-06T22:33:44.278451700] (* ^ ω ^) / Main Loader Class \ (^ ω ^ *) Playlist cursorus prepare
[INFO 2026-03-06T22:33:44.358452200] (* ^ ω ^) / Main Loader Class \ (^ ω ^ *) GlobalScreen native hook registered successfully
[INFO 2026-03-06T22:33:44.361450700] (* ^ ω ^) / Main Loader Class \ (^ ω ^ *) KeyBindingController initialized and listeners registered
[PROFILER 2026-03-06T22:33:44.370452100] (* ^ ω ^) / Main Loader Class \ (^ ω ^ *) 1_772_825_624_369 * Root UI initialization start
[PROFILER 2026-03-06T22:33:44.764454700] (* ^ ω ^) / Main Loader Class \ (^ ω ^ *) 1_772_825_624_761 (Δ 392 ms) * Root UI initialization complete
[INFO 2026-03-06T22:33:44.778450900] (* ^ ω ^) / Main Loader Class \ (^ ω ^ *) Media cache (global map) initialized
[INFO 2026-03-06T22:33:44.958453700] (* ^ ω ^) / Main Loader Class \ (^ ω ^ *) Current track media loaded
[INFO 2026-03-06T22:33:44.963451800] (* ^ ω ^) / Main Loader Class \ (^ ω ^ *) MediaPlayer updated with new track
[INFO 2026-03-06T22:33:45.415455800] (* ^ ω ^) / Main Loader Class \ (^ ω ^ *) Root UI final setup complete
[INFO 2026-03-06T22:33:45.536452100] (* ^ ω ^) / Main Loader Class \ (^ ω ^ *) All UI handlers initialized
[INFO 2026-03-06T22:33:45.537454800] (* ^ ω ^) / Main Loader Class \ (^ ω ^ *) MediaProcessor fully initialized
[INFO 2026-03-06T22:33:45.551452400] (* ^ ω ^) / Main Loader Class \ (^ ω ^ *) Scene finalized and key listeners setup
[INFO 2026-03-06T22:33:45.557452400] (* ^ ω ^) / Main Loader Class \ (^ ω ^ *) User session loaded
[INFO 2026-03-06T22:33:45.565452400] (* ^ ω ^) / Main Loader Class \ (^ ω ^ *) All mods loaded from folder
[ERROR 2026-03-06T22:33:45.580452600] (* ^ ω ^) / Main Loader Class \ (^ ω ^ *) Ошибка: Cannot invoke "java.nio.file.Path.getFileSystem()" because "path" is null
[PROFILER 2026-03-06T22:33:45.593452100] (* ^ ω ^) / Main Loader Class \ (^ ω ^ *) 1_772_825_625_593 (Δ 832 ms) * Application ENDUP Time
[WARN 2026-03-06T22:33:48.035987500SUCCESS: 77828 bytes] (* ^ ω ^) / Main Loader Class \ (^ ω ^ *) Focus listener error: icon can not be null.
Preview: {"tracks":{"href":"https://api.spotify.com/v1/search?offset=0&limit=20&query=06.%20DJ%20Squeeky%20-%20Victim%20Of%20A%20%20Pimp%20Shit.wav&type=track&locale=*","limit":20,"next":"https://api.spotify.c
SUCCESS: 77828 bytes
Preview: {"tracks":{"href":"https://api.spotify.com/v1/search?offset=0&limit=20&query=06.%20DJ%20Squeeky%20-%20Victim%20Of%20A%20%20Pimp%20Shit.wav&type=track&locale=*","limit":20,"next":"https://api.spotify.c
[INFO 2026-03-06T22:33:55.826454200] (* ^ ω ^) / Main Loader Class \ (^ ω ^ *) Focus gained - App title restored
