[INFO 2026-03-07T15:32:59.348181600] (* ^ ω ^) / Main Loader Class \ (^ ω ^ *) File logging initialized
[INFO 2026-03-07T15:32:59.442179600] (* ^ ω ^) / Main Loader Class \ (^ ω ^ *) Root stage reference set
[INFO 2026-03-07T15:32:59.524241200] (* ^ ω ^) / Main Loader Class \ (^ ω ^ *) Main scene created with root node
[INFO 2026-03-07T15:32:59.537239600] (* ^ ω ^) / Main Loader Class \ (^ ω ^ *) Stage configured with title: Ebanina (Mizuki): v1.4.7 - Mizuki - [rf.ebanina.ebanina.Music.start(Music.java:316)] :: 2026-03-07T15:32:59.528244200[INFO] (* ^ ω ^) / Main Loader Class \ (^ ω ^ *) Window geometry restored from session
[INFO 2026-03-07T15:32:59.779784500] (* ^ ω ^) / Main Loader Class \ (^ ω ^ *) Stage displayed with max constraints
[INFO 2026-03-07T15:32:59.782790200] (* ^ ω ^) / Main Loader Class \ (^ ω ^ *) Animations controller initialized
[INFO 2026-03-07T15:32:59.784785900] (* ^ ω ^) / Main Loader Class \ (^ ω ^ *) Exit event handler registered
[INFO 2026-03-07T15:32:59.920307900] (* ^ ω ^) / Main Loader Class \ (^ ω ^ *) Configuration FXML converter executed
[INFO 2026-03-07T15:32:59.921493600] (* ^ ω ^) / Main Loader Class \ (^ ω ^ *) Playlist cursorus prepare
[INFO 2026-03-07T15:33:00.356385500] (* ^ ω ^) / Main Loader Class \ (^ ω ^ *) GlobalScreen native hook registered successfully
[INFO 2026-03-07T15:33:00.358386500] (* ^ ω ^) / Main Loader Class \ (^ ω ^ *) KeyBindingController initialized and listeners registered
[PROFILER 2026-03-07T15:33:00.366386100] (* ^ ω ^) / Main Loader Class \ (^ ω ^ *) 1_772_886_780_365 * Root UI initialization start
[PROFILER 2026-03-07T15:33:00.808388] (* ^ ω ^) / Main Loader Class \ (^ ω ^ *) 1_772_886_780_804 (Δ 439 ms) * Root UI initialization complete
[INFO 2026-03-07T15:33:00.818387800] (* ^ ω ^) / Main Loader Class \ (^ ω ^ *) Media cache (global map) initialized
[INFO 2026-03-07T15:33:01.055391] (* ^ ω ^) / Main Loader Class \ (^ ω ^ *) Current track media loaded
[INFO 2026-03-07T15:33:01.063390100] (* ^ ω ^) / Main Loader Class \ (^ ω ^ *) MediaPlayer updated with new track
[INFO 2026-03-07T15:33:01.778396100] (* ^ ω ^) / Main Loader Class \ (^ ω ^ *) Root UI final setup complete
[INFO 2026-03-07T15:33:01.796392300] (* ^ ω ^) / Main Loader Class \ (^ ω ^ *) All UI handlers initialized
[INFO 2026-03-07T15:33:01.797394300] (* ^ ω ^) / Main Loader Class \ (^ ω ^ *) MediaProcessor fully initialized
[INFO 2026-03-07T15:33:01.797394300] (* ^ ω ^) / Main Loader Class \ (^ ω ^ *) Scene finalized and key listeners setup
[INFO 2026-03-07T15:33:01.805387700] (* ^ ω ^) / Main Loader Class \ (^ ω ^ *) User session loaded
[INFO 2026-03-07T15:33:01.807396700] (* ^ ω ^) / Main Loader Class \ (^ ω ^ *) All mods loaded from folder
[INFO 2026-03-07T15:33:01.871387600] Запуск VST Host (localhost:888, буфер=512, каналы=2)...
[INFO]IPCHost: [INFO] Host started on localhost:888 - [rf.ebanina.vst.Host.main(Host.java:102)] :: 2026-03-07T15:33:02.454391800- [rf.ebanina.ebanina.Player.AudioPlugins.IPCHost.readHostOutput(IPCHost.java:180)] ::2026-03-07T15:33:02.459393600[INFO]VST Host успешно запущен и подключён- [rf.ebanina.ebanina.Player.AudioPlugins.IPCHost.start(IPCHost.java:113)] ::2026-03-07T15:33:02.908390200[PROFILER](* ^ ω ^) / Main Loader Class \ (^ ω ^ *)1_772_886_782_909 (Δ 2105 ms) * Application ENDUP Time- [[INFO]IPCHost: [INFO] + Client connected - [rf.ebanina.vst.Host.main(Host.java:124)] :: 2026-03-07T15:33:02.909388500- [rf.ebanina.ebanina.Music.start(Music.java:539)] ::rf.ebanina.ebanina.Player.AudioPlugins.IPCHost.readHostOutput(IPCHost.java:180)] ::2026-03-07T15:33:02.9093885002026-03-07T15:33:02.910392200[INFO]IPCHost: [INFO] Client disconnected - [rf.ebanina.vst.Host.main(Host.java:134)] :: 2026-03-07T15:33:02.911392700- [rf.ebanina.ebanina.Player.AudioPlugins.IPCHost.readHostOutput(IPCHost.java:180)] ::2026-03-07T15:33:02.912389200[INFO]IPCHost: [INFO] Client socket closed - [rf.ebanina.vst.Host.main(Host.java:200)] :: 2026-03-07T15:33:02.912389200- [rf.ebanina.ebanina.Player.AudioPlugins.IPCHost.readHostOutput(IPCHost.java:180)] ::2026-03-07T15:33:02.913392100SUCCESS: 79320 bytes
Preview: {"tracks":{"href":"https://api.spotify.com/v1/search?offset=0&limit=20&query=06.%20DJ%20Squeeky%20-%20Victim%20Of%20A%20%20Pimp%20Shit.wav&type=track&locale=*","limit":20,"next":"https://api.spotify.c
[INFO](* ^ ω ^) / Main Loader Class \ (^ ω ^ *)Focus lost - Track title: OBLXKQ - SPACE WALK- [rf.ebanina.ebanina.Music.lambda$start$2(Music.java:359)] ::2026-03-07T15:33:06.929663[INFO](* ^ ω ^) / Main Loader Class \ (^ ω ^ *)Focus gained - App title restored- [rf.ebanina.ebanina.Music.lambda$start$2(Music.java:364)] ::2026-03-07T15:33:07.077375400SUCCESS: 79320 bytes
Preview: {"tracks":{"href":"https://api.spotify.com/v1/search?offset=0&limit=20&query=06.%20DJ%20Squeeky%20-%20Victim%20Of%20A%20%20Pimp%20Shit.wav&type=track&locale=*","limit":20,"next":"https://api.spotify.c
[INFO](* ^ ω ^) / Main Loader Class \ (^ ω ^ *)Focus lost - Track title: OBLXKQ - SPACE WALK- [rf.ebanina.ebanina.Music.lambda$start$2(Music.java:359)] ::2026-03-07T15:33:16.343214800[INFO](* ^ ω ^) / Main Loader Class \ (^ ω ^ *)Focus gained - App title restored- [rf.ebanina.ebanina.Music.lambda$start$2(Music.java:364)] ::2026-03-07T15:41:50.957157800