[INFO 2026-03-06T21:42:22.388937700] (* ^ ω ^) / Main Loader Class \ (^ ω ^ *) File logging initialized
[INFO 2026-03-06T21:42:22.474494300] (* ^ ω ^) / Main Loader Class \ (^ ω ^ *) Root stage reference set
[INFO 2026-03-06T21:42:22.563514100] (* ^ ω ^) / Main Loader Class \ (^ ω ^ *) Main scene created with root node
[INFO 2026-03-06T21:42:22.579508700] (* ^ ω ^) / Main Loader Class \ (^ ω ^ *) Stage configured with title: Ebanina (Mizuki): v1.4.7 - Mizuki - [rf.ebanina.ebanina.Music.start(Music.java:315)] :: 2026-03-06T21:42:22.567507400[INFO] (* ^ ω ^) / Main Loader Class \ (^ ω ^ *) Window geometry restored from session
[INFO 2026-03-06T21:42:22.874942700] (* ^ ω ^) / Main Loader Class \ (^ ω ^ *) Stage displayed with max constraints
[INFO 2026-03-06T21:42:22.878939900] (* ^ ω ^) / Main Loader Class \ (^ ω ^ *) Animations controller initialized
[INFO 2026-03-06T21:42:22.879940700] (* ^ ω ^) / Main Loader Class \ (^ ω ^ *) Exit event handler registered
[INFO 2026-03-06T21:42:23.002939100] (* ^ ω ^) / Main Loader Class \ (^ ω ^ *) Configuration FXML converter executed
[INFO 2026-03-06T21:42:23.003943800] (* ^ ω ^) / Main Loader Class \ (^ ω ^ *) Playlist cursorus prepare
[INFO 2026-03-06T21:42:23.089509600] (* ^ ω ^) / Main Loader Class \ (^ ω ^ *) GlobalScreen native hook registered successfully
[INFO 2026-03-06T21:42:23.090507500] (* ^ ω ^) / Main Loader Class \ (^ ω ^ *) KeyBindingController initialized and listeners registered
[PROFILER 2026-03-06T21:42:23.096270700] (* ^ ω ^) / Main Loader Class \ (^ ω ^ *) 1_772_822_543_096 * Root UI initialization start
[PROFILER 2026-03-06T21:42:23.358609500] (* ^ ω ^) / Main Loader Class \ (^ ω ^ *) 1_772_822_543_356 (Δ 260 ms) * Root UI initialization complete
[INFO 2026-03-06T21:42:23.365613100] (* ^ ω ^) / Main Loader Class \ (^ ω ^ *) Media cache (global map) initialized
[INFO 2026-03-06T21:42:23.462617300] (* ^ ω ^) / Main Loader Class \ (^ ω ^ *) Current track media loaded
[INFO 2026-03-06T21:42:23.465611900] (* ^ ω ^) / Main Loader Class \ (^ ω ^ *) MediaPlayer updated with new track
[INFO 2026-03-06T21:42:23.708611600] (* ^ ω ^) / Main Loader Class \ (^ ω ^ *) Root UI final setup complete
[INFO 2026-03-06T21:42:23.742615100] (* ^ ω ^) / Main Loader Class \ (^ ω ^ *) All UI handlers initialized
[INFO 2026-03-06T21:42:23.746618500] (* ^ ω ^) / Main Loader Class \ (^ ω ^ *) MediaProcessor fully initialized
[INFO 2026-03-06T21:42:23.748613400] (* ^ ω ^) / Main Loader Class \ (^ ω ^ *) Scene finalized and key listeners setup
[INFO 2026-03-06T21:42:23.771629600] (* ^ ω ^) / Main Loader Class \ (^ ω ^ *) User session loaded
[INFO 2026-03-06T21:42:23.777613900] (* ^ ω ^) / Main Loader Class \ (^ ω ^ *) All mods loaded from folder
[INFO 2026-03-06T21:42:23.812612900] VST Host уже запущен на localhost:888
[INFO 2026-03-06T21:42:23.817614] Подключение к VST Host установлено
[PROFILER 2026-03-06T21:42:23.818611100] (* ^ ω ^) / Main Loader Class \ (^ ω ^ *) 1_772_822_543_818 (Δ 462 ms) * Application ENDUP Time
SUCCESS: 77828 bytes
Preview: {"tracks":{"href":"https://api.spotify.com/v1/search?offset=0&limit=20&query=06.%20DJ%20Squeeky%20-%20Victim%20Of%20A%20%20Pimp%20Shit.wav&type=track&locale=*","limit":20,"next":"https://api.spotify.c
SUCCESS: 77828 bytes
Preview: {"tracks":{"href":"https://api.spotify.com/v1/search?offset=0&limit=20&query=06.%20DJ%20Squeeky%20-%20Victim%20Of%20A%20%20Pimp%20Shit.wav&type=track&locale=*","limit":20,"next":"https://api.spotify.c
[INFO 2026-03-06T21:43:10.492765600] (* ^ ω ^) / Main Loader Class \ (^ ω ^ *) Focus lost - Track title: Archez - Suxcess - [rf.ebanina.ebanina.Music.lambda$start$2(Music.java:358)] :: 2026-03-06T21:42:37.284677100[INFO] (* ^ ω ^) / Main Loader Class \ (^ ω ^ *) Focus gained - App title restored
