[INFO 2026-03-06T22:35:39.398182700] (* ^ ω ^) / Main Loader Class \ (^ ω ^ *) File logging initialized
[INFO 2026-03-06T22:35:39.442177800] (* ^ ω ^) / Main Loader Class \ (^ ω ^ *) Root stage reference set
[INFO 2026-03-06T22:35:39.491337200] (* ^ ω ^) / Main Loader Class \ (^ ω ^ *) Main scene created with root node
[INFO 2026-03-06T22:35:39.498381600] (* ^ ω ^) / Main Loader Class \ (^ ω ^ *) Stage configured with title: Ebanina (Mizuki): v1.4.7 - Mizuki - [rf.ebanina.ebanina.Music.start(Music.java:316)] :: 2026-03-06T22:35:39.493369800[INFO] (* ^ ω ^) / Main Loader Class \ (^ ω ^ *) Window geometry restored from session
[INFO 2026-03-06T22:35:39.751780500] (* ^ ω ^) / Main Loader Class \ (^ ω ^ *) Stage displayed with max constraints
[INFO 2026-03-06T22:35:39.755791100] (* ^ ω ^) / Main Loader Class \ (^ ω ^ *) Animations controller initialized
[INFO 2026-03-06T22:35:39.757782500] (* ^ ω ^) / Main Loader Class \ (^ ω ^ *) Exit event handler registered
[INFO 2026-03-06T22:35:39.855782600] (* ^ ω ^) / Main Loader Class \ (^ ω ^ *) Configuration FXML converter executed
[INFO 2026-03-06T22:35:39.855782600] (* ^ ω ^) / Main Loader Class \ (^ ω ^ *) Playlist cursorus prepare
[INFO 2026-03-06T22:35:39.932778] (* ^ ω ^) / Main Loader Class \ (^ ω ^ *) GlobalScreen native hook registered successfully
[INFO 2026-03-06T22:35:39.933779300] (* ^ ω ^) / Main Loader Class \ (^ ω ^ *) KeyBindingController initialized and listeners registered
[PROFILER 2026-03-06T22:35:39.938777200] (* ^ ω ^) / Main Loader Class \ (^ ω ^ *) 1_772_825_739_938 * Root UI initialization start
[PROFILER 2026-03-06T22:35:40.228331800] (* ^ ω ^) / Main Loader Class \ (^ ω ^ *) 1_772_825_740_226 (Δ 288 ms) * Root UI initialization complete
[INFO 2026-03-06T22:35:40.235332900] (* ^ ω ^) / Main Loader Class \ (^ ω ^ *) Media cache (global map) initialized
[INFO 2026-03-06T22:35:40.332878400] (* ^ ω ^) / Main Loader Class \ (^ ω ^ *) Current track media loaded
[INFO 2026-03-06T22:35:40.336876] (* ^ ω ^) / Main Loader Class \ (^ ω ^ *) MediaPlayer updated with new track
[INFO 2026-03-06T22:35:40.764873] (* ^ ω ^) / Main Loader Class \ (^ ω ^ *) Root UI final setup complete
[INFO 2026-03-06T22:35:40.790413500] (* ^ ω ^) / Main Loader Class \ (^ ω ^ *) All UI handlers initialized
[INFO 2026-03-06T22:35:40.791412900] (* ^ ω ^) / Main Loader Class \ (^ ω ^ *) MediaProcessor fully initialized
[INFO 2026-03-06T22:35:40.797415400] (* ^ ω ^) / Main Loader Class \ (^ ω ^ *) Scene finalized and key listeners setup
[INFO 2026-03-06T22:35:40.808421100] (* ^ ω ^) / Main Loader Class \ (^ ω ^ *) User session loaded
[INFO 2026-03-06T22:35:40.810420100] (* ^ ω ^) / Main Loader Class \ (^ ω ^ *) All mods loaded from folder
[INFO 2026-03-06T22:35:40.818419600] (* ^ ω ^) / Main Loader Class \ (^ ω ^ *) logs\out
[INFO 2026-03-06T22:35:40.870417700] VST Host уже запущен на localhost:888
[INFO 2026-03-06T22:35:40.872416200] Подключение к VST Host установлено
[PROFILER 2026-03-06T22:35:40.880416300] (* ^ ω ^) / Main Loader Class \ (^ ω ^ *) 1_772_825_740_880 (Δ 654 ms) * Application ENDUP Time
[INFO 2026-03-06T22:35:44.009970600SUCCESS: 77828 bytes] (* ^ ω ^) / Main Loader Class \ (^ ω ^ *) Focus lost - Track title: Archez - Suxcess
Preview: {"tracks":{"href":"https://api.spotify.com/v1/search?offset=0&limit=20&query=06.%20DJ%20Squeeky%20-%20Victim%20Of%20A%20%20Pimp%20Shit.wav&type=track&locale=*","limit":20,"next":"https://api.spotify.c
SUCCESS: 77828 bytes
Preview: {"tracks":{"href":"https://api.spotify.com/v1/search?offset=0&limit=20&query=06.%20DJ%20Squeeky%20-%20Victim%20Of%20A%20%20Pimp%20Shit.wav&type=track&locale=*","limit":20,"next":"https://api.spotify.c
[INFO 2026-03-06T22:35:53.027649300] (* ^ ω ^) / Main Loader Class \ (^ ω ^ *) Focus gained - App title restored
